#
# There is insufficient memory for the Java Runtime Environment to continue.
# Native memory allocation (malloc) failed to allocate 446016 bytes for Chunk::new
# Possible reasons:
#   The system is out of physical RAM or swap space
#   The process is running with CompressedOops enabled, and the Java Heap may be blocking the growth of the native heap
# Possible solutions:
#   Reduce memory load on the system
#   Increase physical memory or swap space
#   Check if swap backing store is full
#   Decrease Java heap size (-Xmx/-Xms)
#   Decrease number of Java threads
#   Decrease Java thread stack sizes (-Xss)
#   Set larger code cache with -XX:ReservedCodeCacheSize=
#   JVM is running with Unscaled Compressed Oops mode in which the Java heap is
#     placed in the first 4GB address space. The Java Heap base address is the
#     maximum limit for the native heap growth. Please use -XX:HeapBaseMinAddress
#     to set the Java Heap base and to place the Java Heap above 4GB virtual address.
# This output file may be truncated or incomplete.
#
#  Out of Memory Error (arena.cpp:191), pid=1116, tid=24720
#
# JRE version: OpenJDK Runtime Environment Temurin-17.0.10+7 (17.0.10+7) (build 17.0.10+7)
# Java VM: OpenJDK 64-Bit Server VM Temurin-17.0.10+7 (17.0.10+7, mixed mode, tiered, compressed oops, compressed class ptrs, parallel gc, windows-amd64)
# No core dump will be written. Minidumps are not enabled by default on client versions of Windows
#

---------------  S U M M A R Y ------------

Command Line: --add-modules=ALL-SYSTEM --add-opens=java.base/java.util=ALL-UNNAMED --add-opens=java.base/java.lang=ALL-UNNAMED --add-opens=java.base/sun.nio.fs=ALL-UNNAMED -Declipse.application=org.eclipse.jdt.ls.core.id1 -Dosgi.bundles.defaultStartLevel=4 -Declipse.product=org.eclipse.jdt.ls.core.product -Djava.import.generatesMetadataFilesAtProjectRoot=false -DDetectVMInstallationsJob.disabled=true -Dfile.encoding=utf8 -XX:+UseParallelGC -XX:GCTimeRatio=4 -XX:AdaptiveSizePolicyWeight=90 -Dsun.zip.disableMemoryMapping=true -Xmx1G -Xms100m -Xlog:disable -javaagent:c:\Users\Anoe\.vscode-insiders\extensions\redhat.java-1.28.1-win32-x64\lombok\lombok-1.18.31.jar -XX:+HeapDumpOnOutOfMemoryError -XX:HeapDumpPath=c:\Users\Anoe\AppData\Roaming\Code - Insiders\User\workspaceStorage\bde4a570759c72ed8cb912aa7c125bfd\redhat.java -Daether.dependencyCollector.impl=bf -Djdt.core.sharedIndexLocation=C:\Users\Anoe\AppData\Roaming\.jdt\index c:\Users\Anoe\.vscode-insiders\extensions\redhat.java-1.28.1-win32-x64\server\plugins\org.eclipse.equinox.launcher_1.6.700.v20231214-2017.jar -configuration c:\Users\Anoe\AppData\Roaming\Code - Insiders\User\globalStorage\redhat.java\1.28.1\config_win -data c:\Users\Anoe\AppData\Roaming\Code - Insiders\User\workspaceStorage\bde4a570759c72ed8cb912aa7c125bfd\redhat.java\jdt_ws --pipe=\\.\pipe\lsp-4cdeb2142cc5344864dbafaf9a73e3b5-sock

Host: Intel(R) Core(TM) i7-8550U CPU @ 1.80GHz, 8 cores, 15G,  Windows 11 , 64 bit Build 22621 (10.0.22621.3235)
Time: Sun Mar 17 18:12:43 2024 South Africa Standard Time elapsed time: 106.024571 seconds (0d 0h 1m 46s)

---------------  T H R E A D  ---------------

Current thread (0x00000235293cd7c0):  JavaThread "C2 CompilerThread0" daemon [_thread_in_native, id=24720, stack(0x0000009302a00000,0x0000009302b00000)]


Current CompileTask:
C2: 106024 9938 % !   4       java.io.BufferedReader::readLine @ 139 (327 bytes)

Stack: [0x0000009302a00000,0x0000009302b00000]
Native frames: (J=compiled Java code, j=interpreted, Vv=VM code, C=native code)
V  [jvm.dll+0x67d2c9]
V  [jvm.dll+0x834afa]
V  [jvm.dll+0x8365be]
V  [jvm.dll+0x836c23]
V  [jvm.dll+0x2477ff]
V  [jvm.dll+0xac514]
V  [jvm.dll+0xacb5c]
V  [jvm.dll+0x2aed1f]
V  [jvm.dll+0x584b67]
V  [jvm.dll+0x2228a2]
V  [jvm.dll+0x222c8f]
V  [jvm.dll+0x21bdb6]
V  [jvm.dll+0x219201]
V  [jvm.dll+0x1a502d]
V  [jvm.dll+0x2290de]
V  [jvm.dll+0x2272ac]
V  [jvm.dll+0x7e9bb7]
V  [jvm.dll+0x7e3fba]
V  [jvm.dll+0x67c1b5]
C  [ucrtbase.dll+0x29363]
C  [KERNEL32.DLL+0x1257d]
C  [ntdll.dll+0x5aa58]


---------------  P R O C E S S  ---------------

Threads class SMR info:
_java_thread_list=0x000002352dd0e1b0, length=60, elements={
0x00000235105f9220, 0x00000235293a5010, 0x00000235293a6710, 0x0000023524455eb0,
0x0000023524456c20, 0x0000023524458320, 0x00000235293c9ab0, 0x00000235293cd7c0,
0x00000235293e04b0, 0x000002352445cf50, 0x000002351065ae90, 0x000002352a7752a0,
0x000002352afd18a0, 0x000002352afa3590, 0x000002352b079fb0, 0x000002352b5a3d30,
0x000002352b1d37b0, 0x000002352b6ba3c0, 0x000002352b6b9eb0, 0x000002352b6ba8d0,
0x000002352b6b8a70, 0x000002352b6bade0, 0x000002352b6b8560, 0x000002352b6bb2f0,
0x000002352d702d20, 0x000002352d704160, 0x000002352d703740, 0x000002352d7055a0,
0x000002352d6ffa80, 0x000002352d705fc0, 0x000002352d7004a0, 0x000002352d6ff570,
0x000002352d704b80, 0x000002352d701df0, 0x000002352d7064d0, 0x000002352d7009b0,
0x000002352d700ec0, 0x000002352d705ab0, 0x000002352d6ff060, 0x000002352d7069e0,
0x000002352b6b8f80, 0x000002352d703230, 0x000002352f47c510, 0x000002352f480bf0,
0x000002352f47d950, 0x000002352f481610, 0x000002352f481b20, 0x000002352f4806e0,
0x000002352f4801d0, 0x000002352f47e370, 0x000002352f47f2a0, 0x000002352f47a6b0,
0x000002352f47de60, 0x000002352f47e880, 0x000002352f47baf0, 0x000002352f482030,
0x000002352f47abc0, 0x000002352f47b0d0, 0x000002352f47c000, 0x000002352f47ed90
}

Java Threads: ( => current thread )
  0x00000235105f9220 JavaThread "main" [_thread_blocked, id=2200, stack(0x0000009302000000,0x0000009302100000)]
  0x00000235293a5010 JavaThread "Reference Handler" daemon [_thread_blocked, id=3232, stack(0x0000009302400000,0x0000009302500000)]
  0x00000235293a6710 JavaThread "Finalizer" daemon [_thread_blocked, id=23368, stack(0x0000009302500000,0x0000009302600000)]
  0x0000023524455eb0 JavaThread "Signal Dispatcher" daemon [_thread_blocked, id=23428, stack(0x0000009302600000,0x0000009302700000)]
  0x0000023524456c20 JavaThread "Attach Listener" daemon [_thread_blocked, id=25224, stack(0x0000009302700000,0x0000009302800000)]
  0x0000023524458320 JavaThread "Service Thread" daemon [_thread_blocked, id=5304, stack(0x0000009302800000,0x0000009302900000)]
  0x00000235293c9ab0 JavaThread "Monitor Deflation Thread" daemon [_thread_blocked, id=4688, stack(0x0000009302900000,0x0000009302a00000)]
=>0x00000235293cd7c0 JavaThread "C2 CompilerThread0" daemon [_thread_in_native, id=24720, stack(0x0000009302a00000,0x0000009302b00000)]
  0x00000235293e04b0 JavaThread "C1 CompilerThread0" daemon [_thread_blocked, id=18504, stack(0x0000009302b00000,0x0000009302c00000)]
  0x000002352445cf50 JavaThread "Sweeper thread" daemon [_thread_blocked, id=6688, stack(0x0000009302c00000,0x0000009302d00000)]
  0x000002351065ae90 JavaThread "Common-Cleaner" daemon [_thread_blocked, id=3568, stack(0x0000009302d00000,0x0000009302e00000)]
  0x000002352a7752a0 JavaThread "Notification Thread" daemon [_thread_blocked, id=10180, stack(0x0000009302f00000,0x0000009303000000)]
  0x000002352afd18a0 JavaThread "Active Thread: Equinox Container: 5e1ea108-d86d-42bb-a983-d1ab0cae2f32" [_thread_blocked, id=19796, stack(0x0000009303100000,0x0000009303200000)]
  0x000002352afa3590 JavaThread "Framework Event Dispatcher: Equinox Container: 5e1ea108-d86d-42bb-a983-d1ab0cae2f32" daemon [_thread_blocked, id=26308, stack(0x0000009303900000,0x0000009303a00000)]
  0x000002352b079fb0 JavaThread "Start Level: Equinox Container: 5e1ea108-d86d-42bb-a983-d1ab0cae2f32" daemon [_thread_blocked, id=24468, stack(0x0000009303a00000,0x0000009303b00000)]
  0x000002352b5a3d30 JavaThread "Bundle File Closer" daemon [_thread_blocked, id=18288, stack(0x0000009303c00000,0x0000009303d00000)]
  0x000002352b1d37b0 JavaThread "SCR Component Actor" daemon [_thread_blocked, id=7908, stack(0x0000009303800000,0x0000009303900000)]
  0x000002352b6ba3c0 JavaThread "Worker-JM" [_thread_blocked, id=5316, stack(0x0000009302e00000,0x0000009302f00000)]
  0x000002352b6b9eb0 JavaThread "Worker-0" [_thread_blocked, id=11760, stack(0x0000009303e00000,0x0000009303f00000)]
  0x000002352b6ba8d0 JavaThread "Worker-1: Refreshing workspace" [_thread_blocked, id=23344, stack(0x0000009303f00000,0x0000009304000000)]
  0x000002352b6b8a70 JavaThread "Worker-2" [_thread_blocked, id=21544, stack(0x0000009304000000,0x0000009304100000)]
  0x000002352b6bade0 JavaThread "Worker-3: Synchronize Gradle projects with workspace" [_thread_blocked, id=2376, stack(0x0000009304300000,0x0000009304400000)]
  0x000002352b6b8560 JavaThread "Worker-4" [_thread_blocked, id=14552, stack(0x0000009304400000,0x0000009304500000)]
  0x000002352b6bb2f0 JavaThread "Java indexing" daemon [_thread_blocked, id=4020, stack(0x0000009304500000,0x0000009304600000)]
  0x000002352d702d20 JavaThread "JNA Cleaner" daemon [_thread_blocked, id=18888, stack(0x0000009304600000,0x0000009304700000)]
  0x000002352d704160 JavaThread "Thread-2" daemon [_thread_in_native, id=22168, stack(0x0000009304900000,0x0000009304a00000)]
  0x000002352d703740 JavaThread "Thread-3" daemon [_thread_in_native, id=9060, stack(0x0000009304a00000,0x0000009304b00000)]
  0x000002352d7055a0 JavaThread "Thread-4" daemon [_thread_in_native, id=12952, stack(0x0000009304b00000,0x0000009304c00000)]
  0x000002352d6ffa80 JavaThread "Thread-5" daemon [_thread_in_native, id=25032, stack(0x0000009304c00000,0x0000009304d00000)]
  0x000002352d705fc0 JavaThread "Thread-6" daemon [_thread_in_native, id=15468, stack(0x0000009304d00000,0x0000009304e00000)]
  0x000002352d7004a0 JavaThread "Thread-7" daemon [_thread_in_native, id=3988, stack(0x0000009304e00000,0x0000009304f00000)]
  0x000002352d6ff570 JavaThread "Thread-8" daemon [_thread_in_native, id=23992, stack(0x0000009304f00000,0x0000009305000000)]
  0x000002352d704b80 JavaThread "Thread-9" daemon [_thread_in_native, id=17984, stack(0x0000009305000000,0x0000009305100000)]
  0x000002352d701df0 JavaThread "Thread-10" daemon [_thread_in_native, id=20884, stack(0x0000009305100000,0x0000009305200000)]
  0x000002352d7064d0 JavaThread "pool-2-thread-1" [_thread_blocked, id=7480, stack(0x0000009305200000,0x0000009305300000)]
  0x000002352d7009b0 JavaThread "WorkspaceEventsHandler" [_thread_blocked, id=20032, stack(0x0000009305300000,0x0000009305400000)]
  0x000002352d700ec0 JavaThread "pool-1-thread-1" [_thread_blocked, id=6296, stack(0x0000009305400000,0x0000009305500000)]
  0x000002352d705ab0 JavaThread "Timer-0" [_thread_blocked, id=25364, stack(0x0000009305500000,0x0000009305600000)]
  0x000002352d6ff060 JavaThread "Timer-1" [_thread_blocked, id=22404, stack(0x0000009305600000,0x0000009305700000)]
  0x000002352d7069e0 JavaThread "Timer-2" [_thread_blocked, id=4316, stack(0x0000009303d00000,0x0000009303e00000)]
  0x000002352b6b8f80 JavaThread "Timer-3" [_thread_blocked, id=16676, stack(0x0000009304100000,0x0000009304200000)]
  0x000002352d703230 JavaThread "Timer-4" [_thread_blocked, id=21656, stack(0x0000009305700000,0x0000009305800000)]
  0x000002352f47c510 JavaThread "Timer-5" [_thread_blocked, id=5968, stack(0x0000009305b00000,0x0000009305c00000)]
  0x000002352f480bf0 JavaThread "Worker-5" [_thread_blocked, id=24072, stack(0x0000009305d00000,0x0000009305e00000)]
  0x000002352f47d950 JavaThread "Worker-6: Initialize workspace" [_thread_blocked, id=10528, stack(0x0000009305e00000,0x0000009305f00000)]
  0x000002352f481610 JavaThread "Timer-6" [_thread_blocked, id=10448, stack(0x0000009305f00000,0x0000009306000000)]
  0x000002352f481b20 JavaThread "Timer-7" [_thread_blocked, id=22612, stack(0x0000009306000000,0x0000009306100000)]
  0x000002352f4806e0 JavaThread "Timer-8" [_thread_blocked, id=9536, stack(0x0000009305c00000,0x0000009305d00000)]
  0x000002352f4801d0 JavaThread "Timer-9" [_thread_blocked, id=23840, stack(0x0000009306100000,0x0000009306200000)]
  0x000002352f47e370 JavaThread "Timer-10" [_thread_blocked, id=22900, stack(0x0000009306400000,0x0000009306500000)]
  0x000002352f47f2a0 JavaThread "Worker-7" [_thread_blocked, id=25868, stack(0x0000009306700000,0x0000009306800000)]
  0x000002352f47a6b0 JavaThread "ForkJoinPool.commonPool-worker-1" daemon [_thread_blocked, id=26784, stack(0x0000009306300000,0x0000009306400000)]
  0x000002352f47de60 JavaThread "ForkJoinPool.commonPool-worker-2" daemon [_thread_blocked, id=21236, stack(0x0000009306600000,0x0000009306700000)]
  0x000002352f47e880 JavaThread "Timer-11" [_thread_blocked, id=772, stack(0x0000009306800000,0x0000009306900000)]
  0x000002352f47baf0 JavaThread "Timer-12" [_thread_blocked, id=27448, stack(0x0000009304200000,0x0000009304300000)]
  0x000002352f482030 JavaThread "Timer-13" [_thread_blocked, id=27404, stack(0x0000009305900000,0x0000009305a00000)]
  0x000002352f47abc0 JavaThread "Timer-14" [_thread_blocked, id=25000, stack(0x0000009306200000,0x0000009306300000)]
  0x000002352f47b0d0 JavaThread "Timer-15" [_thread_blocked, id=10724, stack(0x0000009305a00000,0x0000009305b00000)]
  0x000002352f47c000 JavaThread "Connection worker" [_thread_in_native, id=3848, stack(0x0000009306500000,0x0000009306600000)]
  0x000002352f47ed90 JavaThread "pool-7-thread-1" [_thread_blocked, id=25604, stack(0x0000009306900000,0x0000009306a00000)]

Other Threads:
  0x0000023524445de0 VMThread "VM Thread" [stack: 0x0000009302300000,0x0000009302400000] [id=7820]
  0x000002352a667ed0 WatcherThread [stack: 0x0000009303000000,0x0000009303100000] [id=13084]
  0x000002351060cd60 GCTaskThread "GC Thread#0" [stack: 0x0000009302200000,0x0000009302300000] [id=24896]
  0x000002352adb6d00 GCTaskThread "GC Thread#1" [stack: 0x0000009303200000,0x0000009303300000] [id=22960]
  0x000002352adb6fc0 GCTaskThread "GC Thread#2" [stack: 0x0000009303300000,0x0000009303400000] [id=26020]
  0x000002352adb7280 GCTaskThread "GC Thread#3" [stack: 0x0000009303400000,0x0000009303500000] [id=23972]
  0x000002352adb7540 GCTaskThread "GC Thread#4" [stack: 0x0000009303500000,0x0000009303600000] [id=20304]
  0x000002352adb7800 GCTaskThread "GC Thread#5" [stack: 0x0000009303600000,0x0000009303700000] [id=12112]
  0x000002352ae72900 GCTaskThread "GC Thread#6" [stack: 0x0000009303700000,0x0000009303800000] [id=21564]
  0x000002352b2a8990 GCTaskThread "GC Thread#7" [stack: 0x0000009303b00000,0x0000009303c00000] [id=6308]

Threads with active compile tasks:
C2 CompilerThread0   106104 9938 % !   4       java.io.BufferedReader::readLine @ 139 (327 bytes)

VM state: not at safepoint (normal execution)

VM Mutex/Monitor currently owned by a thread: None

Heap address: 0x00000000c0000000, size: 1024 MB, Compressed Oops mode: 32-bit

CDS archive(s) not mapped
Compressed class space mapped at: 0x0000000100000000-0x0000000140000000, reserved size: 1073741824
Narrow klass base: 0x0000000000000000, Narrow klass shift: 3, Narrow klass range: 0x140000000

GC Precious Log:
 CPUs: 8 total, 8 available
 Memory: 16275M
 Large Page Support: Disabled
 NUMA Support: Disabled
 Compressed Oops: Enabled (32-bit)
 Alignments: Space 512K, Generation 512K, Heap 2M
 Heap Min Capacity: 100M
 Heap Initial Capacity: 100M
 Heap Max Capacity: 1G
 Pre-touch: Disabled
 Parallel Workers: 8

Heap:
 PSYoungGen      total 13312K, used 7304K [0x00000000eab00000, 0x00000000eba00000, 0x0000000100000000)
  eden space 12800K, 55% used [0x00000000eab00000,0x00000000eb1ea240,0x00000000eb780000)
  from space 512K, 43% used [0x00000000eb980000,0x00000000eb9b8000,0x00000000eba00000)
  to   space 512K, 0% used [0x00000000eb900000,0x00000000eb900000,0x00000000eb980000)
 ParOldGen       total 82432K, used 60891K [0x00000000c0000000, 0x00000000c5080000, 0x00000000eab00000)
  object space 82432K, 73% used [0x00000000c0000000,0x00000000c3b76fd0,0x00000000c5080000)
 Metaspace       used 70857K, committed 72000K, reserved 1114112K
  class space    used 8526K, committed 9024K, reserved 1048576K

Card table byte_map: [0x000002350ff90000,0x00000235101a0000] _byte_map_base: 0x000002350f990000

Marking Bits: (ParMarkBitMap*) 0x00007ff81945d7d0
 Begin Bits: [0x0000023522260000, 0x0000023523260000)
 End Bits:   [0x0000023523260000, 0x0000023524260000)

Polling page: 0x000002350fd80000

Metaspace:

Usage:
  Non-class:     60.87 MB used.
      Class:      8.33 MB used.
       Both:     69.20 MB used.

Virtual space:
  Non-class space:       64.00 MB reserved,      61.50 MB ( 96%) committed,  1 nodes.
      Class space:        1.00 GB reserved,       8.81 MB ( <1%) committed,  1 nodes.
             Both:        1.06 GB reserved,      70.31 MB (  6%) committed. 

Chunk freelists:
   Non-Class:  2.06 MB
       Class:  7.13 MB
        Both:  9.19 MB

MaxMetaspaceSize: unlimited
CompressedClassSpaceSize: 1.00 GB
Initial GC threshold: 21.00 MB
Current GC threshold: 114.81 MB
CDS: off
MetaspaceReclaimPolicy: balanced
 - commit_granule_bytes: 65536.
 - commit_granule_words: 8192.
 - virtual_space_node_default_size: 8388608.
 - enlarge_chunks_in_place: 1.
 - new_chunks_are_fully_committed: 0.
 - uncommit_free_chunks: 1.
 - use_allocation_guard: 0.
 - handle_deallocations: 1.


Internal statistics:

num_allocs_failed_limit: 9.
num_arena_births: 798.
num_arena_deaths: 14.
num_vsnodes_births: 2.
num_vsnodes_deaths: 0.
num_space_committed: 1125.
num_space_uncommitted: 0.
num_chunks_returned_to_freelist: 23.
num_chunks_taken_from_freelist: 3705.
num_chunk_merges: 14.
num_chunk_splits: 2266.
num_chunks_enlarged: 1325.
num_inconsistent_stats: 0.

CodeHeap 'non-profiled nmethods': size=120000Kb used=7081Kb max_used=7281Kb free=112918Kb
 bounds [0x000002351ad30000, 0x000002351b450000, 0x0000023522260000]
CodeHeap 'profiled nmethods': size=120000Kb used=14883Kb max_used=15648Kb free=105116Kb
 bounds [0x0000023513260000, 0x00000235141b0000, 0x000002351a790000]
CodeHeap 'non-nmethods': size=5760Kb used=1316Kb max_used=1411Kb free=4443Kb
 bounds [0x000002351a790000, 0x000002351aa00000, 0x000002351ad30000]
 total_blobs=8589 nmethods=7938 adapters=565
 compilation: enabled
              stopped_count=0, restarted_count=0
 full_count=0

Compilation events (20 events):
Event: 105.987 Thread 0x00000235293e04b0 nmethod 9934 0x0000023513485f90 code [0x00000235134862a0, 0x0000023513487598]
Event: 105.987 Thread 0x00000235293e04b0 9935       3       java.io.BufferedReader::ensureOpen (18 bytes)
Event: 105.987 Thread 0x00000235293e04b0 nmethod 9935 0x0000023513ed5990 code [0x0000023513ed5b40, 0x0000023513ed5d48]
Event: 105.988 Thread 0x00000235293cd7c0 9938 % !   4       java.io.BufferedReader::readLine @ 139 (327 bytes)
Event: 105.988 Thread 0x00000235293e04b0 9936       3       java.util.LinkedList::add (32 bytes)
Event: 105.988 Thread 0x00000235293e04b0 nmethod 9936 0x0000023513462e10 code [0x0000023513463020, 0x0000023513463528]
Event: 105.989 Thread 0x00000235293e04b0 9937       3       org.gradle.util.internal.LimitedDescription::append (33 bytes)
Event: 105.989 Thread 0x00000235293e04b0 nmethod 9937 0x0000023513a97b10 code [0x0000023513a97d60, 0x0000023513a984c8]
Event: 105.990 Thread 0x00000235293e04b0 9939       3       java.util.LinkedList::removeLast (23 bytes)
Event: 105.990 Thread 0x00000235293e04b0 nmethod 9939 0x0000023513a97610 code [0x0000023513a977c0, 0x0000023513a97a18]
Event: 105.990 Thread 0x00000235293e04b0 9942       3       java.util.LinkedList::linkBefore (63 bytes)
Event: 105.990 Thread 0x00000235293e04b0 nmethod 9942 0x00000235135c2d10 code [0x00000235135c2ec0, 0x00000235135c31d8]
Event: 105.990 Thread 0x00000235293e04b0 9941       3       java.util.LinkedList::unlinkLast (64 bytes)
Event: 105.990 Thread 0x00000235293e04b0 nmethod 9941 0x00000235135c2890 code [0x00000235135c2a20, 0x00000235135c2c18]
Event: 106.001 Thread 0x00000235293e04b0 9943       3       jdk.internal.misc.Unsafe::freeMemory (18 bytes)
Event: 106.003 Thread 0x00000235293e04b0 nmethod 9943 0x00000235135c2290 code [0x00000235135c2460, 0x00000235135c2738]
Event: 106.003 Thread 0x00000235293e04b0 9944       3       jdk.internal.misc.Unsafe::freeMemoryChecks (7 bytes)
Event: 106.003 Thread 0x00000235293e04b0 nmethod 9944 0x00000235135c1d90 code [0x00000235135c1f40, 0x00000235135c2138]
Event: 106.004 Thread 0x00000235293e04b0 9945       1       com.google.common.base.Present::get (5 bytes)
Event: 106.004 Thread 0x00000235293e04b0 nmethod 9945 0x000002351b274c10 code [0x000002351b274da0, 0x000002351b274e78]

GC Heap History (20 events):
Event: 94.237 GC heap before
{Heap before GC invocations=138 (full 4):
 PSYoungGen      total 13312K, used 13280K [0x00000000eab00000, 0x00000000eba80000, 0x0000000100000000)
  eden space 12800K, 100% used [0x00000000eab00000,0x00000000eb780000,0x00000000eb780000)
  from space 512K, 93% used [0x00000000eba00000,0x00000000eba78030,0x00000000eba80000)
  to   space 1024K, 0% used [0x00000000eb880000,0x00000000eb880000,0x00000000eb980000)
 ParOldGen       total 82432K, used 59843K [0x00000000c0000000, 0x00000000c5080000, 0x00000000eab00000)
  object space 82432K, 72% used [0x00000000c0000000,0x00000000c3a70f60,0x00000000c5080000)
 Metaspace       used 70748K, committed 71936K, reserved 1114112K
  class space    used 8507K, committed 9024K, reserved 1048576K
}
Event: 94.238 GC heap after
{Heap after GC invocations=138 (full 4):
 PSYoungGen      total 13824K, used 864K [0x00000000eab00000, 0x00000000eba80000, 0x0000000100000000)
  eden space 12800K, 0% used [0x00000000eab00000,0x00000000eab00000,0x00000000eb780000)
  from space 1024K, 84% used [0x00000000eb880000,0x00000000eb958000,0x00000000eb980000)
  to   space 1024K, 0% used [0x00000000eb980000,0x00000000eb980000,0x00000000eba80000)
 ParOldGen       total 82432K, used 59899K [0x00000000c0000000, 0x00000000c5080000, 0x00000000eab00000)
  object space 82432K, 72% used [0x00000000c0000000,0x00000000c3a7ef60,0x00000000c5080000)
 Metaspace       used 70748K, committed 71936K, reserved 1114112K
  class space    used 8507K, committed 9024K, reserved 1048576K
}
Event: 94.715 GC heap before
{Heap before GC invocations=139 (full 4):
 PSYoungGen      total 13824K, used 13664K [0x00000000eab00000, 0x00000000eba80000, 0x0000000100000000)
  eden space 12800K, 100% used [0x00000000eab00000,0x00000000eb780000,0x00000000eb780000)
  from space 1024K, 84% used [0x00000000eb880000,0x00000000eb958000,0x00000000eb980000)
  to   space 1024K, 0% used [0x00000000eb980000,0x00000000eb980000,0x00000000eba80000)
 ParOldGen       total 82432K, used 59899K [0x00000000c0000000, 0x00000000c5080000, 0x00000000eab00000)
  object space 82432K, 72% used [0x00000000c0000000,0x00000000c3a7ef60,0x00000000c5080000)
 Metaspace       used 70752K, committed 71936K, reserved 1114112K
  class space    used 8507K, committed 9024K, reserved 1048576K
}
Event: 94.716 GC heap after
{Heap after GC invocations=139 (full 4):
 PSYoungGen      total 13312K, used 160K [0x00000000eab00000, 0x00000000eba00000, 0x0000000100000000)
  eden space 12800K, 0% used [0x00000000eab00000,0x00000000eab00000,0x00000000eb780000)
  from space 512K, 31% used [0x00000000eb980000,0x00000000eb9a8000,0x00000000eba00000)
  to   space 512K, 0% used [0x00000000eb900000,0x00000000eb900000,0x00000000eb980000)
 ParOldGen       total 82432K, used 60651K [0x00000000c0000000, 0x00000000c5080000, 0x00000000eab00000)
  object space 82432K, 73% used [0x00000000c0000000,0x00000000c3b3afc0,0x00000000c5080000)
 Metaspace       used 70752K, committed 71936K, reserved 1114112K
  class space    used 8507K, committed 9024K, reserved 1048576K
}
Event: 104.071 GC heap before
{Heap before GC invocations=140 (full 4):
 PSYoungGen      total 13312K, used 12960K [0x00000000eab00000, 0x00000000eba00000, 0x0000000100000000)
  eden space 12800K, 100% used [0x00000000eab00000,0x00000000eb780000,0x00000000eb780000)
  from space 512K, 31% used [0x00000000eb980000,0x00000000eb9a8000,0x00000000eba00000)
  to   space 512K, 0% used [0x00000000eb900000,0x00000000eb900000,0x00000000eb980000)
 ParOldGen       total 82432K, used 60651K [0x00000000c0000000, 0x00000000c5080000, 0x00000000eab00000)
  object space 82432K, 73% used [0x00000000c0000000,0x00000000c3b3afc0,0x00000000c5080000)
 Metaspace       used 70754K, committed 71936K, reserved 1114112K
  class space    used 8507K, committed 9024K, reserved 1048576K
}
Event: 104.072 GC heap after
{Heap after GC invocations=140 (full 4):
 PSYoungGen      total 13312K, used 224K [0x00000000eab00000, 0x00000000eba00000, 0x0000000100000000)
  eden space 12800K, 0% used [0x00000000eab00000,0x00000000eab00000,0x00000000eb780000)
  from space 512K, 43% used [0x00000000eb900000,0x00000000eb938000,0x00000000eb980000)
  to   space 512K, 0% used [0x00000000eb980000,0x00000000eb980000,0x00000000eba00000)
 ParOldGen       total 82432K, used 60691K [0x00000000c0000000, 0x00000000c5080000, 0x00000000eab00000)
  object space 82432K, 73% used [0x00000000c0000000,0x00000000c3b44fc0,0x00000000c5080000)
 Metaspace       used 70754K, committed 71936K, reserved 1114112K
  class space    used 8507K, committed 9024K, reserved 1048576K
}
Event: 104.244 GC heap before
{Heap before GC invocations=141 (full 4):
 PSYoungGen      total 13312K, used 13024K [0x00000000eab00000, 0x00000000eba00000, 0x0000000100000000)
  eden space 12800K, 100% used [0x00000000eab00000,0x00000000eb780000,0x00000000eb780000)
  from space 512K, 43% used [0x00000000eb900000,0x00000000eb938000,0x00000000eb980000)
  to   space 512K, 0% used [0x00000000eb980000,0x00000000eb980000,0x00000000eba00000)
 ParOldGen       total 82432K, used 60691K [0x00000000c0000000, 0x00000000c5080000, 0x00000000eab00000)
  object space 82432K, 73% used [0x00000000c0000000,0x00000000c3b44fc0,0x00000000c5080000)
 Metaspace       used 70754K, committed 71936K, reserved 1114112K
  class space    used 8507K, committed 9024K, reserved 1048576K
}
Event: 104.245 GC heap after
{Heap after GC invocations=141 (full 4):
 PSYoungGen      total 13312K, used 192K [0x00000000eab00000, 0x00000000eba00000, 0x0000000100000000)
  eden space 12800K, 0% used [0x00000000eab00000,0x00000000eab00000,0x00000000eb780000)
  from space 512K, 37% used [0x00000000eb980000,0x00000000eb9b0000,0x00000000eba00000)
  to   space 512K, 0% used [0x00000000eb900000,0x00000000eb900000,0x00000000eb980000)
 ParOldGen       total 82432K, used 60731K [0x00000000c0000000, 0x00000000c5080000, 0x00000000eab00000)
  object space 82432K, 73% used [0x00000000c0000000,0x00000000c3b4efc0,0x00000000c5080000)
 Metaspace       used 70754K, committed 71936K, reserved 1114112K
  class space    used 8507K, committed 9024K, reserved 1048576K
}
Event: 104.412 GC heap before
{Heap before GC invocations=142 (full 4):
 PSYoungGen      total 13312K, used 12992K [0x00000000eab00000, 0x00000000eba00000, 0x0000000100000000)
  eden space 12800K, 100% used [0x00000000eab00000,0x00000000eb780000,0x00000000eb780000)
  from space 512K, 37% used [0x00000000eb980000,0x00000000eb9b0000,0x00000000eba00000)
  to   space 512K, 0% used [0x00000000eb900000,0x00000000eb900000,0x00000000eb980000)
 ParOldGen       total 82432K, used 60731K [0x00000000c0000000, 0x00000000c5080000, 0x00000000eab00000)
  object space 82432K, 73% used [0x00000000c0000000,0x00000000c3b4efc0,0x00000000c5080000)
 Metaspace       used 70755K, committed 71936K, reserved 1114112K
  class space    used 8507K, committed 9024K, reserved 1048576K
}
Event: 104.413 GC heap after
{Heap after GC invocations=142 (full 4):
 PSYoungGen      total 13312K, used 192K [0x00000000eab00000, 0x00000000eba00000, 0x0000000100000000)
  eden space 12800K, 0% used [0x00000000eab00000,0x00000000eab00000,0x00000000eb780000)
  from space 512K, 37% used [0x00000000eb900000,0x00000000eb930000,0x00000000eb980000)
  to   space 512K, 0% used [0x00000000eb980000,0x00000000eb980000,0x00000000eba00000)
 ParOldGen       total 82432K, used 60771K [0x00000000c0000000, 0x00000000c5080000, 0x00000000eab00000)
  object space 82432K, 73% used [0x00000000c0000000,0x00000000c3b58fc0,0x00000000c5080000)
 Metaspace       used 70755K, committed 71936K, reserved 1114112K
  class space    used 8507K, committed 9024K, reserved 1048576K
}
Event: 104.666 GC heap before
{Heap before GC invocations=143 (full 4):
 PSYoungGen      total 13312K, used 12992K [0x00000000eab00000, 0x00000000eba00000, 0x0000000100000000)
  eden space 12800K, 100% used [0x00000000eab00000,0x00000000eb780000,0x00000000eb780000)
  from space 512K, 37% used [0x00000000eb900000,0x00000000eb930000,0x00000000eb980000)
  to   space 512K, 0% used [0x00000000eb980000,0x00000000eb980000,0x00000000eba00000)
 ParOldGen       total 82432K, used 60771K [0x00000000c0000000, 0x00000000c5080000, 0x00000000eab00000)
  object space 82432K, 73% used [0x00000000c0000000,0x00000000c3b58fc0,0x00000000c5080000)
 Metaspace       used 70756K, committed 71936K, reserved 1114112K
  class space    used 8507K, committed 9024K, reserved 1048576K
}
Event: 104.667 GC heap after
{Heap after GC invocations=143 (full 4):
 PSYoungGen      total 13312K, used 160K [0x00000000eab00000, 0x00000000eba00000, 0x0000000100000000)
  eden space 12800K, 0% used [0x00000000eab00000,0x00000000eab00000,0x00000000eb780000)
  from space 512K, 31% used [0x00000000eb980000,0x00000000eb9a8000,0x00000000eba00000)
  to   space 512K, 0% used [0x00000000eb900000,0x00000000eb900000,0x00000000eb980000)
 ParOldGen       total 82432K, used 60779K [0x00000000c0000000, 0x00000000c5080000, 0x00000000eab00000)
  object space 82432K, 73% used [0x00000000c0000000,0x00000000c3b5afc0,0x00000000c5080000)
 Metaspace       used 70756K, committed 71936K, reserved 1114112K
  class space    used 8507K, committed 9024K, reserved 1048576K
}
Event: 105.071 GC heap before
{Heap before GC invocations=144 (full 4):
 PSYoungGen      total 13312K, used 12960K [0x00000000eab00000, 0x00000000eba00000, 0x0000000100000000)
  eden space 12800K, 100% used [0x00000000eab00000,0x00000000eb780000,0x00000000eb780000)
  from space 512K, 31% used [0x00000000eb980000,0x00000000eb9a8000,0x00000000eba00000)
  to   space 512K, 0% used [0x00000000eb900000,0x00000000eb900000,0x00000000eb980000)
 ParOldGen       total 82432K, used 60779K [0x00000000c0000000, 0x00000000c5080000, 0x00000000eab00000)
  object space 82432K, 73% used [0x00000000c0000000,0x00000000c3b5afc0,0x00000000c5080000)
 Metaspace       used 70756K, committed 71936K, reserved 1114112K
  class space    used 8507K, committed 9024K, reserved 1048576K
}
Event: 105.072 GC heap after
{Heap after GC invocations=144 (full 4):
 PSYoungGen      total 13312K, used 160K [0x00000000eab00000, 0x00000000eba00000, 0x0000000100000000)
  eden space 12800K, 0% used [0x00000000eab00000,0x00000000eab00000,0x00000000eb780000)
  from space 512K, 31% used [0x00000000eb900000,0x00000000eb928000,0x00000000eb980000)
  to   space 512K, 0% used [0x00000000eb980000,0x00000000eb980000,0x00000000eba00000)
 ParOldGen       total 82432K, used 60827K [0x00000000c0000000, 0x00000000c5080000, 0x00000000eab00000)
  object space 82432K, 73% used [0x00000000c0000000,0x00000000c3b66fd0,0x00000000c5080000)
 Metaspace       used 70756K, committed 71936K, reserved 1114112K
  class space    used 8507K, committed 9024K, reserved 1048576K
}
Event: 105.255 GC heap before
{Heap before GC invocations=145 (full 4):
 PSYoungGen      total 13312K, used 12960K [0x00000000eab00000, 0x00000000eba00000, 0x0000000100000000)
  eden space 12800K, 100% used [0x00000000eab00000,0x00000000eb780000,0x00000000eb780000)
  from space 512K, 31% used [0x00000000eb900000,0x00000000eb928000,0x00000000eb980000)
  to   space 512K, 0% used [0x00000000eb980000,0x00000000eb980000,0x00000000eba00000)
 ParOldGen       total 82432K, used 60827K [0x00000000c0000000, 0x00000000c5080000, 0x00000000eab00000)
  object space 82432K, 73% used [0x00000000c0000000,0x00000000c3b66fd0,0x00000000c5080000)
 Metaspace       used 70756K, committed 71936K, reserved 1114112K
  class space    used 8507K, committed 9024K, reserved 1048576K
}
Event: 105.256 GC heap after
{Heap after GC invocations=145 (full 4):
 PSYoungGen      total 13312K, used 256K [0x00000000eab00000, 0x00000000eba00000, 0x0000000100000000)
  eden space 12800K, 0% used [0x00000000eab00000,0x00000000eab00000,0x00000000eb780000)
  from space 512K, 50% used [0x00000000eb980000,0x00000000eb9c0000,0x00000000eba00000)
  to   space 512K, 0% used [0x00000000eb900000,0x00000000eb900000,0x00000000eb980000)
 ParOldGen       total 82432K, used 60835K [0x00000000c0000000, 0x00000000c5080000, 0x00000000eab00000)
  object space 82432K, 73% used [0x00000000c0000000,0x00000000c3b68fd0,0x00000000c5080000)
 Metaspace       used 70756K, committed 71936K, reserved 1114112K
  class space    used 8507K, committed 9024K, reserved 1048576K
}
Event: 105.403 GC heap before
{Heap before GC invocations=146 (full 4):
 PSYoungGen      total 13312K, used 13056K [0x00000000eab00000, 0x00000000eba00000, 0x0000000100000000)
  eden space 12800K, 100% used [0x00000000eab00000,0x00000000eb780000,0x00000000eb780000)
  from space 512K, 50% used [0x00000000eb980000,0x00000000eb9c0000,0x00000000eba00000)
  to   space 512K, 0% used [0x00000000eb900000,0x00000000eb900000,0x00000000eb980000)
 ParOldGen       total 82432K, used 60835K [0x00000000c0000000, 0x00000000c5080000, 0x00000000eab00000)
  object space 82432K, 73% used [0x00000000c0000000,0x00000000c3b68fd0,0x00000000c5080000)
 Metaspace       used 70758K, committed 71936K, reserved 1114112K
  class space    used 8507K, committed 9024K, reserved 1048576K
}
Event: 105.404 GC heap after
{Heap after GC invocations=146 (full 4):
 PSYoungGen      total 13312K, used 192K [0x00000000eab00000, 0x00000000eba00000, 0x0000000100000000)
  eden space 12800K, 0% used [0x00000000eab00000,0x00000000eab00000,0x00000000eb780000)
  from space 512K, 37% used [0x00000000eb900000,0x00000000eb930000,0x00000000eb980000)
  to   space 512K, 0% used [0x00000000eb980000,0x00000000eb980000,0x00000000eba00000)
 ParOldGen       total 82432K, used 60867K [0x00000000c0000000, 0x00000000c5080000, 0x00000000eab00000)
  object space 82432K, 73% used [0x00000000c0000000,0x00000000c3b70fd0,0x00000000c5080000)
 Metaspace       used 70758K, committed 71936K, reserved 1114112K
  class space    used 8507K, committed 9024K, reserved 1048576K
}
Event: 105.791 GC heap before
{Heap before GC invocations=147 (full 4):
 PSYoungGen      total 13312K, used 12992K [0x00000000eab00000, 0x00000000eba00000, 0x0000000100000000)
  eden space 12800K, 100% used [0x00000000eab00000,0x00000000eb780000,0x00000000eb780000)
  from space 512K, 37% used [0x00000000eb900000,0x00000000eb930000,0x00000000eb980000)
  to   space 512K, 0% used [0x00000000eb980000,0x00000000eb980000,0x00000000eba00000)
 ParOldGen       total 82432K, used 60867K [0x00000000c0000000, 0x00000000c5080000, 0x00000000eab00000)
  object space 82432K, 73% used [0x00000000c0000000,0x00000000c3b70fd0,0x00000000c5080000)
 Metaspace       used 70758K, committed 71936K, reserved 1114112K
  class space    used 8507K, committed 9024K, reserved 1048576K
}
Event: 105.792 GC heap after
{Heap after GC invocations=147 (full 4):
 PSYoungGen      total 13312K, used 224K [0x00000000eab00000, 0x00000000eba00000, 0x0000000100000000)
  eden space 12800K, 0% used [0x00000000eab00000,0x00000000eab00000,0x00000000eb780000)
  from space 512K, 43% used [0x00000000eb980000,0x00000000eb9b8000,0x00000000eba00000)
  to   space 512K, 0% used [0x00000000eb900000,0x00000000eb900000,0x00000000eb980000)
 ParOldGen       total 82432K, used 60891K [0x00000000c0000000, 0x00000000c5080000, 0x00000000eab00000)
  object space 82432K, 73% used [0x00000000c0000000,0x00000000c3b76fd0,0x00000000c5080000)
 Metaspace       used 70758K, committed 71936K, reserved 1114112K
  class space    used 8507K, committed 9024K, reserved 1048576K
}

Dll operation events (15 events):
Event: 0.018 Loaded shared library c:\Users\Anoe\.vscode-insiders\extensions\redhat.java-1.28.1-win32-x64\jre\17.0.10-win32-x86_64\bin\java.dll
Event: 0.348 Loaded shared library c:\Users\Anoe\.vscode-insiders\extensions\redhat.java-1.28.1-win32-x64\jre\17.0.10-win32-x86_64\bin\zip.dll
Event: 0.354 Loaded shared library C:\Users\Anoe\.vscode-insiders\extensions\redhat.java-1.28.1-win32-x64\jre\17.0.10-win32-x86_64\bin\instrument.dll
Event: 0.396 Loaded shared library C:\Users\Anoe\.vscode-insiders\extensions\redhat.java-1.28.1-win32-x64\jre\17.0.10-win32-x86_64\bin\net.dll
Event: 0.418 Loaded shared library C:\Users\Anoe\.vscode-insiders\extensions\redhat.java-1.28.1-win32-x64\jre\17.0.10-win32-x86_64\bin\nio.dll
Event: 0.431 Loaded shared library C:\Users\Anoe\.vscode-insiders\extensions\redhat.java-1.28.1-win32-x64\jre\17.0.10-win32-x86_64\bin\zip.dll
Event: 0.473 Loaded shared library C:\Users\Anoe\.vscode-insiders\extensions\redhat.java-1.28.1-win32-x64\jre\17.0.10-win32-x86_64\bin\jimage.dll
Event: 0.709 Loaded shared library c:\Users\Anoe\.vscode-insiders\extensions\redhat.java-1.28.1-win32-x64\jre\17.0.10-win32-x86_64\bin\verify.dll
Event: 2.972 Loaded shared library C:\Users\Anoe\AppData\Roaming\Code - Insiders\User\globalStorage\redhat.java\1.28.1\config_win\org.eclipse.equinox.launcher\org.eclipse.equinox.launcher.win32.win32.x86_64_1.2.900.v20240129-1338\eclipse_11900.dll
Event: 9.022 Loaded shared library C:\Users\Anoe\AppData\Local\Temp\jna-2045667\jna7546191148513326675.dll
Event: 11.639 Loaded shared library C:\Users\Anoe\.gradle\native\68d5fa5c4cc2d200863cafc0d521ce42e7d3e7ee720ec0a83991735586a16f82\windows-amd64\native-platform.dll
Event: 13.438 Loaded shared library C:\Users\Anoe\.vscode-insiders\extensions\redhat.java-1.28.1-win32-x64\jre\17.0.10-win32-x86_64\bin\management.dll
Event: 13.444 Loaded shared library C:\Users\Anoe\.vscode-insiders\extensions\redhat.java-1.28.1-win32-x64\jre\17.0.10-win32-x86_64\bin\management_ext.dll
Event: 23.820 Loaded shared library C:\Users\Anoe\.vscode-insiders\extensions\redhat.java-1.28.1-win32-x64\jre\17.0.10-win32-x86_64\bin\extnet.dll
Event: 23.901 Loaded shared library C:\Users\Anoe\.vscode-insiders\extensions\redhat.java-1.28.1-win32-x64\jre\17.0.10-win32-x86_64\bin\sunmscapi.dll

Deoptimization events (20 events):
Event: 105.948 Thread 0x000002352f47b0d0 Uncommon trap: trap_request=0xffffffb5 fr.pc=0x000002351b24f814 relative=0x0000000000006454
Event: 105.948 Thread 0x000002352f47b0d0 Uncommon trap: reason=unloaded action=reinterpret pc=0x000002351b24f814 method=sun.nio.ch.SocketChannelImpl.read(Ljava/nio/ByteBuffer;)I @ 194 c2
Event: 105.948 Thread 0x000002352f47b0d0 DEOPT PACKING pc=0x000002351b24f814 sp=0x00000093065fe710
Event: 105.948 Thread 0x000002352f47b0d0 DEOPT UNPACKING pc=0x000002351a7e66a3 sp=0x00000093065fe5b8 mode 2
Event: 105.948 Thread 0x000002352f47b0d0 Uncommon trap: trap_request=0xfffffff4 fr.pc=0x000002351b446f2c relative=0x0000000000000f8c
Event: 105.948 Thread 0x000002352f47b0d0 Uncommon trap: reason=null_check action=make_not_entrant pc=0x000002351b446f2c method=org.gradle.launcher.daemon.client.DaemonClientConnection.receive()Lorg/gradle/launcher/daemon/protocol/Message; @ 9 c2
Event: 105.948 Thread 0x000002352f47b0d0 DEOPT PACKING pc=0x000002351b446f2c sp=0x00000093065fe810
Event: 105.948 Thread 0x000002352f47b0d0 DEOPT UNPACKING pc=0x000002351a7e66a3 sp=0x00000093065fe828 mode 2
Event: 105.984 Thread 0x000002352f47b0d0 Uncommon trap: trap_request=0xffffff45 fr.pc=0x000002351b0aaf8c relative=0x0000000000000dec
Event: 105.984 Thread 0x000002352f47b0d0 Uncommon trap: reason=unstable_if action=reinterpret pc=0x000002351b0aaf8c method=java.io.BufferedReader.readLine(Z[Z)Ljava/lang/String; @ 209 c2
Event: 105.984 Thread 0x000002352f47b0d0 DEOPT PACKING pc=0x000002351b0aaf8c sp=0x00000093065fe620
Event: 105.984 Thread 0x000002352f47b0d0 DEOPT UNPACKING pc=0x000002351a7e66a3 sp=0x00000093065fe5c0 mode 2
Event: 105.993 Thread 0x000002352f47b0d0 Uncommon trap: trap_request=0xffffff45 fr.pc=0x000002351b41245c relative=0x000000000000005c
Event: 105.993 Thread 0x000002352f47b0d0 Uncommon trap: reason=unstable_if action=reinterpret pc=0x000002351b41245c method=java.util.LinkedList$ListItr.hasPrevious()Z @ 4 c2
Event: 105.993 Thread 0x000002352f47b0d0 DEOPT PACKING pc=0x000002351b41245c sp=0x00000093065fe600
Event: 105.993 Thread 0x000002352f47b0d0 DEOPT UNPACKING pc=0x000002351a7e66a3 sp=0x00000093065fe590 mode 2
Event: 105.996 Thread 0x000002352f47b0d0 Uncommon trap: trap_request=0xffffff45 fr.pc=0x000002351b23c478 relative=0x00000000000018f8
Event: 105.996 Thread 0x000002352f47b0d0 Uncommon trap: reason=unstable_if action=reinterpret pc=0x000002351b23c478 method=java.net.URI.appendAuthority(Ljava/lang/StringBuilder;Ljava/lang/String;Ljava/lang/String;Ljava/lang/String;I)V @ 133 c2
Event: 105.996 Thread 0x000002352f47b0d0 DEOPT PACKING pc=0x000002351b23c478 sp=0x00000093065fe510
Event: 105.996 Thread 0x000002352f47b0d0 DEOPT UNPACKING pc=0x000002351a7e66a3 sp=0x00000093065fe3d0 mode 2

Classes unloaded (7 events):
Event: 4.825 Thread 0x0000023524445de0 Unloading class 0x000000010024a400 'java/lang/invoke/LambdaForm$MH+0x000000010024a400'
Event: 4.825 Thread 0x0000023524445de0 Unloading class 0x000000010024a000 'java/lang/invoke/LambdaForm$MH+0x000000010024a000'
Event: 4.825 Thread 0x0000023524445de0 Unloading class 0x0000000100249c00 'java/lang/invoke/LambdaForm$MH+0x0000000100249c00'
Event: 4.825 Thread 0x0000023524445de0 Unloading class 0x0000000100249800 'java/lang/invoke/LambdaForm$MH+0x0000000100249800'
Event: 4.825 Thread 0x0000023524445de0 Unloading class 0x0000000100249400 'java/lang/invoke/LambdaForm$BMH+0x0000000100249400'
Event: 4.825 Thread 0x0000023524445de0 Unloading class 0x0000000100249000 'java/lang/invoke/LambdaForm$DMH+0x0000000100249000'
Event: 4.825 Thread 0x0000023524445de0 Unloading class 0x0000000100244400 'java/lang/invoke/LambdaForm$DMH+0x0000000100244400'

Classes redefined (0 events):
No events

Internal exceptions (20 events):
Event: 71.238 Thread 0x000002352b6b8560 Exception <a 'sun/nio/fs/WindowsException'{0x00000000eb3749d0}> (0x00000000eb3749d0) 
thrown [s\src\hotspot\share\prims\jni.cpp, line 516]
Event: 71.239 Thread 0x000002352b6b8560 Exception <a 'sun/nio/fs/WindowsException'{0x00000000eb37be00}> (0x00000000eb37be00) 
thrown [s\src\hotspot\share\prims\jni.cpp, line 516]
Event: 71.861 Thread 0x000002352b6b8560 Exception <a 'sun/nio/fs/WindowsException'{0x00000000eb5732e8}> (0x00000000eb5732e8) 
thrown [s\src\hotspot\share\prims\jni.cpp, line 516]
Event: 71.862 Thread 0x000002352b6b8560 Exception <a 'sun/nio/fs/WindowsException'{0x00000000eb579ee8}> (0x00000000eb579ee8) 
thrown [s\src\hotspot\share\prims\jni.cpp, line 516]
Event: 71.863 Thread 0x000002352b6b8560 Exception <a 'sun/nio/fs/WindowsException'{0x00000000eb580f28}> (0x00000000eb580f28) 
thrown [s\src\hotspot\share\prims\jni.cpp, line 516]
Event: 71.864 Thread 0x000002352b6b8560 Exception <a 'sun/nio/fs/WindowsException'{0x00000000eb587d10}> (0x00000000eb587d10) 
thrown [s\src\hotspot\share\prims\jni.cpp, line 516]
Event: 71.864 Thread 0x000002352b6b8560 Exception <a 'sun/nio/fs/WindowsException'{0x00000000eb58f810}> (0x00000000eb58f810) 
thrown [s\src\hotspot\share\prims\jni.cpp, line 516]
Event: 71.880 Thread 0x000002352b6b8560 Exception <a 'sun/nio/fs/WindowsException'{0x00000000eb5c9618}> (0x00000000eb5c9618) 
thrown [s\src\hotspot\share\prims\jni.cpp, line 516]
Event: 71.888 Thread 0x000002352b6b8560 Exception <a 'sun/nio/fs/WindowsException'{0x00000000eb5edde8}> (0x00000000eb5edde8) 
thrown [s\src\hotspot\share\prims\jni.cpp, line 516]
Event: 72.013 Thread 0x000002352d700ec0 Exception <a 'sun/nio/fs/WindowsException'{0x00000000eab9db28}> (0x00000000eab9db28) 
thrown [s\src\hotspot\share\prims\jni.cpp, line 516]
Event: 72.023 Thread 0x000002352d700ec0 Exception <a 'sun/nio/fs/WindowsException'{0x00000000eabc54d0}> (0x00000000eabc54d0) 
thrown [s\src\hotspot\share\prims\jni.cpp, line 516]
Event: 72.028 Thread 0x000002352d700ec0 Exception <a 'java/lang/NoSuchMethodError'{0x00000000eabdcd78}: 'java.lang.Object java.lang.invoke.DirectMethodHandle$Holder.invokeStatic(java.lang.Object, java.lang.Object, int, java.lang.Object)'> (0x00000000eabdcd78) 
thrown [s\src\hotspot\share\interpreter\linkResolver.cpp, line 759]
Event: 72.861 Thread 0x000002352f47de60 Exception <a 'java/lang/NoSuchMethodError'{0x00000000eae135d0}: 'java.lang.Object java.lang.invoke.DirectMethodHandle$Holder.invokeInterface(java.lang.Object, java.lang.Object, java.lang.Object)'> (0x00000000eae135d0) 
thrown [s\src\hotspot\share\interpreter\linkResolver.cpp, line 759]
Event: 77.071 Thread 0x000002352f47abc0 Implicit null exception at 0x000002351b3446d0 to 0x000002351b3447e8
Event: 77.111 Thread 0x000002352f47abc0 Implicit null exception at 0x000002351b2fe7ab to 0x000002351b303f48
Event: 83.879 Thread 0x000002352b6b8560 Exception <a 'java/io/FileNotFoundException'{0x00000000eb423ce8}> (0x00000000eb423ce8) 
thrown [s\src\hotspot\share\prims\jni.cpp, line 516]
Event: 83.880 Thread 0x000002352b6b8560 Exception <a 'java/io/FileNotFoundException'{0x00000000eb424d20}> (0x00000000eb424d20) 
thrown [s\src\hotspot\share\prims\jni.cpp, line 516]
Event: 89.911 Thread 0x000002352f47abc0 Implicit null exception at 0x000002351b3457d9 to 0x000002351b346ab8
Event: 90.077 Thread 0x000002352f47b0d0 Implicit null exception at 0x000002351b2f1ec9 to 0x000002351b2f7670
Event: 105.948 Thread 0x000002352f47b0d0 Exception <a 'sun/net/ConnectionResetException'{0x00000000eaf7a258}: Connection reset> (0x00000000eaf7a258) 
thrown [s\src\hotspot\share\prims\jni.cpp, line 535]

VM Operations (20 events):
Event: 103.721 Executing VM operation: Cleanup
Event: 103.721 Executing VM operation: Cleanup done
Event: 104.071 Executing VM operation: ParallelGCFailedAllocation
Event: 104.072 Executing VM operation: ParallelGCFailedAllocation done
Event: 104.244 Executing VM operation: ParallelGCFailedAllocation
Event: 104.245 Executing VM operation: ParallelGCFailedAllocation done
Event: 104.412 Executing VM operation: ParallelGCFailedAllocation
Event: 104.413 Executing VM operation: ParallelGCFailedAllocation done
Event: 104.666 Executing VM operation: ParallelGCFailedAllocation
Event: 104.667 Executing VM operation: ParallelGCFailedAllocation done
Event: 105.071 Executing VM operation: ParallelGCFailedAllocation
Event: 105.072 Executing VM operation: ParallelGCFailedAllocation done
Event: 105.255 Executing VM operation: ParallelGCFailedAllocation
Event: 105.256 Executing VM operation: ParallelGCFailedAllocation done
Event: 105.403 Executing VM operation: ParallelGCFailedAllocation
Event: 105.404 Executing VM operation: ParallelGCFailedAllocation done
Event: 105.791 Executing VM operation: ParallelGCFailedAllocation
Event: 105.792 Executing VM operation: ParallelGCFailedAllocation done
Event: 106.002 Executing VM operation: HandshakeAllThreads
Event: 106.002 Executing VM operation: HandshakeAllThreads done

Events (20 events):
Event: 89.978 Thread 0x000002352f47abc0 Thread added: 0x000002352f47abc0
Event: 89.979 Thread 0x000002352f47b0d0 Thread added: 0x000002352f47b0d0
Event: 90.037 Thread 0x000002352f47c000 Thread added: 0x000002352f47c000
Event: 90.071 Thread 0x000002352f47ca20 Thread added: 0x000002352f47ca20
Event: 90.071 Thread 0x000002352f47ed90 Thread added: 0x000002352f47ed90
Event: 90.072 Thread 0x000002352f47ca20 Thread exited: 0x000002352f47ca20
Event: 94.015 Thread 0x000002352e0f2ac0 Thread exited: 0x000002352e0f2ac0
Event: 105.948 loading class sun/net/ConnectionResetException
Event: 105.948 loading class sun/net/ConnectionResetException done
Event: 105.997 Thread 0x000002352f47ed90 Thread exited: 0x000002352f47ed90
Event: 105.998 Thread 0x000002352f47c000 Thread exited: 0x000002352f47c000
Event: 105.999 loading class java/util/AbstractList$RandomAccessSubList
Event: 105.999 loading class java/util/AbstractList$SubList
Event: 106.000 loading class java/util/AbstractList$SubList done
Event: 106.000 loading class java/util/AbstractList$RandomAccessSubList done
Event: 106.000 loading class java/util/AbstractList$SubList$1
Event: 106.000 loading class java/util/AbstractList$SubList$1 done
Event: 106.001 Thread 0x000002352f47b0d0 Thread exited: 0x000002352f47b0d0
Event: 106.005 Thread 0x000002352f47b0d0 Thread added: 0x000002352f47b0d0
Event: 106.007 Thread 0x000002352f47c000 Thread added: 0x000002352f47c000


Dynamic libraries:
0x00007ff669f50000 - 0x00007ff669f5e000 	c:\Users\Anoe\.vscode-insiders\extensions\redhat.java-1.28.1-win32-x64\jre\17.0.10-win32-x86_64\bin\java.exe
0x00007ff87b390000 - 0x00007ff87b5a6000 	C:\WINDOWS\SYSTEM32\ntdll.dll
0x00007ff87ad10000 - 0x00007ff87add4000 	C:\WINDOWS\System32\KERNEL32.DLL
0x00007ff8789d0000 - 0x00007ff878d76000 	C:\WINDOWS\System32\KERNELBASE.dll
0x00007ff8786d0000 - 0x00007ff8787e1000 	C:\WINDOWS\System32\ucrtbase.dll
0x00007ff86adb0000 - 0x00007ff86adc7000 	c:\Users\Anoe\.vscode-insiders\extensions\redhat.java-1.28.1-win32-x64\jre\17.0.10-win32-x86_64\bin\jli.dll
0x00007ff87aa00000 - 0x00007ff87abad000 	C:\WINDOWS\System32\USER32.dll
0x00007ff8786a0000 - 0x00007ff8786c6000 	C:\WINDOWS\System32\win32u.dll
0x00007ff87b130000 - 0x00007ff87b159000 	C:\WINDOWS\System32\GDI32.dll
0x00007ff8787f0000 - 0x00007ff878908000 	C:\WINDOWS\System32\gdi32full.dll
0x00007ff879010000 - 0x00007ff8790aa000 	C:\WINDOWS\System32\msvcp_win.dll
0x00007ff86ad90000 - 0x00007ff86adab000 	c:\Users\Anoe\.vscode-insiders\extensions\redhat.java-1.28.1-win32-x64\jre\17.0.10-win32-x86_64\bin\VCRUNTIME140.dll
0x00007ff85ac80000 - 0x00007ff85af13000 	C:\WINDOWS\WinSxS\amd64_microsoft.windows.common-controls_6595b64144ccf1df_6.0.22621.3235_none_270f74e173860f98\COMCTL32.dll
0x00007ff87ade0000 - 0x00007ff87ae87000 	C:\WINDOWS\System32\msvcrt.dll
0x00007ff87a500000 - 0x00007ff87a531000 	C:\WINDOWS\System32\IMM32.DLL
0x00007ff855210000 - 0x00007ff855374000 	C:\Program Files (x86)\Citrix\ICA Client\ctxapclient64.dll
0x00007ff878fe0000 - 0x00007ff879008000 	C:\WINDOWS\System32\bcrypt.dll
0x00007ff87a670000 - 0x00007ff87a9f8000 	C:\WINDOWS\System32\combase.dll
0x00007ff87a550000 - 0x00007ff87a665000 	C:\WINDOWS\System32\RPCRT4.dll
0x00007ff86e690000 - 0x00007ff86e69a000 	C:\WINDOWS\SYSTEM32\VERSION.dll
0x00007ff879710000 - 0x00007ff8797c2000 	C:\WINDOWS\System32\ADVAPI32.dll
0x00007ff87ac60000 - 0x00007ff87ad08000 	C:\WINDOWS\System32\sechost.dll
0x00007ff8777b0000 - 0x00007ff8777e4000 	C:\WINDOWS\SYSTEM32\ntmarta.dll
0x000002350fc70000 - 0x000002350fcea000 	C:\WINDOWS\System32\bcryptprimitives.dll
0x00007ff86ad80000 - 0x00007ff86ad8c000 	c:\Users\Anoe\.vscode-insiders\extensions\redhat.java-1.28.1-win32-x64\jre\17.0.10-win32-x86_64\bin\vcruntime140_1.dll
0x00007ff8382f0000 - 0x00007ff83837d000 	c:\Users\Anoe\.vscode-insiders\extensions\redhat.java-1.28.1-win32-x64\jre\17.0.10-win32-x86_64\bin\msvcp140.dll
0x00007ff8188c0000 - 0x00007ff819522000 	c:\Users\Anoe\.vscode-insiders\extensions\redhat.java-1.28.1-win32-x64\jre\17.0.10-win32-x86_64\bin\server\jvm.dll
0x00007ff8774f0000 - 0x00007ff87753d000 	C:\WINDOWS\SYSTEM32\POWRPROF.dll
0x00007ff85ce40000 - 0x00007ff85ce49000 	C:\WINDOWS\SYSTEM32\WSOCK32.dll
0x000002350fd00000 - 0x000002350fd71000 	C:\WINDOWS\System32\WS2_32.dll
0x00007ff86f920000 - 0x00007ff86f954000 	C:\WINDOWS\SYSTEM32\WINMM.dll
0x00007ff8774d0000 - 0x00007ff8774e3000 	C:\WINDOWS\SYSTEM32\UMPDC.dll
0x00007ff877790000 - 0x00007ff8777a8000 	C:\WINDOWS\SYSTEM32\kernel.appcore.dll
0x00007ff86ad60000 - 0x00007ff86ad6a000 	c:\Users\Anoe\.vscode-insiders\extensions\redhat.java-1.28.1-win32-x64\jre\17.0.10-win32-x86_64\bin\jimage.dll
0x00007ff875160000 - 0x00007ff875393000 	C:\WINDOWS\SYSTEM32\DBGHELP.DLL
0x00007ff8792e0000 - 0x00007ff8793b7000 	C:\WINDOWS\System32\OLEAUT32.dll
0x00007ff858390000 - 0x00007ff8583c2000 	C:\WINDOWS\SYSTEM32\dbgcore.DLL
0x00007ff860610000 - 0x00007ff86061e000 	c:\Users\Anoe\.vscode-insiders\extensions\redhat.java-1.28.1-win32-x64\jre\17.0.10-win32-x86_64\bin\instrument.dll
0x00007ff85d400000 - 0x00007ff85d425000 	c:\Users\Anoe\.vscode-insiders\extensions\redhat.java-1.28.1-win32-x64\jre\17.0.10-win32-x86_64\bin\java.dll
0x00007ff85dfc0000 - 0x00007ff85dfd8000 	c:\Users\Anoe\.vscode-insiders\extensions\redhat.java-1.28.1-win32-x64\jre\17.0.10-win32-x86_64\bin\zip.dll
0x00007ff879820000 - 0x00007ff87a07d000 	C:\WINDOWS\System32\SHELL32.dll
0x00007ff8765c0000 - 0x00007ff876eb8000 	C:\WINDOWS\SYSTEM32\windows.storage.dll
0x00007ff876480000 - 0x00007ff8765be000 	C:\WINDOWS\SYSTEM32\wintypes.dll
0x00007ff879560000 - 0x00007ff879653000 	C:\WINDOWS\System32\SHCORE.dll
0x0000023524f00000 - 0x0000023524f5e000 	C:\WINDOWS\System32\shlwapi.dll
0x00007ff8785d0000 - 0x00007ff8785f6000 	C:\WINDOWS\SYSTEM32\profapi.dll
0x00007ff86acf0000 - 0x00007ff86ad09000 	C:\Users\Anoe\.vscode-insiders\extensions\redhat.java-1.28.1-win32-x64\jre\17.0.10-win32-x86_64\bin\net.dll
0x00007ff8710c0000 - 0x00007ff8711f7000 	C:\WINDOWS\SYSTEM32\WINHTTP.dll
0x00007ff877c00000 - 0x00007ff877c69000 	C:\WINDOWS\system32\mswsock.dll
0x00007ff862400000 - 0x00007ff862416000 	C:\Users\Anoe\.vscode-insiders\extensions\redhat.java-1.28.1-win32-x64\jre\17.0.10-win32-x86_64\bin\nio.dll
0x00007ff86ace0000 - 0x00007ff86acf0000 	c:\Users\Anoe\.vscode-insiders\extensions\redhat.java-1.28.1-win32-x64\jre\17.0.10-win32-x86_64\bin\verify.dll
0x00007ff858270000 - 0x00007ff8582ae000 	C:\Users\Anoe\AppData\Roaming\Code - Insiders\User\globalStorage\redhat.java\1.28.1\config_win\org.eclipse.equinox.launcher\org.eclipse.equinox.launcher.win32.win32.x86_64_1.2.900.v20240129-1338\eclipse_11900.dll
0x00007ff8793c0000 - 0x00007ff87955f000 	C:\WINDOWS\System32\ole32.dll
0x00007ff877f50000 - 0x00007ff877f6b000 	C:\WINDOWS\SYSTEM32\CRYPTSP.dll
0x00007ff8776f0000 - 0x00007ff877725000 	C:\WINDOWS\system32\rsaenh.dll
0x00007ff877ca0000 - 0x00007ff877ccc000 	C:\WINDOWS\SYSTEM32\USERENV.dll
0x00007ff877f30000 - 0x00007ff877f3c000 	C:\WINDOWS\SYSTEM32\CRYPTBASE.dll
0x00007ff8771d0000 - 0x00007ff8771fd000 	C:\WINDOWS\SYSTEM32\IPHLPAPI.DLL
0x00007ff87a540000 - 0x00007ff87a549000 	C:\WINDOWS\System32\NSI.dll
0x00007ff870460000 - 0x00007ff870479000 	C:\WINDOWS\SYSTEM32\dhcpcsvc6.DLL
0x00007ff870270000 - 0x00007ff87028f000 	C:\WINDOWS\SYSTEM32\dhcpcsvc.DLL
0x00007ff877200000 - 0x00007ff8772f9000 	C:\WINDOWS\SYSTEM32\DNSAPI.dll
0x00007ff858320000 - 0x00007ff858365000 	C:\Users\Anoe\AppData\Local\Temp\jna-2045667\jna7546191148513326675.dll
0x00007ff8790b0000 - 0x00007ff8790b8000 	C:\WINDOWS\System32\PSAPI.DLL
0x00007ff8039d0000 - 0x00007ff8039f7000 	C:\Users\Anoe\.gradle\native\68d5fa5c4cc2d200863cafc0d521ce42e7d3e7ee720ec0a83991735586a16f82\windows-amd64\native-platform.dll
0x00007ff8623f0000 - 0x00007ff8623f9000 	C:\Users\Anoe\.vscode-insiders\extensions\redhat.java-1.28.1-win32-x64\jre\17.0.10-win32-x86_64\bin\management.dll
0x00007ff8623e0000 - 0x00007ff8623eb000 	C:\Users\Anoe\.vscode-insiders\extensions\redhat.java-1.28.1-win32-x64\jre\17.0.10-win32-x86_64\bin\management_ext.dll
0x00007ff8735c0000 - 0x00007ff8735c9000 	C:\Users\Anoe\.vscode-insiders\extensions\redhat.java-1.28.1-win32-x64\jre\17.0.10-win32-x86_64\bin\extnet.dll
0x00007ff873530000 - 0x00007ff87353e000 	C:\Users\Anoe\.vscode-insiders\extensions\redhat.java-1.28.1-win32-x64\jre\17.0.10-win32-x86_64\bin\sunmscapi.dll
0x00007ff878e00000 - 0x00007ff878f66000 	C:\WINDOWS\System32\CRYPT32.dll
0x00007ff878040000 - 0x00007ff87806e000 	C:\WINDOWS\SYSTEM32\ncrypt.dll
0x00007ff878000000 - 0x00007ff878037000 	C:\WINDOWS\SYSTEM32\NTASN1.dll
0x00007ff82c3b0000 - 0x00007ff82c3b8000 	C:\WINDOWS\system32\wshunix.dll

dbghelp: loaded successfully - version: 4.0.5 - missing functions: none
symbol engine: initialized successfully - sym options: 0x614 - pdb path: .;c:\Users\Anoe\.vscode-insiders\extensions\redhat.java-1.28.1-win32-x64\jre\17.0.10-win32-x86_64\bin;C:\WINDOWS\SYSTEM32;C:\WINDOWS\WinSxS\amd64_microsoft.windows.common-controls_6595b64144ccf1df_6.0.22621.3235_none_270f74e173860f98;C:\Program Files (x86)\Citrix\ICA Client;c:\Users\Anoe\.vscode-insiders\extensions\redhat.java-1.28.1-win32-x64\jre\17.0.10-win32-x86_64\bin\server;C:\Users\Anoe\AppData\Roaming\Code - Insiders\User\globalStorage\redhat.java\1.28.1\config_win\org.eclipse.equinox.launcher\org.eclipse.equinox.launcher.win32.win32.x86_64_1.2.900.v20240129-1338;C:\Users\Anoe\AppData\Local\Temp\jna-2045667;C:\Users\Anoe\.gradle\native\68d5fa5c4cc2d200863cafc0d521ce42e7d3e7ee720ec0a83991735586a16f82\windows-amd64

VM Arguments:
jvm_args: --add-modules=ALL-SYSTEM --add-opens=java.base/java.util=ALL-UNNAMED --add-opens=java.base/java.lang=ALL-UNNAMED --add-opens=java.base/sun.nio.fs=ALL-UNNAMED -Declipse.application=org.eclipse.jdt.ls.core.id1 -Dosgi.bundles.defaultStartLevel=4 -Declipse.product=org.eclipse.jdt.ls.core.product -Djava.import.generatesMetadataFilesAtProjectRoot=false -DDetectVMInstallationsJob.disabled=true -Dfile.encoding=utf8 -XX:+UseParallelGC -XX:GCTimeRatio=4 -XX:AdaptiveSizePolicyWeight=90 -Dsun.zip.disableMemoryMapping=true -Xmx1G -Xms100m -Xlog:disable -javaagent:c:\Users\Anoe\.vscode-insiders\extensions\redhat.java-1.28.1-win32-x64\lombok\lombok-1.18.31.jar -XX:+HeapDumpOnOutOfMemoryError -XX:HeapDumpPath=c:\Users\Anoe\AppData\Roaming\Code - Insiders\User\workspaceStorage\bde4a570759c72ed8cb912aa7c125bfd\redhat.java -Daether.dependencyCollector.impl=bf -Djdt.core.sharedIndexLocation=C:\Users\Anoe\AppData\Roaming\.jdt\index 
java_command: c:\Users\Anoe\.vscode-insiders\extensions\redhat.java-1.28.1-win32-x64\server\plugins\org.eclipse.equinox.launcher_1.6.700.v20231214-2017.jar -configuration c:\Users\Anoe\AppData\Roaming\Code - Insiders\User\globalStorage\redhat.java\1.28.1\config_win -data c:\Users\Anoe\AppData\Roaming\Code - Insiders\User\workspaceStorage\bde4a570759c72ed8cb912aa7c125bfd\redhat.java\jdt_ws --pipe=\\.\pipe\lsp-4cdeb2142cc5344864dbafaf9a73e3b5-sock
java_class_path (initial): c:\Users\Anoe\.vscode-insiders\extensions\redhat.java-1.28.1-win32-x64\server\plugins\org.eclipse.equinox.launcher_1.6.700.v20231214-2017.jar
Launcher Type: SUN_STANDARD

[Global flags]
    uintx AdaptiveSizePolicyWeight                 = 90                                        {product} {command line}
     intx CICompilerCount                          = 4                                         {product} {ergonomic}
    uintx GCTimeRatio                              = 4                                         {product} {command line}
     bool HeapDumpOnOutOfMemoryError               = true                                   {manageable} {command line}
    ccstr HeapDumpPath                             = c:\Users\Anoe\AppData\Roaming\Code - Insiders\User\workspaceStorage\bde4a570759c72ed8cb912aa7c125bfd\redhat.java         {manageable} {command line}
   size_t InitialHeapSize                          = 104857600                                 {product} {command line}
   size_t MaxHeapSize                              = 1073741824                                {product} {command line}
   size_t MaxNewSize                               = 357564416                                 {product} {ergonomic}
   size_t MinHeapDeltaBytes                        = 524288                                    {product} {ergonomic}
   size_t MinHeapSize                              = 104857600                                 {product} {command line}
   size_t NewSize                                  = 34603008                                  {product} {ergonomic}
    uintx NonNMethodCodeHeapSize                   = 5839372                                {pd product} {ergonomic}
    uintx NonProfiledCodeHeapSize                  = 122909434                              {pd product} {ergonomic}
   size_t OldSize                                  = 70254592                                  {product} {ergonomic}
    uintx ProfiledCodeHeapSize                     = 122909434                              {pd product} {ergonomic}
    uintx ReservedCodeCacheSize                    = 251658240                              {pd product} {ergonomic}
     bool SegmentedCodeCache                       = true                                      {product} {ergonomic}
   size_t SoftMaxHeapSize                          = 1073741824                             {manageable} {ergonomic}
     bool UseCompressedClassPointers               = true                           {product lp64_product} {ergonomic}
     bool UseCompressedOops                        = true                           {product lp64_product} {ergonomic}
     bool UseLargePagesIndividualAllocation        = false                                  {pd product} {ergonomic}
     bool UseParallelGC                            = true                                      {product} {command line}

Logging:
Log output configuration:
 #0: stdout all=off uptime,level,tags
 #1: stderr all=off uptime,level,tags

Environment Variables:
JAVA_HOME=C:\Program Files\Java\jdk-17
PATH=C:\Python311\Scripts\;C:\Python311\;C:\Program Files\Common Files\Oracle\Java\javapath;C:\WINDOWS\system32;C:\WINDOWS;C:\WINDOWS\System32\Wbem;C:\WINDOWS\System32\WindowsPowerShell\v1.0\;C:\WINDOWS\System32\OpenSSH\;C:\Users\Anoe\AppData\Roaming\nvm;C:\Program Files\nodejs;C:\Program Files\Docker\Docker\resources\bin;C:\Program Files\nodejs\;C:\ProgramData\chocolatey\bin;C:\flutter\bin;C:\Program Files\Git\cmd;C:\Program Files\Git\mingw64\bin;C:\Program Files\Git\usr\bin;C:\Program Files (x86)\Microsoft SQL Server\160\Tools\Binn\;C:\Program Files\Microsoft SQL Server\160\Tools\Binn\;C:\Program Files\Microsoft SQL Server\Client SDK\ODBC\170\Tools\Binn\;C:\Program Files\Microsoft SQL Server\160\DTS\Binn\;C:\Program Files (x86)\Microsoft SQL Server\160\DTS\Binn\;C:\Program Files\Azure Data Studio\bin;C:\Program Files\Microsoft SQL Server\130\Tools\Binn\;C:\Program Files\Microsoft SQL Server\150\Tools\Binn\;C:\Program Files\Seq\;C:\Program Files\Seq\Client\;C:\Program Files\dotnet\;C:\Program Files\MySQL\MySQL Shell 8.0\bin\;C:\Users\Anoe\AppData\Local\Programs\Python\Python37\Scripts\;C:\Users\Anoe\AppData\Local\Programs\Python\Python37\;C:\Users\Anoe\AppData\Local\Microsoft\WindowsApps;C:\Users\Anoe\AppData\Local\Programs\Microsoft VS Code Insiders\bin;C:\Program Files\JetBrains\IntelliJ IDEA 2022.3\bin;C:\Users\Anoe\AppData\Roaming\npm;C:\Users\Anoe\AppData\Local\Android\Sdk\platform-tools;C:\Users\Anoe\AppData\Local\GitHubDesktop\bin;C:\src\flutter\bin;C:\Program Files\JetBrains\WebStorm 2022.3\bin;C:\Program Files\JetBrains\JetBrains Rider 2023.2.3\bin;C:\Users\Anoe\.dotnet\tools
USERNAME=Anoe
OS=Windows_NT
PROCESSOR_IDENTIFIER=Intel64 Family 6 Model 142 Stepping 10, GenuineIntel
TMP=C:\Users\Anoe\AppData\Local\Temp
TEMP=C:\Users\Anoe\AppData\Local\Temp



Periodic native trim disabled


---------------  S Y S T E M  ---------------

OS:
 Windows 11 , 64 bit Build 22621 (10.0.22621.3235)
OS uptime: 0 days 2:53 hours
Hyper-V role detected

CPU: total 8 (initial active 8) (4 cores per cpu, 2 threads per core) family 6 model 142 stepping 10 microcode 0xf0, cx8, cmov, fxsr, ht, mmx, 3dnowpref, sse, sse2, sse3, ssse3, sse4.1, sse4.2, popcnt, lzcnt, tsc, tscinvbit, avx, avx2, aes, erms, clmul, bmi1, bmi2, adx, fma, vzeroupper, clflush, clflushopt, hv
Processor Information for all 8 processors :
  Max Mhz: 1992, Current Mhz: 1792, Mhz Limit: 1792

Memory: 4k page, system-wide physical 16275M (4128M free)
TotalPageFile size 16275M (AvailPageFile size 8M)
current process WorkingSet (physical memory assigned to process): 273M, peak: 304M
current process commit charge ("private bytes"): 331M, peak: 366M

vm_info: OpenJDK 64-Bit Server VM (17.0.10+7) for windows-amd64 JRE (17.0.10+7), built on Jan 16 2024 23:25:11 by "admin" with MS VC++ 16.10 / 16.11 (VS2019)

END.
