#
# There is insufficient memory for the Java Runtime Environment to continue.
# Native memory allocation (malloc) failed to allocate 357536 bytes for Chunk::new
# Possible reasons:
#   The system is out of physical RAM or swap space
#   The process is running with CompressedOops enabled, and the Java Heap may be blocking the growth of the native heap
# Possible solutions:
#   Reduce memory load on the system
#   Increase physical memory or swap space
#   Check if swap backing store is full
#   Decrease Java heap size (-Xmx/-Xms)
#   Decrease number of Java threads
#   Decrease Java thread stack sizes (-Xss)
#   Set larger code cache with -XX:ReservedCodeCacheSize=
#   JVM is running with Unscaled Compressed Oops mode in which the Java heap is
#     placed in the first 4GB address space. The Java Heap base address is the
#     maximum limit for the native heap growth. Please use -XX:HeapBaseMinAddress
#     to set the Java Heap base and to place the Java Heap above 4GB virtual address.
# This output file may be truncated or incomplete.
#
#  Out of Memory Error (arena.cpp:191), pid=18996, tid=20880
#
# JRE version: OpenJDK Runtime Environment Temurin-17.0.10+7 (17.0.10+7) (build 17.0.10+7)
# Java VM: OpenJDK 64-Bit Server VM Temurin-17.0.10+7 (17.0.10+7, mixed mode, tiered, compressed oops, compressed class ptrs, parallel gc, windows-amd64)
# No core dump will be written. Minidumps are not enabled by default on client versions of Windows
#

---------------  S U M M A R Y ------------

Command Line: --add-modules=ALL-SYSTEM --add-opens=java.base/java.util=ALL-UNNAMED --add-opens=java.base/java.lang=ALL-UNNAMED --add-opens=java.base/sun.nio.fs=ALL-UNNAMED -Declipse.application=org.eclipse.jdt.ls.core.id1 -Dosgi.bundles.defaultStartLevel=4 -Declipse.product=org.eclipse.jdt.ls.core.product -Djava.import.generatesMetadataFilesAtProjectRoot=false -DDetectVMInstallationsJob.disabled=true -Dfile.encoding=utf8 -XX:+UseParallelGC -XX:GCTimeRatio=4 -XX:AdaptiveSizePolicyWeight=90 -Dsun.zip.disableMemoryMapping=true -Xmx1G -Xms100m -Xlog:disable -javaagent:c:\Users\Anoe\.vscode-insiders\extensions\redhat.java-1.28.1-win32-x64\lombok\lombok-1.18.31.jar -XX:+HeapDumpOnOutOfMemoryError -XX:HeapDumpPath=c:\Users\Anoe\AppData\Roaming\Code - Insiders\User\workspaceStorage\bde4a570759c72ed8cb912aa7c125bfd\redhat.java -Daether.dependencyCollector.impl=bf -Djdt.core.sharedIndexLocation=C:\Users\Anoe\AppData\Roaming\.jdt\index c:\Users\Anoe\.vscode-insiders\extensions\redhat.java-1.28.1-win32-x64\server\plugins\org.eclipse.equinox.launcher_1.6.700.v20231214-2017.jar -configuration c:\Users\Anoe\AppData\Roaming\Code - Insiders\User\globalStorage\redhat.java\1.28.1\config_win -data c:\Users\Anoe\AppData\Roaming\Code - Insiders\User\workspaceStorage\bde4a570759c72ed8cb912aa7c125bfd\redhat.java\jdt_ws --pipe=\\.\pipe\lsp-30c5c057f2e329d53b514cc7909dc5e4-sock

Host: Intel(R) Core(TM) i7-8550U CPU @ 1.80GHz, 8 cores, 15G,  Windows 11 , 64 bit Build 22621 (10.0.22621.3235)
Time: Sun Mar 17 18:10:16 2024 South Africa Standard Time elapsed time: 220.936112 seconds (0d 0h 3m 40s)

---------------  T H R E A D  ---------------

Current thread (0x0000024b102142d0):  JavaThread "C2 CompilerThread1" daemon [_thread_in_native, id=20880, stack(0x00000061d7300000,0x00000061d7400000)]


Current CompileTask:
C2: 220936 10247       4       org.eclipse.jdt.internal.compiler.util.JrtFileSystem$2::preVisitDirectory (10 bytes)

Stack: [0x00000061d7300000,0x00000061d7400000]
Native frames: (J=compiled Java code, j=interpreted, Vv=VM code, C=native code)
V  [jvm.dll+0x67d2c9]
V  [jvm.dll+0x834afa]
V  [jvm.dll+0x8365be]
V  [jvm.dll+0x836c23]
V  [jvm.dll+0x2477ff]
V  [jvm.dll+0xac514]
V  [jvm.dll+0xacb5c]
V  [jvm.dll+0x2aed1f]
V  [jvm.dll+0x584b67]
V  [jvm.dll+0x2228a2]
V  [jvm.dll+0x21ba9e]
V  [jvm.dll+0x219201]
V  [jvm.dll+0x1a502d]
V  [jvm.dll+0x2290de]
V  [jvm.dll+0x2272ac]
V  [jvm.dll+0x7e9bb7]
V  [jvm.dll+0x7e3fba]
V  [jvm.dll+0x67c1b5]
C  [ucrtbase.dll+0x29363]
C  [KERNEL32.DLL+0x1257d]
C  [ntdll.dll+0x5aa58]


---------------  P R O C E S S  ---------------

Threads class SMR info:
_java_thread_list=0x0000024b0f2dd8f0, length=52, elements={
0x0000024b72cb7150, 0x0000024b7ca28430, 0x0000024b7ca29d30, 0x0000024b7ca39f50,
0x0000024b77b15700, 0x0000024b77b182a0, 0x0000024b7ca5e020, 0x0000024b7ca60c30,
0x0000024b77b1e8f0, 0x0000024b7cadb8d0, 0x0000024b72d212c0, 0x0000024b7cc9e930,
0x0000024b7e630c70, 0x0000024b7e072460, 0x0000024b7e499ce0, 0x0000024b7e498db0,
0x0000024b7e4992c0, 0x0000024b7e4997d0, 0x0000024b7e49b630, 0x0000024b7e498390,
0x0000024b7e4988a0, 0x0000024b0f069830, 0x0000024b0f06c5c0, 0x0000024b0f068900,
0x0000024b0f069d40, 0x0000024b0f06d4f0, 0x0000024b0f06da00, 0x0000024b0f06cad0,
0x0000024b0f06cfe0, 0x0000024b0f067ee0, 0x0000024b0f06e420, 0x0000024b0f068e10,
0x0000024b0f06c0b0, 0x0000024b0f0674c0, 0x0000024b0f06ac70, 0x0000024b7e49a700,
0x0000024b0f06e930, 0x0000024b117b2e50, 0x0000024b117b6b10, 0x0000024b117b0ae0,
0x0000024b117afbb0, 0x0000024b117b56d0, 0x0000024b117b05d0, 0x0000024b117b0ff0,
0x0000024b117b1500, 0x0000024b102142d0, 0x0000024b117b1a10, 0x0000024b10212840,
0x0000024b117b60f0, 0x0000024b117b3870, 0x0000024b117b3d80, 0x0000024b117b6600
}

Java Threads: ( => current thread )
  0x0000024b72cb7150 JavaThread "main" [_thread_blocked, id=25096, stack(0x00000061d5500000,0x00000061d5600000)]
  0x0000024b7ca28430 JavaThread "Reference Handler" daemon [_thread_blocked, id=25392, stack(0x00000061d5900000,0x00000061d5a00000)]
  0x0000024b7ca29d30 JavaThread "Finalizer" daemon [_thread_blocked, id=16272, stack(0x00000061d5a00000,0x00000061d5b00000)]
  0x0000024b7ca39f50 JavaThread "Signal Dispatcher" daemon [_thread_blocked, id=22596, stack(0x00000061d5b00000,0x00000061d5c00000)]
  0x0000024b77b15700 JavaThread "Attach Listener" daemon [_thread_blocked, id=26460, stack(0x00000061d5c00000,0x00000061d5d00000)]
  0x0000024b77b182a0 JavaThread "Service Thread" daemon [_thread_blocked, id=23460, stack(0x00000061d5d00000,0x00000061d5e00000)]
  0x0000024b7ca5e020 JavaThread "Monitor Deflation Thread" daemon [_thread_blocked, id=25736, stack(0x00000061d5e00000,0x00000061d5f00000)]
  0x0000024b7ca60c30 JavaThread "C2 CompilerThread0" daemon [_thread_in_native, id=25640, stack(0x00000061d5f00000,0x00000061d6000000)]
  0x0000024b77b1e8f0 JavaThread "C1 CompilerThread0" daemon [_thread_blocked, id=1492, stack(0x00000061d6000000,0x00000061d6100000)]
  0x0000024b7cadb8d0 JavaThread "Sweeper thread" daemon [_thread_blocked, id=16076, stack(0x00000061d6100000,0x00000061d6200000)]
  0x0000024b72d212c0 JavaThread "Common-Cleaner" daemon [_thread_blocked, id=13044, stack(0x00000061d6200000,0x00000061d6300000)]
  0x0000024b7cc9e930 JavaThread "Notification Thread" daemon [_thread_blocked, id=20388, stack(0x00000061d6300000,0x00000061d6400000)]
  0x0000024b7e630c70 JavaThread "Active Thread: Equinox Container: 51283611-97ec-4e69-bad6-e2b7b0b0cd96" [_thread_blocked, id=25772, stack(0x00000061d6c00000,0x00000061d6d00000)]
  0x0000024b7e072460 JavaThread "Framework Event Dispatcher: Equinox Container: 51283611-97ec-4e69-bad6-e2b7b0b0cd96" daemon [_thread_blocked, id=10448, stack(0x00000061d6d00000,0x00000061d6e00000)]
  0x0000024b7e499ce0 JavaThread "Start Level: Equinox Container: 51283611-97ec-4e69-bad6-e2b7b0b0cd96" daemon [_thread_blocked, id=20632, stack(0x00000061d6e00000,0x00000061d6f00000)]
  0x0000024b7e498db0 JavaThread "Bundle File Closer" daemon [_thread_blocked, id=12192, stack(0x00000061d7000000,0x00000061d7100000)]
  0x0000024b7e4992c0 JavaThread "SCR Component Actor" daemon [_thread_blocked, id=12136, stack(0x00000061d7100000,0x00000061d7200000)]
  0x0000024b7e4997d0 JavaThread "Worker-JM" [_thread_blocked, id=15248, stack(0x00000061d7200000,0x00000061d7300000)]
  0x0000024b7e49b630 JavaThread "Worker-1: Initialize workspace" [_thread_in_vm, id=24308, stack(0x00000061d7400000,0x00000061d7500000)]
  0x0000024b7e498390 JavaThread "Java indexing" daemon [_thread_blocked, id=22404, stack(0x00000061d7600000,0x00000061d7700000)]
  0x0000024b7e4988a0 JavaThread "Worker-2: Synchronizing projects" [_thread_blocked, id=16708, stack(0x00000061d7700000,0x00000061d7800000)]
  0x0000024b0f069830 JavaThread "JNA Cleaner" daemon [_thread_blocked, id=1968, stack(0x00000061d7a00000,0x00000061d7b00000)]
  0x0000024b0f06c5c0 JavaThread "Thread-2" daemon [_thread_in_native, id=20048, stack(0x00000061d7d00000,0x00000061d7e00000)]
  0x0000024b0f068900 JavaThread "Thread-3" daemon [_thread_in_native, id=22300, stack(0x00000061d7e00000,0x00000061d7f00000)]
  0x0000024b0f069d40 JavaThread "Thread-4" daemon [_thread_in_native, id=3284, stack(0x00000061d7f00000,0x00000061d8000000)]
  0x0000024b0f06d4f0 JavaThread "Thread-5" daemon [_thread_in_native, id=26184, stack(0x00000061d8000000,0x00000061d8100000)]
  0x0000024b0f06da00 JavaThread "Thread-6" daemon [_thread_in_native, id=22448, stack(0x00000061d8100000,0x00000061d8200000)]
  0x0000024b0f06cad0 JavaThread "Thread-7" daemon [_thread_in_native, id=24816, stack(0x00000061d8200000,0x00000061d8300000)]
  0x0000024b0f06cfe0 JavaThread "Thread-8" daemon [_thread_in_native, id=26496, stack(0x00000061d8300000,0x00000061d8400000)]
  0x0000024b0f067ee0 JavaThread "Thread-9" daemon [_thread_in_native, id=23168, stack(0x00000061d8400000,0x00000061d8500000)]
  0x0000024b0f06e420 JavaThread "Thread-10" daemon [_thread_in_native, id=10912, stack(0x00000061d8500000,0x00000061d8600000)]
  0x0000024b0f068e10 JavaThread "pool-2-thread-1" [_thread_blocked, id=1424, stack(0x00000061d8600000,0x00000061d8700000)]
  0x0000024b0f06c0b0 JavaThread "WorkspaceEventsHandler" [_thread_blocked, id=4144, stack(0x00000061d8700000,0x00000061d8800000)]
  0x0000024b0f0674c0 JavaThread "pool-1-thread-1" [_thread_blocked, id=21860, stack(0x00000061d8800000,0x00000061d8900000)]
  0x0000024b0f06ac70 JavaThread "Timer-0" [_thread_blocked, id=12812, stack(0x00000061d8a00000,0x00000061d8b00000)]
  0x0000024b7e49a700 JavaThread "Timer-1" [_thread_blocked, id=18000, stack(0x00000061d7500000,0x00000061d7600000)]
  0x0000024b0f06e930 JavaThread "Timer-2" [_thread_blocked, id=10336, stack(0x00000061d7900000,0x00000061d7a00000)]
  0x0000024b117b2e50 JavaThread "Timer-3" [_thread_blocked, id=19720, stack(0x00000061d6b00000,0x00000061d6c00000)]
  0x0000024b117b6b10 JavaThread "Timer-4" [_thread_blocked, id=25868, stack(0x00000061d8e00000,0x00000061d8f00000)]
  0x0000024b117b0ae0 JavaThread "Timer-5" [_thread_blocked, id=4608, stack(0x00000061d8b00000,0x00000061d8c00000)]
  0x0000024b117afbb0 JavaThread "Timer-6" [_thread_blocked, id=17508, stack(0x00000061d8c00000,0x00000061d8d00000)]
  0x0000024b117b56d0 JavaThread "Worker-4: Checking project encoding" [_thread_blocked, id=9696, stack(0x00000061d7800000,0x00000061d7900000)]
  0x0000024b117b05d0 JavaThread "Worker-5: Checking project encoding" [_thread_blocked, id=21380, stack(0x00000061d8d00000,0x00000061d8e00000)]
  0x0000024b117b0ff0 JavaThread "Worker-6: Refreshing workspace" [_thread_in_native, id=4264, stack(0x00000061d7b00000,0x00000061d7c00000)]
  0x0000024b117b1500 JavaThread "Timer-7" [_thread_blocked, id=15356, stack(0x00000061d9000000,0x00000061d9100000)]
=>0x0000024b102142d0 JavaThread "C2 CompilerThread1" daemon [_thread_in_native, id=20880, stack(0x00000061d7300000,0x00000061d7400000)]
  0x0000024b117b1a10 JavaThread "ForkJoinPool.commonPool-worker-1" daemon [_thread_in_Java, id=11468, stack(0x00000061d8f00000,0x00000061d9000000)]
  0x0000024b10212840 JavaThread "C2 CompilerThread2" daemon [_thread_in_native, id=6968, stack(0x00000061d7c00000,0x00000061d7d00000)]
  0x0000024b117b60f0 JavaThread "Worker-7: Checking project encoding" [_thread_blocked, id=25232, stack(0x00000061d9100000,0x00000061d9200000)]
  0x0000024b117b3870 JavaThread "Worker-8: Checking project encoding" [_thread_blocked, id=18808, stack(0x00000061d9200000,0x00000061d9300000)]
  0x0000024b117b3d80 JavaThread "Worker-9: Checking project encoding" [_thread_blocked, id=24352, stack(0x00000061d9300000,0x00000061d9400000)]
  0x0000024b117b6600 JavaThread "Worker-10" [_thread_blocked, id=2524, stack(0x00000061d9400000,0x00000061d9500000)]

Other Threads:
  0x0000024b77a2ddc0 VMThread "VM Thread" [stack: 0x00000061d5800000,0x00000061d5900000] [id=6504]
  0x0000024b7cc9ee10 WatcherThread [stack: 0x00000061d6400000,0x00000061d6500000] [id=3372]
  0x0000024b72cd3e10 GCTaskThread "GC Thread#0" [stack: 0x00000061d5700000,0x00000061d5800000] [id=24436]
  0x0000024b7e1b6d80 GCTaskThread "GC Thread#1" [stack: 0x00000061d6500000,0x00000061d6600000] [id=12948]
  0x0000024b7df5f200 GCTaskThread "GC Thread#2" [stack: 0x00000061d6600000,0x00000061d6700000] [id=19292]
  0x0000024b7df5f4c0 GCTaskThread "GC Thread#3" [stack: 0x00000061d6700000,0x00000061d6800000] [id=12704]
  0x0000024b7df5f780 GCTaskThread "GC Thread#4" [stack: 0x00000061d6800000,0x00000061d6900000] [id=26396]
  0x0000024b7df5fa40 GCTaskThread "GC Thread#5" [stack: 0x00000061d6900000,0x00000061d6a00000] [id=24184]
  0x0000024b7df5fd00 GCTaskThread "GC Thread#6" [stack: 0x00000061d6a00000,0x00000061d6b00000] [id=8448]
  0x0000024b7e492e20 GCTaskThread "GC Thread#7" [stack: 0x00000061d6f00000,0x00000061d7000000] [id=7600]

Threads with active compile tasks:
C2 CompilerThread0   221028 10248       4       org.eclipse.jdt.internal.compiler.util.JrtFileSystem$2::preVisitDirectory (136 bytes)
C2 CompilerThread1   221028 10247       4       org.eclipse.jdt.internal.compiler.util.JrtFileSystem$2::preVisitDirectory (10 bytes)
C2 CompilerThread2   221028 10238   !   4       org.eclipse.osgi.internal.loader.classpath.ClasspathManager::defineClass (636 bytes)

VM state: not at safepoint (normal execution)

VM Mutex/Monitor currently owned by a thread:  ([mutex/lock_event])
[0x0000024b72cb2a70] CompiledIC_lock - owner thread: 0x0000000000000000

Heap address: 0x00000000c0000000, size: 1024 MB, Compressed Oops mode: 32-bit

CDS archive(s) not mapped
Compressed class space mapped at: 0x0000000100000000-0x0000000140000000, reserved size: 1073741824
Narrow klass base: 0x0000000000000000, Narrow klass shift: 3, Narrow klass range: 0x140000000

GC Precious Log:
 CPUs: 8 total, 8 available
 Memory: 16275M
 Large Page Support: Disabled
 NUMA Support: Disabled
 Compressed Oops: Enabled (32-bit)
 Alignments: Space 512K, Generation 512K, Heap 2M
 Heap Min Capacity: 100M
 Heap Initial Capacity: 100M
 Heap Max Capacity: 1G
 Pre-touch: Disabled
 Parallel Workers: 8

Heap:
 PSYoungGen      total 15360K, used 15156K [0x00000000eab00000, 0x00000000ebb80000, 0x0000000100000000)
  eden space 14848K, 98% used [0x00000000eab00000,0x00000000eb94d2a8,0x00000000eb980000)
  from space 512K, 100% used [0x00000000ebb00000,0x00000000ebb80000,0x00000000ebb80000)
  to   space 1024K, 0% used [0x00000000eb980000,0x00000000eb980000,0x00000000eba80000)
 ParOldGen       total 68608K, used 66465K [0x00000000c0000000, 0x00000000c4300000, 0x00000000eab00000)
  object space 68608K, 96% used [0x00000000c0000000,0x00000000c40e8698,0x00000000c4300000)
 Metaspace       used 76151K, committed 77376K, reserved 1179648K
  class space    used 9163K, committed 9728K, reserved 1048576K

Card table byte_map: [0x0000024b72650000,0x0000024b72860000] _byte_map_base: 0x0000024b72050000

Marking Bits: (ParMarkBitMap*) 0x00007ff828d9d7d0
 Begin Bits: [0x0000024b75920000, 0x0000024b76920000)
 End Bits:   [0x0000024b76920000, 0x0000024b77920000)

Polling page: 0x0000024b72440000

Metaspace:

Usage:
  Non-class:     65.42 MB used.
      Class:      8.95 MB used.
       Both:     74.37 MB used.

Virtual space:
  Non-class space:      128.00 MB reserved,      66.06 MB ( 52%) committed,  2 nodes.
      Class space:        1.00 GB reserved,       9.50 MB ( <1%) committed,  1 nodes.
             Both:        1.12 GB reserved,      75.56 MB (  7%) committed. 

Chunk freelists:
   Non-Class:  13.70 MB
       Class:  6.52 MB
        Both:  20.22 MB

MaxMetaspaceSize: unlimited
CompressedClassSpaceSize: 1.00 GB
Initial GC threshold: 21.00 MB
Current GC threshold: 97.31 MB
CDS: off
MetaspaceReclaimPolicy: balanced
 - commit_granule_bytes: 65536.
 - commit_granule_words: 8192.
 - virtual_space_node_default_size: 8388608.
 - enlarge_chunks_in_place: 1.
 - new_chunks_are_fully_committed: 0.
 - uncommit_free_chunks: 1.
 - use_allocation_guard: 0.
 - handle_deallocations: 1.


Internal statistics:

num_allocs_failed_limit: 9.
num_arena_births: 834.
num_arena_deaths: 14.
num_vsnodes_births: 3.
num_vsnodes_deaths: 0.
num_space_committed: 1209.
num_space_uncommitted: 0.
num_chunks_returned_to_freelist: 23.
num_chunks_taken_from_freelist: 3735.
num_chunk_merges: 15.
num_chunk_splits: 2370.
num_chunks_enlarged: 1434.
num_inconsistent_stats: 0.

CodeHeap 'non-profiled nmethods': size=120000Kb used=6605Kb max_used=7209Kb free=113394Kb
 bounds [0x0000024b07ad0000, 0x0000024b081e0000, 0x0000024b0f000000]
CodeHeap 'profiled nmethods': size=120000Kb used=15560Kb max_used=16764Kb free=104439Kb
 bounds [0x0000024b00000000, 0x0000024b01060000, 0x0000024b07530000]
CodeHeap 'non-nmethods': size=5760Kb used=1362Kb max_used=1440Kb free=4397Kb
 bounds [0x0000024b07530000, 0x0000024b077a0000, 0x0000024b07ad0000]
 total_blobs=8900 nmethods=8196 adapters=618
 compilation: enabled
              stopped_count=0, restarted_count=0
 full_count=0

Compilation events (20 events):
Event: 220.918 Thread 0x0000024b77b1e8f0 nmethod 10306 0x0000024b00d08e90 code [0x0000024b00d09040, 0x0000024b00d09298]
Event: 220.918 Thread 0x0000024b77b1e8f0 10307       3       java.util.RegularEnumSet$EnumSetIterator::<init> (23 bytes)
Event: 220.918 Thread 0x0000024b77b1e8f0 nmethod 10307 0x0000024b00ca8f10 code [0x0000024b00ca90a0, 0x0000024b00ca9238]
Event: 220.920 Thread 0x0000024b77b1e8f0 10309       3       org.eclipse.jdt.internal.compiler.parser.Scanner::getCurrentIdentifierSource (73 bytes)
Event: 220.921 Thread 0x0000024b77b1e8f0 nmethod 10309 0x0000024b0054c310 code [0x0000024b0054c4e0, 0x0000024b0054c878]
Event: 220.921 Thread 0x0000024b77b1e8f0 10310       3       org.eclipse.jdt.core.JavaConventions::scanForRestrictedKeyWords (137 bytes)
Event: 220.922 Thread 0x0000024b77b1e8f0 nmethod 10310 0x0000024b0097ad10 code [0x0000024b0097af80, 0x0000024b0097bbc8]
Event: 220.924 Thread 0x0000024b77b1e8f0 10311       3       org.eclipse.jdt.internal.core.AbstractClassFile::getElementName (10 bytes)
Event: 220.926 Thread 0x0000024b77b1e8f0 nmethod 10311 0x0000024b00cd7f90 code [0x0000024b00cd8260, 0x0000024b00cd8ff8]
Event: 220.926 Thread 0x0000024b77b1e8f0 10315       3       jdk.internal.jrtfs.JrtPath::match (50 bytes)
Event: 220.926 Thread 0x0000024b77b1e8f0 nmethod 10315 0x0000024b00d50910 code [0x0000024b00d50ac0, 0x0000024b00d50d58]
Event: 220.926 Thread 0x0000024b77b1e8f0 10316       3       org.eclipse.jdt.internal.compiler.classfmt.ModuleInfo::hashCode (35 bytes)
Event: 220.926 Thread 0x0000024b77b1e8f0 nmethod 10316 0x0000024b00efcb90 code [0x0000024b00efcd40, 0x0000024b00efcf38]
Event: 220.926 Thread 0x0000024b77b1e8f0 10312   !   3       org.eclipse.jdt.internal.core.JarPackageFragmentRoot::getClassFilePath (48 bytes)
Event: 220.927 Thread 0x0000024b77b1e8f0 nmethod 10312 0x0000024b00cc7310 code [0x0000024b00cc7500, 0x0000024b00cc7b88]
Event: 220.927 Thread 0x0000024b77b1e8f0 10313       3       org.eclipse.jdt.internal.core.JavaElement::getHandleIdentifier (5 bytes)
Event: 220.927 Thread 0x0000024b77b1e8f0 nmethod 10313 0x0000024b00825610 code [0x0000024b008257e0, 0x0000024b00825ba8]
Event: 220.927 Thread 0x0000024b77b1e8f0 10314       1       org.eclipse.jdt.internal.core.NamedMember::getElementName (5 bytes)
Event: 220.927 Thread 0x0000024b77b1e8f0 nmethod 10314 0x0000024b07f02c10 code [0x0000024b07f02da0, 0x0000024b07f02e78]
Event: 220.931 Thread 0x0000024b77b1e8f0 10317  s!   3       org.eclipse.jdt.core.JavaConventions::scannedIdentifier (146 bytes)

GC Heap History (20 events):
Event: 216.488 GC heap before
{Heap before GC invocations=92 (full 3):
 PSYoungGen      total 15360K, used 15008K [0x00000000eab00000, 0x00000000ebb80000, 0x0000000100000000)
  eden space 14848K, 100% used [0x00000000eab00000,0x00000000eb980000,0x00000000eb980000)
  from space 512K, 31% used [0x00000000ebb00000,0x00000000ebb28000,0x00000000ebb80000)
  to   space 512K, 0% used [0x00000000eb980000,0x00000000eb980000,0x00000000eba00000)
 ParOldGen       total 68608K, used 66041K [0x00000000c0000000, 0x00000000c4300000, 0x00000000eab00000)
  object space 68608K, 96% used [0x00000000c0000000,0x00000000c407e688,0x00000000c4300000)
 Metaspace       used 75508K, committed 76736K, reserved 1179648K
  class space    used 9090K, committed 9664K, reserved 1048576K
}
Event: 216.489 GC heap after
{Heap after GC invocations=92 (full 3):
 PSYoungGen      total 15360K, used 192K [0x00000000eab00000, 0x00000000ebb80000, 0x0000000100000000)
  eden space 14848K, 0% used [0x00000000eab00000,0x00000000eab00000,0x00000000eb980000)
  from space 512K, 37% used [0x00000000eb980000,0x00000000eb9b0000,0x00000000eba00000)
  to   space 512K, 0% used [0x00000000ebb00000,0x00000000ebb00000,0x00000000ebb80000)
 ParOldGen       total 68608K, used 66041K [0x00000000c0000000, 0x00000000c4300000, 0x00000000eab00000)
  object space 68608K, 96% used [0x00000000c0000000,0x00000000c407e688,0x00000000c4300000)
 Metaspace       used 75508K, committed 76736K, reserved 1179648K
  class space    used 9090K, committed 9664K, reserved 1048576K
}
Event: 216.557 GC heap before
{Heap before GC invocations=93 (full 3):
 PSYoungGen      total 15360K, used 15040K [0x00000000eab00000, 0x00000000ebb80000, 0x0000000100000000)
  eden space 14848K, 100% used [0x00000000eab00000,0x00000000eb980000,0x00000000eb980000)
  from space 512K, 37% used [0x00000000eb980000,0x00000000eb9b0000,0x00000000eba00000)
  to   space 512K, 0% used [0x00000000ebb00000,0x00000000ebb00000,0x00000000ebb80000)
 ParOldGen       total 68608K, used 66041K [0x00000000c0000000, 0x00000000c4300000, 0x00000000eab00000)
  object space 68608K, 96% used [0x00000000c0000000,0x00000000c407e688,0x00000000c4300000)
 Metaspace       used 75508K, committed 76736K, reserved 1179648K
  class space    used 9090K, committed 9664K, reserved 1048576K
}
Event: 216.558 GC heap after
{Heap after GC invocations=93 (full 3):
 PSYoungGen      total 15360K, used 160K [0x00000000eab00000, 0x00000000ebb80000, 0x0000000100000000)
  eden space 14848K, 0% used [0x00000000eab00000,0x00000000eab00000,0x00000000eb980000)
  from space 512K, 31% used [0x00000000ebb00000,0x00000000ebb28000,0x00000000ebb80000)
  to   space 512K, 0% used [0x00000000eb980000,0x00000000eb980000,0x00000000eba00000)
 ParOldGen       total 68608K, used 66073K [0x00000000c0000000, 0x00000000c4300000, 0x00000000eab00000)
  object space 68608K, 96% used [0x00000000c0000000,0x00000000c4086688,0x00000000c4300000)
 Metaspace       used 75508K, committed 76736K, reserved 1179648K
  class space    used 9090K, committed 9664K, reserved 1048576K
}
Event: 216.629 GC heap before
{Heap before GC invocations=94 (full 3):
 PSYoungGen      total 15360K, used 15008K [0x00000000eab00000, 0x00000000ebb80000, 0x0000000100000000)
  eden space 14848K, 100% used [0x00000000eab00000,0x00000000eb980000,0x00000000eb980000)
  from space 512K, 31% used [0x00000000ebb00000,0x00000000ebb28000,0x00000000ebb80000)
  to   space 512K, 0% used [0x00000000eb980000,0x00000000eb980000,0x00000000eba00000)
 ParOldGen       total 68608K, used 66073K [0x00000000c0000000, 0x00000000c4300000, 0x00000000eab00000)
  object space 68608K, 96% used [0x00000000c0000000,0x00000000c4086688,0x00000000c4300000)
 Metaspace       used 75508K, committed 76736K, reserved 1179648K
  class space    used 9090K, committed 9664K, reserved 1048576K
}
Event: 216.630 GC heap after
{Heap after GC invocations=94 (full 3):
 PSYoungGen      total 15360K, used 160K [0x00000000eab00000, 0x00000000ebb80000, 0x0000000100000000)
  eden space 14848K, 0% used [0x00000000eab00000,0x00000000eab00000,0x00000000eb980000)
  from space 512K, 31% used [0x00000000eb980000,0x00000000eb9a8000,0x00000000eba00000)
  to   space 512K, 0% used [0x00000000ebb00000,0x00000000ebb00000,0x00000000ebb80000)
 ParOldGen       total 68608K, used 66089K [0x00000000c0000000, 0x00000000c4300000, 0x00000000eab00000)
  object space 68608K, 96% used [0x00000000c0000000,0x00000000c408a688,0x00000000c4300000)
 Metaspace       used 75508K, committed 76736K, reserved 1179648K
  class space    used 9090K, committed 9664K, reserved 1048576K
}
Event: 217.016 GC heap before
{Heap before GC invocations=95 (full 3):
 PSYoungGen      total 15360K, used 15008K [0x00000000eab00000, 0x00000000ebb80000, 0x0000000100000000)
  eden space 14848K, 100% used [0x00000000eab00000,0x00000000eb980000,0x00000000eb980000)
  from space 512K, 31% used [0x00000000eb980000,0x00000000eb9a8000,0x00000000eba00000)
  to   space 512K, 0% used [0x00000000ebb00000,0x00000000ebb00000,0x00000000ebb80000)
 ParOldGen       total 68608K, used 66089K [0x00000000c0000000, 0x00000000c4300000, 0x00000000eab00000)
  object space 68608K, 96% used [0x00000000c0000000,0x00000000c408a688,0x00000000c4300000)
 Metaspace       used 75508K, committed 76736K, reserved 1179648K
  class space    used 9090K, committed 9664K, reserved 1048576K
}
Event: 217.017 GC heap after
{Heap after GC invocations=95 (full 3):
 PSYoungGen      total 15360K, used 192K [0x00000000eab00000, 0x00000000ebb80000, 0x0000000100000000)
  eden space 14848K, 0% used [0x00000000eab00000,0x00000000eab00000,0x00000000eb980000)
  from space 512K, 37% used [0x00000000ebb00000,0x00000000ebb30000,0x00000000ebb80000)
  to   space 512K, 0% used [0x00000000eb980000,0x00000000eb980000,0x00000000eba00000)
 ParOldGen       total 68608K, used 66089K [0x00000000c0000000, 0x00000000c4300000, 0x00000000eab00000)
  object space 68608K, 96% used [0x00000000c0000000,0x00000000c408a688,0x00000000c4300000)
 Metaspace       used 75508K, committed 76736K, reserved 1179648K
  class space    used 9090K, committed 9664K, reserved 1048576K
}
Event: 217.481 GC heap before
{Heap before GC invocations=96 (full 3):
 PSYoungGen      total 15360K, used 15040K [0x00000000eab00000, 0x00000000ebb80000, 0x0000000100000000)
  eden space 14848K, 100% used [0x00000000eab00000,0x00000000eb980000,0x00000000eb980000)
  from space 512K, 37% used [0x00000000ebb00000,0x00000000ebb30000,0x00000000ebb80000)
  to   space 512K, 0% used [0x00000000eb980000,0x00000000eb980000,0x00000000eba00000)
 ParOldGen       total 68608K, used 66089K [0x00000000c0000000, 0x00000000c4300000, 0x00000000eab00000)
  object space 68608K, 96% used [0x00000000c0000000,0x00000000c408a688,0x00000000c4300000)
 Metaspace       used 75508K, committed 76736K, reserved 1179648K
  class space    used 9090K, committed 9664K, reserved 1048576K
}
Event: 217.482 GC heap after
{Heap after GC invocations=96 (full 3):
 PSYoungGen      total 15360K, used 192K [0x00000000eab00000, 0x00000000ebb80000, 0x0000000100000000)
  eden space 14848K, 0% used [0x00000000eab00000,0x00000000eab00000,0x00000000eb980000)
  from space 512K, 37% used [0x00000000eb980000,0x00000000eb9b0000,0x00000000eba00000)
  to   space 512K, 0% used [0x00000000ebb00000,0x00000000ebb00000,0x00000000ebb80000)
 ParOldGen       total 68608K, used 66121K [0x00000000c0000000, 0x00000000c4300000, 0x00000000eab00000)
  object space 68608K, 96% used [0x00000000c0000000,0x00000000c4092688,0x00000000c4300000)
 Metaspace       used 75508K, committed 76736K, reserved 1179648K
  class space    used 9090K, committed 9664K, reserved 1048576K
}
Event: 217.779 GC heap before
{Heap before GC invocations=97 (full 3):
 PSYoungGen      total 15360K, used 15040K [0x00000000eab00000, 0x00000000ebb80000, 0x0000000100000000)
  eden space 14848K, 100% used [0x00000000eab00000,0x00000000eb980000,0x00000000eb980000)
  from space 512K, 37% used [0x00000000eb980000,0x00000000eb9b0000,0x00000000eba00000)
  to   space 512K, 0% used [0x00000000ebb00000,0x00000000ebb00000,0x00000000ebb80000)
 ParOldGen       total 68608K, used 66121K [0x00000000c0000000, 0x00000000c4300000, 0x00000000eab00000)
  object space 68608K, 96% used [0x00000000c0000000,0x00000000c4092688,0x00000000c4300000)
 Metaspace       used 75508K, committed 76736K, reserved 1179648K
  class space    used 9090K, committed 9664K, reserved 1048576K
}
Event: 217.781 GC heap after
{Heap after GC invocations=97 (full 3):
 PSYoungGen      total 15360K, used 192K [0x00000000eab00000, 0x00000000ebb80000, 0x0000000100000000)
  eden space 14848K, 0% used [0x00000000eab00000,0x00000000eab00000,0x00000000eb980000)
  from space 512K, 37% used [0x00000000ebb00000,0x00000000ebb30000,0x00000000ebb80000)
  to   space 512K, 0% used [0x00000000eb980000,0x00000000eb980000,0x00000000eba00000)
 ParOldGen       total 68608K, used 66129K [0x00000000c0000000, 0x00000000c4300000, 0x00000000eab00000)
  object space 68608K, 96% used [0x00000000c0000000,0x00000000c4094688,0x00000000c4300000)
 Metaspace       used 75508K, committed 76736K, reserved 1179648K
  class space    used 9090K, committed 9664K, reserved 1048576K
}
Event: 219.038 GC heap before
{Heap before GC invocations=98 (full 3):
 PSYoungGen      total 15360K, used 15040K [0x00000000eab00000, 0x00000000ebb80000, 0x0000000100000000)
  eden space 14848K, 100% used [0x00000000eab00000,0x00000000eb980000,0x00000000eb980000)
  from space 512K, 37% used [0x00000000ebb00000,0x00000000ebb30000,0x00000000ebb80000)
  to   space 512K, 0% used [0x00000000eb980000,0x00000000eb980000,0x00000000eba00000)
 ParOldGen       total 68608K, used 66129K [0x00000000c0000000, 0x00000000c4300000, 0x00000000eab00000)
  object space 68608K, 96% used [0x00000000c0000000,0x00000000c4094688,0x00000000c4300000)
 Metaspace       used 75515K, committed 76736K, reserved 1179648K
  class space    used 9091K, committed 9664K, reserved 1048576K
}
Event: 219.039 GC heap after
{Heap after GC invocations=98 (full 3):
 PSYoungGen      total 15360K, used 160K [0x00000000eab00000, 0x00000000ebb80000, 0x0000000100000000)
  eden space 14848K, 0% used [0x00000000eab00000,0x00000000eab00000,0x00000000eb980000)
  from space 512K, 31% used [0x00000000eb980000,0x00000000eb9a8000,0x00000000eba00000)
  to   space 512K, 0% used [0x00000000ebb00000,0x00000000ebb00000,0x00000000ebb80000)
 ParOldGen       total 68608K, used 66137K [0x00000000c0000000, 0x00000000c4300000, 0x00000000eab00000)
  object space 68608K, 96% used [0x00000000c0000000,0x00000000c4096688,0x00000000c4300000)
 Metaspace       used 75515K, committed 76736K, reserved 1179648K
  class space    used 9091K, committed 9664K, reserved 1048576K
}
Event: 220.058 GC heap before
{Heap before GC invocations=99 (full 3):
 PSYoungGen      total 15360K, used 15008K [0x00000000eab00000, 0x00000000ebb80000, 0x0000000100000000)
  eden space 14848K, 100% used [0x00000000eab00000,0x00000000eb980000,0x00000000eb980000)
  from space 512K, 31% used [0x00000000eb980000,0x00000000eb9a8000,0x00000000eba00000)
  to   space 512K, 0% used [0x00000000ebb00000,0x00000000ebb00000,0x00000000ebb80000)
 ParOldGen       total 68608K, used 66137K [0x00000000c0000000, 0x00000000c4300000, 0x00000000eab00000)
  object space 68608K, 96% used [0x00000000c0000000,0x00000000c4096688,0x00000000c4300000)
 Metaspace       used 75527K, committed 76736K, reserved 1179648K
  class space    used 9091K, committed 9664K, reserved 1048576K
}
Event: 220.059 GC heap after
{Heap after GC invocations=99 (full 3):
 PSYoungGen      total 15360K, used 192K [0x00000000eab00000, 0x00000000ebb80000, 0x0000000100000000)
  eden space 14848K, 0% used [0x00000000eab00000,0x00000000eab00000,0x00000000eb980000)
  from space 512K, 37% used [0x00000000ebb00000,0x00000000ebb30000,0x00000000ebb80000)
  to   space 512K, 0% used [0x00000000eb980000,0x00000000eb980000,0x00000000eba00000)
 ParOldGen       total 68608K, used 66193K [0x00000000c0000000, 0x00000000c4300000, 0x00000000eab00000)
  object space 68608K, 96% used [0x00000000c0000000,0x00000000c40a4688,0x00000000c4300000)
 Metaspace       used 75527K, committed 76736K, reserved 1179648K
  class space    used 9091K, committed 9664K, reserved 1048576K
}
Event: 220.665 GC heap before
{Heap before GC invocations=100 (full 3):
 PSYoungGen      total 15360K, used 15040K [0x00000000eab00000, 0x00000000ebb80000, 0x0000000100000000)
  eden space 14848K, 100% used [0x00000000eab00000,0x00000000eb980000,0x00000000eb980000)
  from space 512K, 37% used [0x00000000ebb00000,0x00000000ebb30000,0x00000000ebb80000)
  to   space 512K, 0% used [0x00000000eb980000,0x00000000eb980000,0x00000000eba00000)
 ParOldGen       total 68608K, used 66193K [0x00000000c0000000, 0x00000000c4300000, 0x00000000eab00000)
  object space 68608K, 96% used [0x00000000c0000000,0x00000000c40a4688,0x00000000c4300000)
 Metaspace       used 75552K, committed 76736K, reserved 1179648K
  class space    used 9095K, committed 9664K, reserved 1048576K
}
Event: 220.666 GC heap after
{Heap after GC invocations=100 (full 3):
 PSYoungGen      total 15360K, used 256K [0x00000000eab00000, 0x00000000ebb80000, 0x0000000100000000)
  eden space 14848K, 0% used [0x00000000eab00000,0x00000000eab00000,0x00000000eb980000)
  from space 512K, 50% used [0x00000000eb980000,0x00000000eb9c0000,0x00000000eba00000)
  to   space 512K, 0% used [0x00000000ebb00000,0x00000000ebb00000,0x00000000ebb80000)
 ParOldGen       total 68608K, used 66233K [0x00000000c0000000, 0x00000000c4300000, 0x00000000eab00000)
  object space 68608K, 96% used [0x00000000c0000000,0x00000000c40ae688,0x00000000c4300000)
 Metaspace       used 75552K, committed 76736K, reserved 1179648K
  class space    used 9095K, committed 9664K, reserved 1048576K
}
Event: 220.908 GC heap before
{Heap before GC invocations=101 (full 3):
 PSYoungGen      total 15360K, used 15104K [0x00000000eab00000, 0x00000000ebb80000, 0x0000000100000000)
  eden space 14848K, 100% used [0x00000000eab00000,0x00000000eb980000,0x00000000eb980000)
  from space 512K, 50% used [0x00000000eb980000,0x00000000eb9c0000,0x00000000eba00000)
  to   space 512K, 0% used [0x00000000ebb00000,0x00000000ebb00000,0x00000000ebb80000)
 ParOldGen       total 68608K, used 66233K [0x00000000c0000000, 0x00000000c4300000, 0x00000000eab00000)
  object space 68608K, 96% used [0x00000000c0000000,0x00000000c40ae688,0x00000000c4300000)
 Metaspace       used 75918K, committed 77184K, reserved 1179648K
  class space    used 9138K, committed 9728K, reserved 1048576K
}
Event: 220.910 GC heap after
{Heap after GC invocations=101 (full 3):
 PSYoungGen      total 15360K, used 512K [0x00000000eab00000, 0x00000000ebb80000, 0x0000000100000000)
  eden space 14848K, 0% used [0x00000000eab00000,0x00000000eab00000,0x00000000eb980000)
  from space 512K, 100% used [0x00000000ebb00000,0x00000000ebb80000,0x00000000ebb80000)
  to   space 1024K, 0% used [0x00000000eb980000,0x00000000eb980000,0x00000000eba80000)
 ParOldGen       total 68608K, used 66465K [0x00000000c0000000, 0x00000000c4300000, 0x00000000eab00000)
  object space 68608K, 96% used [0x00000000c0000000,0x00000000c40e8698,0x00000000c4300000)
 Metaspace       used 75918K, committed 77184K, reserved 1179648K
  class space    used 9138K, committed 9728K, reserved 1048576K
}

Dll operation events (15 events):
Event: 0.053 Loaded shared library c:\Users\Anoe\.vscode-insiders\extensions\redhat.java-1.28.1-win32-x64\jre\17.0.10-win32-x86_64\bin\java.dll
Event: 0.469 Loaded shared library c:\Users\Anoe\.vscode-insiders\extensions\redhat.java-1.28.1-win32-x64\jre\17.0.10-win32-x86_64\bin\zip.dll
Event: 0.473 Loaded shared library C:\Users\Anoe\.vscode-insiders\extensions\redhat.java-1.28.1-win32-x64\jre\17.0.10-win32-x86_64\bin\instrument.dll
Event: 0.532 Loaded shared library C:\Users\Anoe\.vscode-insiders\extensions\redhat.java-1.28.1-win32-x64\jre\17.0.10-win32-x86_64\bin\net.dll
Event: 0.536 Loaded shared library C:\Users\Anoe\.vscode-insiders\extensions\redhat.java-1.28.1-win32-x64\jre\17.0.10-win32-x86_64\bin\nio.dll
Event: 0.551 Loaded shared library C:\Users\Anoe\.vscode-insiders\extensions\redhat.java-1.28.1-win32-x64\jre\17.0.10-win32-x86_64\bin\zip.dll
Event: 0.578 Loaded shared library C:\Users\Anoe\.vscode-insiders\extensions\redhat.java-1.28.1-win32-x64\jre\17.0.10-win32-x86_64\bin\jimage.dll
Event: 0.772 Loaded shared library c:\Users\Anoe\.vscode-insiders\extensions\redhat.java-1.28.1-win32-x64\jre\17.0.10-win32-x86_64\bin\verify.dll
Event: 2.961 Loaded shared library C:\Users\Anoe\AppData\Roaming\Code - Insiders\User\globalStorage\redhat.java\1.28.1\config_win\org.eclipse.equinox.launcher\org.eclipse.equinox.launcher.win32.win32.x86_64_1.2.900.v20240129-1338\eclipse_11900.dll
Event: 5.599 Loaded shared library C:\Users\Anoe\.vscode-insiders\extensions\redhat.java-1.28.1-win32-x64\jre\17.0.10-win32-x86_64\bin\management.dll
Event: 5.603 Loaded shared library C:\Users\Anoe\.vscode-insiders\extensions\redhat.java-1.28.1-win32-x64\jre\17.0.10-win32-x86_64\bin\management_ext.dll
Event: 8.102 Loaded shared library C:\Users\Anoe\AppData\Local\Temp\jna-2045667\jna16221963861657122011.dll
Event: 10.527 Loaded shared library C:\Users\Anoe\.vscode-insiders\extensions\redhat.java-1.28.1-win32-x64\jre\17.0.10-win32-x86_64\bin\sunmscapi.dll
Event: 11.115 Loaded shared library C:\Users\Anoe\.vscode-insiders\extensions\redhat.java-1.28.1-win32-x64\jre\17.0.10-win32-x86_64\bin\extnet.dll
Event: 14.270 Loaded shared library C:\Users\Anoe\.gradle\native\68d5fa5c4cc2d200863cafc0d521ce42e7d3e7ee720ec0a83991735586a16f82\windows-amd64\native-platform.dll

Deoptimization events (20 events):
Event: 220.817 Thread 0x0000024b117b56d0 Uncommon trap: trap_request=0xffffffc6 fr.pc=0x0000024b0808fb34 relative=0x00000000000006f4
Event: 220.817 Thread 0x0000024b117b56d0 Uncommon trap: reason=bimorphic_or_optimized_type_check action=maybe_recompile pc=0x0000024b0808fb34 method=org.eclipse.core.internal.dtree.AbstractDataTreeNode.assembleWith(Lorg/eclipse/core/internal/dtree/AbstractDataTreeNode;)Lorg/eclipse/core/internal
Event: 220.817 Thread 0x0000024b117b56d0 DEOPT PACKING pc=0x0000024b0808fb34 sp=0x00000061d78fedc0
Event: 220.817 Thread 0x0000024b117b56d0 DEOPT UNPACKING pc=0x0000024b075866a3 sp=0x00000061d78fed78 mode 2
Event: 220.817 Thread 0x0000024b117b56d0 Uncommon trap: trap_request=0xffffffc6 fr.pc=0x0000024b0808fb34 relative=0x00000000000006f4
Event: 220.817 Thread 0x0000024b117b56d0 Uncommon trap: reason=bimorphic_or_optimized_type_check action=maybe_recompile pc=0x0000024b0808fb34 method=org.eclipse.core.internal.dtree.AbstractDataTreeNode.assembleWith(Lorg/eclipse/core/internal/dtree/AbstractDataTreeNode;)Lorg/eclipse/core/internal
Event: 220.817 Thread 0x0000024b117b56d0 DEOPT PACKING pc=0x0000024b0808fb34 sp=0x00000061d78fedc0
Event: 220.817 Thread 0x0000024b117b56d0 DEOPT UNPACKING pc=0x0000024b075866a3 sp=0x00000061d78fed78 mode 2
Event: 220.817 Thread 0x0000024b117b56d0 Uncommon trap: trap_request=0xffffff45 fr.pc=0x0000024b0809576c relative=0x00000000000016cc
Event: 220.818 Thread 0x0000024b117b56d0 Uncommon trap: reason=unstable_if action=reinterpret pc=0x0000024b0809576c method=org.eclipse.core.internal.dtree.AbstractDataTreeNode.assembleWith([Lorg/eclipse/core/internal/dtree/AbstractDataTreeNode;[Lorg/eclipse/core/internal/dtree/AbstractDataTreeNo
Event: 220.818 Thread 0x0000024b117b56d0 DEOPT PACKING pc=0x0000024b0809576c sp=0x00000061d78fece0
Event: 220.818 Thread 0x0000024b117b56d0 DEOPT UNPACKING pc=0x0000024b075866a3 sp=0x00000061d78fecb8 mode 2
Event: 220.854 Thread 0x0000024b117b56d0 Uncommon trap: trap_request=0xffffff45 fr.pc=0x0000024b07c7ccd0 relative=0x00000000000001b0
Event: 220.854 Thread 0x0000024b117b56d0 Uncommon trap: reason=unstable_if action=reinterpret pc=0x0000024b07c7ccd0 method=jdk.internal.org.objectweb.asm.Frame.push(I)V @ 26 c2
Event: 220.854 Thread 0x0000024b117b56d0 DEOPT PACKING pc=0x0000024b07c7ccd0 sp=0x00000061d78fd3e0
Event: 220.854 Thread 0x0000024b117b56d0 DEOPT UNPACKING pc=0x0000024b075866a3 sp=0x00000061d78fd368 mode 2
Event: 220.914 Thread 0x0000024b7e49b630 Uncommon trap: trap_request=0xffffff45 fr.pc=0x0000024b08086fb8 relative=0x0000000000001958
Event: 220.914 Thread 0x0000024b7e49b630 Uncommon trap: reason=unstable_if action=reinterpret pc=0x0000024b08086fb8 method=com.google.gson.stream.JsonWriter.string(Ljava/lang/String;)V @ 104 c2
Event: 220.914 Thread 0x0000024b7e49b630 DEOPT PACKING pc=0x0000024b08086fb8 sp=0x00000061d74fdf50
Event: 220.914 Thread 0x0000024b7e49b630 DEOPT UNPACKING pc=0x0000024b075866a3 sp=0x00000061d74fdf28 mode 2

Classes unloaded (7 events):
Event: 5.554 Thread 0x0000024b77a2ddc0 Unloading class 0x0000000100252400 'java/lang/invoke/LambdaForm$MH+0x0000000100252400'
Event: 5.554 Thread 0x0000024b77a2ddc0 Unloading class 0x0000000100252000 'java/lang/invoke/LambdaForm$MH+0x0000000100252000'
Event: 5.554 Thread 0x0000024b77a2ddc0 Unloading class 0x0000000100251c00 'java/lang/invoke/LambdaForm$MH+0x0000000100251c00'
Event: 5.554 Thread 0x0000024b77a2ddc0 Unloading class 0x0000000100251800 'java/lang/invoke/LambdaForm$MH+0x0000000100251800'
Event: 5.554 Thread 0x0000024b77a2ddc0 Unloading class 0x0000000100251400 'java/lang/invoke/LambdaForm$BMH+0x0000000100251400'
Event: 5.554 Thread 0x0000024b77a2ddc0 Unloading class 0x0000000100251000 'java/lang/invoke/LambdaForm$DMH+0x0000000100251000'
Event: 5.554 Thread 0x0000024b77a2ddc0 Unloading class 0x000000010024c400 'java/lang/invoke/LambdaForm$DMH+0x000000010024c400'

Classes redefined (0 events):
No events

Internal exceptions (20 events):
Event: 220.026 Thread 0x0000024b7e49b630 Exception <a 'sun/nio/fs/WindowsException'{0x00000000eb8f4438}> (0x00000000eb8f4438) 
thrown [s\src\hotspot\share\prims\jni.cpp, line 516]
Event: 220.524 Thread 0x0000024b7e49b630 Exception <a 'sun/nio/fs/WindowsException'{0x00000000eb8e6768}> (0x00000000eb8e6768) 
thrown [s\src\hotspot\share\prims\jni.cpp, line 516]
Event: 220.529 Thread 0x0000024b7e49b630 Exception <a 'sun/nio/fs/WindowsException'{0x00000000eb8ed340}> (0x00000000eb8ed340) 
thrown [s\src\hotspot\share\prims\jni.cpp, line 516]
Event: 220.530 Thread 0x0000024b7e49b630 Exception <a 'sun/nio/fs/WindowsException'{0x00000000eb8f45a8}> (0x00000000eb8f45a8) 
thrown [s\src\hotspot\share\prims\jni.cpp, line 516]
Event: 220.530 Thread 0x0000024b7e49b630 Exception <a 'sun/nio/fs/WindowsException'{0x00000000eb8fb368}> (0x00000000eb8fb368) 
thrown [s\src\hotspot\share\prims\jni.cpp, line 516]
Event: 220.531 Thread 0x0000024b7e49b630 Exception <a 'sun/nio/fs/WindowsException'{0x00000000eb902bf0}> (0x00000000eb902bf0) 
thrown [s\src\hotspot\share\prims\jni.cpp, line 516]
Event: 220.586 Thread 0x0000024b7e49b630 Exception <a 'sun/nio/fs/WindowsException'{0x00000000eb948768}> (0x00000000eb948768) 
thrown [s\src\hotspot\share\prims\jni.cpp, line 516]
Event: 220.652 Thread 0x0000024b7e49b630 Exception <a 'sun/nio/fs/WindowsException'{0x00000000eb965798}> (0x00000000eb965798) 
thrown [s\src\hotspot\share\prims\jni.cpp, line 516]
Event: 220.669 Thread 0x0000024b7e49b630 Exception <a 'sun/nio/fs/WindowsException'{0x00000000eab05268}> (0x00000000eab05268) 
thrown [s\src\hotspot\share\prims\jni.cpp, line 516]
Event: 220.685 Thread 0x0000024b7e49b630 Exception <a 'sun/nio/fs/WindowsException'{0x00000000eab1fff8}> (0x00000000eab1fff8) 
thrown [s\src\hotspot\share\prims\jni.cpp, line 516]
Event: 220.700 Thread 0x0000024b7e49b630 Exception <a 'sun/nio/fs/WindowsException'{0x00000000eab4a3b8}> (0x00000000eab4a3b8) 
thrown [s\src\hotspot\share\prims\jni.cpp, line 516]
Event: 220.708 Thread 0x0000024b7e49b630 Exception <a 'sun/nio/fs/WindowsException'{0x00000000eab64f70}> (0x00000000eab64f70) 
thrown [s\src\hotspot\share\prims\jni.cpp, line 516]
Event: 220.713 Thread 0x0000024b7e49b630 Exception <a 'sun/nio/fs/WindowsException'{0x00000000eab7dac0}> (0x00000000eab7dac0) 
thrown [s\src\hotspot\share\prims\jni.cpp, line 516]
Event: 220.764 Thread 0x0000024b0f0674c0 Exception <a 'sun/nio/fs/WindowsException'{0x00000000eafa8300}> (0x00000000eafa8300) 
thrown [s\src\hotspot\share\prims\jni.cpp, line 516]
Event: 220.768 Thread 0x0000024b0f0674c0 Implicit null exception at 0x0000024b07e5f46f to 0x0000024b07e5f9b8
Event: 220.770 Thread 0x0000024b0f0674c0 Exception <a 'sun/nio/fs/WindowsException'{0x00000000eaff3678}> (0x00000000eaff3678) 
thrown [s\src\hotspot\share\prims\jni.cpp, line 516]
Event: 220.785 Thread 0x0000024b0f0674c0 Exception <a 'java/lang/NoSuchMethodError'{0x00000000eb0b2e58}: 'java.lang.Object java.lang.invoke.DirectMethodHandle$Holder.invokeStatic(java.lang.Object, java.lang.Object, int, java.lang.Object)'> (0x00000000eb0b2e58) 
thrown [s\src\hotspot\share\interpreter\linkResolver.cpp, line 759]
Event: 220.857 Thread 0x0000024b117b56d0 Exception <a 'java/lang/NoSuchMethodError'{0x00000000eb5ad118}: 'java.lang.Object java.lang.invoke.DirectMethodHandle$Holder.newInvokeSpecial(java.lang.Object, java.lang.Object, java.lang.Object, java.lang.Object, java.lang.Object, java.lang.Object, java.lang.Object, java.lang.Object)'> (0x00000000eb5ad118) 
thrown [s\src\hotspot\share\interpreter\linkResolver.cpp, line 759]
Event: 220.858 Thread 0x0000024b117b56d0 Exception <a 'java/lang/NoSuchMethodError'{0x00000000eb5b3258}: 'java.lang.Object java.lang.invoke.DirectMethodHandle$Holder.invokeSpecial(java.lang.Object, java.lang.Object, java.lang.Object, java.lang.Object, java.lang.Object, java.lang.Object, java.lang.Object, java.lang.Object, java.lang.Object)'> (0x00000000eb5b3258) 
thrown [s\src\hotspot\share\interpreter\linkResolver.cpp, line 759]
Event: 220.859 Thread 0x0000024b117b56d0 Exception <a 'java/lang/NoSuchMethodError'{0x00000000eb5b8e98}: 'java.lang.Object java.lang.invoke.Invokers$Holder.linkToTargetMethod(java.lang.Object, java.lang.Object, java.lang.Object, java.lang.Object, java.lang.Object, java.lang.Object, java.lang.Object, java.lang.Object)'> (0x00000000eb5b8e98) 
thrown [s\src\hotspot\share\interpreter\linkResolver.cpp, line 759]

VM Operations (20 events):
Event: 216.629 Executing VM operation: ParallelGCFailedAllocation
Event: 216.630 Executing VM operation: ParallelGCFailedAllocation done
Event: 217.016 Executing VM operation: ParallelGCFailedAllocation
Event: 217.017 Executing VM operation: ParallelGCFailedAllocation done
Event: 217.481 Executing VM operation: ParallelGCFailedAllocation
Event: 217.482 Executing VM operation: ParallelGCFailedAllocation done
Event: 217.779 Executing VM operation: ParallelGCFailedAllocation
Event: 217.781 Executing VM operation: ParallelGCFailedAllocation done
Event: 218.782 Executing VM operation: Cleanup
Event: 218.782 Executing VM operation: Cleanup done
Event: 219.038 Executing VM operation: ParallelGCFailedAllocation
Event: 219.039 Executing VM operation: ParallelGCFailedAllocation done
Event: 220.039 Executing VM operation: Cleanup
Event: 220.053 Executing VM operation: Cleanup done
Event: 220.058 Executing VM operation: ParallelGCFailedAllocation
Event: 220.059 Executing VM operation: ParallelGCFailedAllocation done
Event: 220.665 Executing VM operation: ParallelGCFailedAllocation
Event: 220.666 Executing VM operation: ParallelGCFailedAllocation done
Event: 220.908 Executing VM operation: ParallelGCFailedAllocation
Event: 220.911 Executing VM operation: ParallelGCFailedAllocation done

Events (20 events):
Event: 220.798 loading class java/util/function/LongFunction
Event: 220.798 loading class java/util/function/LongFunction done
Event: 220.799 loading class java/util/stream/Nodes$ConcNode
Event: 220.799 loading class java/util/stream/Nodes$AbstractConcNode
Event: 220.799 loading class java/util/stream/Nodes$AbstractConcNode done
Event: 220.799 loading class java/util/stream/Nodes$ConcNode done
Event: 220.801 Thread 0x0000024b117b1f20 Thread added: 0x0000024b117b1f20
Event: 220.802 Thread 0x0000024b117b4290 Thread added: 0x0000024b117b4290
Event: 220.802 loading class java/util/stream/Nodes$ToArrayTask$OfRef
Event: 220.804 loading class java/util/stream/Nodes$ToArrayTask
Event: 220.804 loading class java/util/stream/Nodes$ToArrayTask done
Event: 220.804 loading class java/util/stream/Nodes$ToArrayTask$OfRef done
Event: 220.804 Thread 0x0000024b117b7530 Thread added: 0x0000024b117b7530
Event: 220.804 Thread 0x0000024b117b60f0 Thread added: 0x0000024b117b60f0
Event: 220.810 Thread 0x0000024b117b7530 Thread exited: 0x0000024b117b7530
Event: 220.810 Thread 0x0000024b117b60f0 Thread exited: 0x0000024b117b60f0
Event: 220.810 Thread 0x0000024b117b1f20 Thread exited: 0x0000024b117b1f20
Event: 220.810 Thread 0x0000024b117b4290 Thread exited: 0x0000024b117b4290
Event: 220.810 Thread 0x0000024b117b6600 Thread exited: 0x0000024b117b6600
Event: 220.853 Thread 0x0000024b10212840 Thread added: 0x0000024b10212840


Dynamic libraries:
0x00007ff669f50000 - 0x00007ff669f5e000 	c:\Users\Anoe\.vscode-insiders\extensions\redhat.java-1.28.1-win32-x64\jre\17.0.10-win32-x86_64\bin\java.exe
0x00007ff87b390000 - 0x00007ff87b5a6000 	C:\WINDOWS\SYSTEM32\ntdll.dll
0x00007ff87ad10000 - 0x00007ff87add4000 	C:\WINDOWS\System32\KERNEL32.DLL
0x00007ff8789d0000 - 0x00007ff878d76000 	C:\WINDOWS\System32\KERNELBASE.dll
0x00007ff8786d0000 - 0x00007ff8787e1000 	C:\WINDOWS\System32\ucrtbase.dll
0x00007ff870700000 - 0x00007ff870717000 	c:\Users\Anoe\.vscode-insiders\extensions\redhat.java-1.28.1-win32-x64\jre\17.0.10-win32-x86_64\bin\jli.dll
0x00007ff87aa00000 - 0x00007ff87abad000 	C:\WINDOWS\System32\USER32.dll
0x00007ff8786a0000 - 0x00007ff8786c6000 	C:\WINDOWS\System32\win32u.dll
0x00007ff87b130000 - 0x00007ff87b159000 	C:\WINDOWS\System32\GDI32.dll
0x00007ff8787f0000 - 0x00007ff878908000 	C:\WINDOWS\System32\gdi32full.dll
0x00007ff879010000 - 0x00007ff8790aa000 	C:\WINDOWS\System32\msvcp_win.dll
0x00007ff86acf0000 - 0x00007ff86ad0b000 	c:\Users\Anoe\.vscode-insiders\extensions\redhat.java-1.28.1-win32-x64\jre\17.0.10-win32-x86_64\bin\VCRUNTIME140.dll
0x00007ff85ac80000 - 0x00007ff85af13000 	C:\WINDOWS\WinSxS\amd64_microsoft.windows.common-controls_6595b64144ccf1df_6.0.22621.3235_none_270f74e173860f98\COMCTL32.dll
0x00007ff87ade0000 - 0x00007ff87ae87000 	C:\WINDOWS\System32\msvcrt.dll
0x00007ff87a500000 - 0x00007ff87a531000 	C:\WINDOWS\System32\IMM32.DLL
0x00007ff855210000 - 0x00007ff855374000 	C:\Program Files (x86)\Citrix\ICA Client\ctxapclient64.dll
0x00007ff878fe0000 - 0x00007ff879008000 	C:\WINDOWS\System32\bcrypt.dll
0x00007ff87a670000 - 0x00007ff87a9f8000 	C:\WINDOWS\System32\combase.dll
0x00007ff87a550000 - 0x00007ff87a665000 	C:\WINDOWS\System32\RPCRT4.dll
0x00007ff86e690000 - 0x00007ff86e69a000 	C:\WINDOWS\SYSTEM32\VERSION.dll
0x00007ff879710000 - 0x00007ff8797c2000 	C:\WINDOWS\System32\ADVAPI32.dll
0x00007ff87ac60000 - 0x00007ff87ad08000 	C:\WINDOWS\System32\sechost.dll
0x00007ff8777b0000 - 0x00007ff8777e4000 	C:\WINDOWS\SYSTEM32\ntmarta.dll
0x0000024b70a80000 - 0x0000024b70afa000 	C:\WINDOWS\System32\bcryptprimitives.dll
0x00007ff86adc0000 - 0x00007ff86adcc000 	c:\Users\Anoe\.vscode-insiders\extensions\redhat.java-1.28.1-win32-x64\jre\17.0.10-win32-x86_64\bin\vcruntime140_1.dll
0x00007ff83edf0000 - 0x00007ff83ee7d000 	c:\Users\Anoe\.vscode-insiders\extensions\redhat.java-1.28.1-win32-x64\jre\17.0.10-win32-x86_64\bin\msvcp140.dll
0x00007ff877790000 - 0x00007ff8777a8000 	C:\WINDOWS\SYSTEM32\kernel.appcore.dll
0x00007ff828200000 - 0x00007ff828e62000 	c:\Users\Anoe\.vscode-insiders\extensions\redhat.java-1.28.1-win32-x64\jre\17.0.10-win32-x86_64\bin\server\jvm.dll
0x00007ff8774f0000 - 0x00007ff87753d000 	C:\WINDOWS\SYSTEM32\POWRPROF.dll
0x00007ff86f920000 - 0x00007ff86f954000 	C:\WINDOWS\SYSTEM32\WINMM.dll
0x00007ff85ce40000 - 0x00007ff85ce49000 	C:\WINDOWS\SYSTEM32\WSOCK32.dll
0x0000024b723c0000 - 0x0000024b72431000 	C:\WINDOWS\System32\WS2_32.dll
0x00007ff8774d0000 - 0x00007ff8774e3000 	C:\WINDOWS\SYSTEM32\UMPDC.dll
0x00007ff86ace0000 - 0x00007ff86acea000 	c:\Users\Anoe\.vscode-insiders\extensions\redhat.java-1.28.1-win32-x64\jre\17.0.10-win32-x86_64\bin\jimage.dll
0x00007ff875160000 - 0x00007ff875393000 	C:\WINDOWS\SYSTEM32\DBGHELP.DLL
0x00007ff8792e0000 - 0x00007ff8793b7000 	C:\WINDOWS\System32\OLEAUT32.dll
0x00007ff858390000 - 0x00007ff8583c2000 	C:\WINDOWS\SYSTEM32\dbgcore.DLL
0x00007ff860610000 - 0x00007ff86061e000 	c:\Users\Anoe\.vscode-insiders\extensions\redhat.java-1.28.1-win32-x64\jre\17.0.10-win32-x86_64\bin\instrument.dll
0x00007ff85d420000 - 0x00007ff85d445000 	c:\Users\Anoe\.vscode-insiders\extensions\redhat.java-1.28.1-win32-x64\jre\17.0.10-win32-x86_64\bin\java.dll
0x00007ff85dfc0000 - 0x00007ff85dfd8000 	c:\Users\Anoe\.vscode-insiders\extensions\redhat.java-1.28.1-win32-x64\jre\17.0.10-win32-x86_64\bin\zip.dll
0x00007ff879820000 - 0x00007ff87a07d000 	C:\WINDOWS\System32\SHELL32.dll
0x00007ff8765c0000 - 0x00007ff876eb8000 	C:\WINDOWS\SYSTEM32\windows.storage.dll
0x00007ff876480000 - 0x00007ff8765be000 	C:\WINDOWS\SYSTEM32\wintypes.dll
0x00007ff879560000 - 0x00007ff879653000 	C:\WINDOWS\System32\SHCORE.dll
0x0000024b77f70000 - 0x0000024b77fce000 	C:\WINDOWS\System32\shlwapi.dll
0x00007ff8785d0000 - 0x00007ff8785f6000 	C:\WINDOWS\SYSTEM32\profapi.dll
0x00007ff85d590000 - 0x00007ff85d5a9000 	C:\Users\Anoe\.vscode-insiders\extensions\redhat.java-1.28.1-win32-x64\jre\17.0.10-win32-x86_64\bin\net.dll
0x00007ff8710c0000 - 0x00007ff8711f7000 	C:\WINDOWS\SYSTEM32\WINHTTP.dll
0x00007ff877c00000 - 0x00007ff877c69000 	C:\WINDOWS\system32\mswsock.dll
0x00007ff85d400000 - 0x00007ff85d416000 	C:\Users\Anoe\.vscode-insiders\extensions\redhat.java-1.28.1-win32-x64\jre\17.0.10-win32-x86_64\bin\nio.dll
0x00007ff85d8d0000 - 0x00007ff85d8e0000 	c:\Users\Anoe\.vscode-insiders\extensions\redhat.java-1.28.1-win32-x64\jre\17.0.10-win32-x86_64\bin\verify.dll
0x00007ff858270000 - 0x00007ff8582ae000 	C:\Users\Anoe\AppData\Roaming\Code - Insiders\User\globalStorage\redhat.java\1.28.1\config_win\org.eclipse.equinox.launcher\org.eclipse.equinox.launcher.win32.win32.x86_64_1.2.900.v20240129-1338\eclipse_11900.dll
0x00007ff8793c0000 - 0x00007ff87955f000 	C:\WINDOWS\System32\ole32.dll
0x00007ff86ad70000 - 0x00007ff86ad79000 	C:\Users\Anoe\.vscode-insiders\extensions\redhat.java-1.28.1-win32-x64\jre\17.0.10-win32-x86_64\bin\management.dll
0x00007ff86ad60000 - 0x00007ff86ad6b000 	C:\Users\Anoe\.vscode-insiders\extensions\redhat.java-1.28.1-win32-x64\jre\17.0.10-win32-x86_64\bin\management_ext.dll
0x00007ff8790b0000 - 0x00007ff8790b8000 	C:\WINDOWS\System32\PSAPI.DLL
0x00007ff877f50000 - 0x00007ff877f6b000 	C:\WINDOWS\SYSTEM32\CRYPTSP.dll
0x00007ff8776f0000 - 0x00007ff877725000 	C:\WINDOWS\system32\rsaenh.dll
0x00007ff877ca0000 - 0x00007ff877ccc000 	C:\WINDOWS\SYSTEM32\USERENV.dll
0x00007ff877f30000 - 0x00007ff877f3c000 	C:\WINDOWS\SYSTEM32\CRYPTBASE.dll
0x00007ff8771d0000 - 0x00007ff8771fd000 	C:\WINDOWS\SYSTEM32\IPHLPAPI.DLL
0x00007ff87a540000 - 0x00007ff87a549000 	C:\WINDOWS\System32\NSI.dll
0x00007ff870460000 - 0x00007ff870479000 	C:\WINDOWS\SYSTEM32\dhcpcsvc6.DLL
0x00007ff870270000 - 0x00007ff87028f000 	C:\WINDOWS\SYSTEM32\dhcpcsvc.DLL
0x00007ff877200000 - 0x00007ff8772f9000 	C:\WINDOWS\SYSTEM32\DNSAPI.dll
0x00007ff84a8b0000 - 0x00007ff84a8f5000 	C:\Users\Anoe\AppData\Local\Temp\jna-2045667\jna16221963861657122011.dll
0x00007ff8735d0000 - 0x00007ff8735de000 	C:\Users\Anoe\.vscode-insiders\extensions\redhat.java-1.28.1-win32-x64\jre\17.0.10-win32-x86_64\bin\sunmscapi.dll
0x00007ff878e00000 - 0x00007ff878f66000 	C:\WINDOWS\System32\CRYPT32.dll
0x00007ff878040000 - 0x00007ff87806e000 	C:\WINDOWS\SYSTEM32\ncrypt.dll
0x00007ff878000000 - 0x00007ff878037000 	C:\WINDOWS\SYSTEM32\NTASN1.dll
0x00007ff86e300000 - 0x00007ff86e30a000 	C:\Windows\System32\rasadhlp.dll
0x00007ff86e6f0000 - 0x00007ff86e773000 	C:\WINDOWS\System32\fwpuclnt.dll
0x00007ff8735c0000 - 0x00007ff8735c9000 	C:\Users\Anoe\.vscode-insiders\extensions\redhat.java-1.28.1-win32-x64\jre\17.0.10-win32-x86_64\bin\extnet.dll
0x00007ff8039d0000 - 0x00007ff8039f7000 	C:\Users\Anoe\.gradle\native\68d5fa5c4cc2d200863cafc0d521ce42e7d3e7ee720ec0a83991735586a16f82\windows-amd64\native-platform.dll
0x00007ff82c3b0000 - 0x00007ff82c3b8000 	C:\WINDOWS\system32\wshunix.dll

dbghelp: loaded successfully - version: 4.0.5 - missing functions: none
symbol engine: initialized successfully - sym options: 0x614 - pdb path: .;c:\Users\Anoe\.vscode-insiders\extensions\redhat.java-1.28.1-win32-x64\jre\17.0.10-win32-x86_64\bin;C:\WINDOWS\SYSTEM32;C:\WINDOWS\WinSxS\amd64_microsoft.windows.common-controls_6595b64144ccf1df_6.0.22621.3235_none_270f74e173860f98;C:\Program Files (x86)\Citrix\ICA Client;c:\Users\Anoe\.vscode-insiders\extensions\redhat.java-1.28.1-win32-x64\jre\17.0.10-win32-x86_64\bin\server;C:\Users\Anoe\AppData\Roaming\Code - Insiders\User\globalStorage\redhat.java\1.28.1\config_win\org.eclipse.equinox.launcher\org.eclipse.equinox.launcher.win32.win32.x86_64_1.2.900.v20240129-1338;C:\Users\Anoe\AppData\Local\Temp\jna-2045667;C:\Users\Anoe\.gradle\native\68d5fa5c4cc2d200863cafc0d521ce42e7d3e7ee720ec0a83991735586a16f82\windows-amd64

VM Arguments:
jvm_args: --add-modules=ALL-SYSTEM --add-opens=java.base/java.util=ALL-UNNAMED --add-opens=java.base/java.lang=ALL-UNNAMED --add-opens=java.base/sun.nio.fs=ALL-UNNAMED -Declipse.application=org.eclipse.jdt.ls.core.id1 -Dosgi.bundles.defaultStartLevel=4 -Declipse.product=org.eclipse.jdt.ls.core.product -Djava.import.generatesMetadataFilesAtProjectRoot=false -DDetectVMInstallationsJob.disabled=true -Dfile.encoding=utf8 -XX:+UseParallelGC -XX:GCTimeRatio=4 -XX:AdaptiveSizePolicyWeight=90 -Dsun.zip.disableMemoryMapping=true -Xmx1G -Xms100m -Xlog:disable -javaagent:c:\Users\Anoe\.vscode-insiders\extensions\redhat.java-1.28.1-win32-x64\lombok\lombok-1.18.31.jar -XX:+HeapDumpOnOutOfMemoryError -XX:HeapDumpPath=c:\Users\Anoe\AppData\Roaming\Code - Insiders\User\workspaceStorage\bde4a570759c72ed8cb912aa7c125bfd\redhat.java -Daether.dependencyCollector.impl=bf -Djdt.core.sharedIndexLocation=C:\Users\Anoe\AppData\Roaming\.jdt\index 
java_command: c:\Users\Anoe\.vscode-insiders\extensions\redhat.java-1.28.1-win32-x64\server\plugins\org.eclipse.equinox.launcher_1.6.700.v20231214-2017.jar -configuration c:\Users\Anoe\AppData\Roaming\Code - Insiders\User\globalStorage\redhat.java\1.28.1\config_win -data c:\Users\Anoe\AppData\Roaming\Code - Insiders\User\workspaceStorage\bde4a570759c72ed8cb912aa7c125bfd\redhat.java\jdt_ws --pipe=\\.\pipe\lsp-30c5c057f2e329d53b514cc7909dc5e4-sock
java_class_path (initial): c:\Users\Anoe\.vscode-insiders\extensions\redhat.java-1.28.1-win32-x64\server\plugins\org.eclipse.equinox.launcher_1.6.700.v20231214-2017.jar
Launcher Type: SUN_STANDARD

[Global flags]
    uintx AdaptiveSizePolicyWeight                 = 90                                        {product} {command line}
     intx CICompilerCount                          = 4                                         {product} {ergonomic}
    uintx GCTimeRatio                              = 4                                         {product} {command line}
     bool HeapDumpOnOutOfMemoryError               = true                                   {manageable} {command line}
    ccstr HeapDumpPath                             = c:\Users\Anoe\AppData\Roaming\Code - Insiders\User\workspaceStorage\bde4a570759c72ed8cb912aa7c125bfd\redhat.java         {manageable} {command line}
   size_t InitialHeapSize                          = 104857600                                 {product} {command line}
   size_t MaxHeapSize                              = 1073741824                                {product} {command line}
   size_t MaxNewSize                               = 357564416                                 {product} {ergonomic}
   size_t MinHeapDeltaBytes                        = 524288                                    {product} {ergonomic}
   size_t MinHeapSize                              = 104857600                                 {product} {command line}
   size_t NewSize                                  = 34603008                                  {product} {ergonomic}
    uintx NonNMethodCodeHeapSize                   = 5839372                                {pd product} {ergonomic}
    uintx NonProfiledCodeHeapSize                  = 122909434                              {pd product} {ergonomic}
   size_t OldSize                                  = 70254592                                  {product} {ergonomic}
    uintx ProfiledCodeHeapSize                     = 122909434                              {pd product} {ergonomic}
    uintx ReservedCodeCacheSize                    = 251658240                              {pd product} {ergonomic}
     bool SegmentedCodeCache                       = true                                      {product} {ergonomic}
   size_t SoftMaxHeapSize                          = 1073741824                             {manageable} {ergonomic}
     bool UseCompressedClassPointers               = true                           {product lp64_product} {ergonomic}
     bool UseCompressedOops                        = true                           {product lp64_product} {ergonomic}
     bool UseLargePagesIndividualAllocation        = false                                  {pd product} {ergonomic}
     bool UseParallelGC                            = true                                      {product} {command line}

Logging:
Log output configuration:
 #0: stdout all=off uptime,level,tags
 #1: stderr all=off uptime,level,tags

Environment Variables:
JAVA_HOME=C:\Program Files\Java\jdk-17
PATH=C:\Python311\Scripts\;C:\Python311\;C:\Program Files\Common Files\Oracle\Java\javapath;C:\WINDOWS\system32;C:\WINDOWS;C:\WINDOWS\System32\Wbem;C:\WINDOWS\System32\WindowsPowerShell\v1.0\;C:\WINDOWS\System32\OpenSSH\;C:\Users\Anoe\AppData\Roaming\nvm;C:\Program Files\nodejs;C:\Program Files\Docker\Docker\resources\bin;C:\Program Files\nodejs\;C:\ProgramData\chocolatey\bin;C:\flutter\bin;C:\Program Files\Git\cmd;C:\Program Files\Git\mingw64\bin;C:\Program Files\Git\usr\bin;C:\Program Files (x86)\Microsoft SQL Server\160\Tools\Binn\;C:\Program Files\Microsoft SQL Server\160\Tools\Binn\;C:\Program Files\Microsoft SQL Server\Client SDK\ODBC\170\Tools\Binn\;C:\Program Files\Microsoft SQL Server\160\DTS\Binn\;C:\Program Files (x86)\Microsoft SQL Server\160\DTS\Binn\;C:\Program Files\Azure Data Studio\bin;C:\Program Files\Microsoft SQL Server\130\Tools\Binn\;C:\Program Files\Microsoft SQL Server\150\Tools\Binn\;C:\Program Files\Seq\;C:\Program Files\Seq\Client\;C:\Program Files\dotnet\;C:\Program Files\MySQL\MySQL Shell 8.0\bin\;C:\Users\Anoe\AppData\Local\Programs\Python\Python37\Scripts\;C:\Users\Anoe\AppData\Local\Programs\Python\Python37\;C:\Users\Anoe\AppData\Local\Microsoft\WindowsApps;C:\Users\Anoe\AppData\Local\Programs\Microsoft VS Code Insiders\bin;C:\Program Files\JetBrains\IntelliJ IDEA 2022.3\bin;C:\Users\Anoe\AppData\Roaming\npm;C:\Users\Anoe\AppData\Local\Android\Sdk\platform-tools;C:\Users\Anoe\AppData\Local\GitHubDesktop\bin;C:\src\flutter\bin;C:\Program Files\JetBrains\WebStorm 2022.3\bin;C:\Program Files\JetBrains\JetBrains Rider 2023.2.3\bin;C:\Users\Anoe\.dotnet\tools
USERNAME=Anoe
OS=Windows_NT
PROCESSOR_IDENTIFIER=Intel64 Family 6 Model 142 Stepping 10, GenuineIntel
TMP=C:\Users\Anoe\AppData\Local\Temp
TEMP=C:\Users\Anoe\AppData\Local\Temp



Periodic native trim disabled


---------------  S Y S T E M  ---------------

OS:
 Windows 11 , 64 bit Build 22621 (10.0.22621.3235)
OS uptime: 0 days 2:51 hours
Hyper-V role detected

CPU: total 8 (initial active 8) (4 cores per cpu, 2 threads per core) family 6 model 142 stepping 10 microcode 0xf0, cx8, cmov, fxsr, ht, mmx, 3dnowpref, sse, sse2, sse3, ssse3, sse4.1, sse4.2, popcnt, lzcnt, tsc, tscinvbit, avx, avx2, aes, erms, clmul, bmi1, bmi2, adx, fma, vzeroupper, clflush, clflushopt, hv
Processor Information for all 8 processors :
  Max Mhz: 1992, Current Mhz: 1792, Mhz Limit: 1792

Memory: 4k page, system-wide physical 16275M (3367M free)
TotalPageFile size 16275M (AvailPageFile size 166M)
current process WorkingSet (physical memory assigned to process): 290M, peak: 297M
current process commit charge ("private bytes"): 339M, peak: 354M

vm_info: OpenJDK 64-Bit Server VM (17.0.10+7) for windows-amd64 JRE (17.0.10+7), built on Jan 16 2024 23:25:11 by "admin" with MS VC++ 16.10 / 16.11 (VS2019)

END.
