#
# There is insufficient memory for the Java Runtime Environment to continue.
# Native memory allocation (malloc) failed to allocate 32744 bytes for ChunkPool::allocate
# Possible reasons:
#   The system is out of physical RAM or swap space
#   The process is running with CompressedOops enabled, and the Java Heap may be blocking the growth of the native heap
# Possible solutions:
#   Reduce memory load on the system
#   Increase physical memory or swap space
#   Check if swap backing store is full
#   Decrease Java heap size (-Xmx/-Xms)
#   Decrease number of Java threads
#   Decrease Java thread stack sizes (-Xss)
#   Set larger code cache with -XX:ReservedCodeCacheSize=
#   JVM is running with Unscaled Compressed Oops mode in which the Java heap is
#     placed in the first 4GB address space. The Java Heap base address is the
#     maximum limit for the native heap growth. Please use -XX:HeapBaseMinAddress
#     to set the Java Heap base and to place the Java Heap above 4GB virtual address.
# This output file may be truncated or incomplete.
#
#  Out of Memory Error (arena.cpp:79), pid=5256, tid=2828
#
# JRE version: OpenJDK Runtime Environment Temurin-17.0.10+7 (17.0.10+7) (build 17.0.10+7)
# Java VM: OpenJDK 64-Bit Server VM Temurin-17.0.10+7 (17.0.10+7, mixed mode, tiered, compressed oops, compressed class ptrs, parallel gc, windows-amd64)
# No core dump will be written. Minidumps are not enabled by default on client versions of Windows
#

---------------  S U M M A R Y ------------

Command Line: --add-modules=ALL-SYSTEM --add-opens=java.base/java.util=ALL-UNNAMED --add-opens=java.base/java.lang=ALL-UNNAMED --add-opens=java.base/sun.nio.fs=ALL-UNNAMED -Declipse.application=org.eclipse.jdt.ls.core.id1 -Dosgi.bundles.defaultStartLevel=4 -Declipse.product=org.eclipse.jdt.ls.core.product -Djava.import.generatesMetadataFilesAtProjectRoot=false -DDetectVMInstallationsJob.disabled=true -Dfile.encoding=utf8 -XX:+UseParallelGC -XX:GCTimeRatio=4 -XX:AdaptiveSizePolicyWeight=90 -Dsun.zip.disableMemoryMapping=true -Xmx1G -Xms100m -Xlog:disable -javaagent:c:\Users\Anoe\.vscode-insiders\extensions\redhat.java-1.28.1-win32-x64\lombok\lombok-1.18.31.jar -XX:+HeapDumpOnOutOfMemoryError -XX:HeapDumpPath=c:\Users\Anoe\AppData\Roaming\Code - Insiders\User\workspaceStorage\bde4a570759c72ed8cb912aa7c125bfd\redhat.java -Daether.dependencyCollector.impl=bf -Djdt.core.sharedIndexLocation=C:\Users\Anoe\AppData\Roaming\.jdt\index c:\Users\Anoe\.vscode-insiders\extensions\redhat.java-1.28.1-win32-x64\server\plugins\org.eclipse.equinox.launcher_1.6.700.v20231214-2017.jar -configuration c:\Users\Anoe\AppData\Roaming\Code - Insiders\User\globalStorage\redhat.java\1.28.1\config_win -data c:\Users\Anoe\AppData\Roaming\Code - Insiders\User\workspaceStorage\bde4a570759c72ed8cb912aa7c125bfd\redhat.java\jdt_ws --pipe=\\.\pipe\lsp-716fbaa4c77cf0ac3f882f9023c43c69-sock

Host: Intel(R) Core(TM) i7-8550U CPU @ 1.80GHz, 8 cores, 15G,  Windows 11 , 64 bit Build 22621 (10.0.22621.3235)
Time: Mon Mar 18 06:15:01 2024 South Africa Standard Time elapsed time: 10.095066 seconds (0d 0h 0m 10s)

---------------  T H R E A D  ---------------

Current thread (0x00000235f520d9d0):  JavaThread "C1 CompilerThread0" daemon [_thread_in_native, id=2828, stack(0x000000cca3200000,0x000000cca3300000)]


Current CompileTask:
C1:  10095 3727 %     3       org.lombokweb.asm.ClassReader::<init> @ 110 (371 bytes)

Stack: [0x000000cca3200000,0x000000cca3300000]
Native frames: (J=compiled Java code, j=interpreted, Vv=VM code, C=native code)
V  [jvm.dll+0x67d2c9]
V  [jvm.dll+0x834afa]
V  [jvm.dll+0x8365be]
V  [jvm.dll+0x836c23]
V  [jvm.dll+0x2477ff]
V  [jvm.dll+0xac711]
V  [jvm.dll+0xacb5c]
V  [jvm.dll+0x16b77b]
V  [jvm.dll+0x16324f]
V  [jvm.dll+0x15f60e]
V  [jvm.dll+0x14d7b0]
V  [jvm.dll+0x1362e7]
V  [jvm.dll+0x135c7f]
V  [jvm.dll+0x135eb6]
V  [jvm.dll+0x13534a]
V  [jvm.dll+0x137001]
V  [jvm.dll+0x2290de]
V  [jvm.dll+0x2272ac]
V  [jvm.dll+0x7e9bb7]
V  [jvm.dll+0x7e3fba]
V  [jvm.dll+0x67c1b5]
C  [ucrtbase.dll+0x29363]
C  [KERNEL32.DLL+0x1257d]
C  [ntdll.dll+0x5aa58]


---------------  P R O C E S S  ---------------

Threads class SMR info:
_java_thread_list=0x00000235f6bce6b0, length=23, elements={
0x00000235dc4098f0, 0x00000235f517bf50, 0x00000235f0260d60, 0x00000235f51b8000,
0x00000235f51b8b90, 0x00000235f51b9720, 0x00000235f5193fc0, 0x00000235f5194bc0,
0x00000235f520d9d0, 0x00000235f52224c0, 0x00000235dc46bf00, 0x00000235f6522380,
0x00000235f6773c80, 0x00000235f65d0960, 0x00000235f6cfbd40, 0x00000235f70db9c0,
0x00000235f6fb6400, 0x00000235f70db100, 0x00000235f6f6d120, 0x00000235f6d4f180,
0x00000235f6849d30, 0x00000235f6d4ec70, 0x00000235f6b321f0
}

Java Threads: ( => current thread )
  0x00000235dc4098f0 JavaThread "main" [_thread_blocked, id=1080, stack(0x000000cca2900000,0x000000cca2a00000)]
  0x00000235f517bf50 JavaThread "Reference Handler" daemon [_thread_blocked, id=12820, stack(0x000000cca2b00000,0x000000cca2c00000)]
  0x00000235f0260d60 JavaThread "Finalizer" daemon [_thread_blocked, id=27476, stack(0x000000cca2c00000,0x000000cca2d00000)]
  0x00000235f51b8000 JavaThread "Signal Dispatcher" daemon [_thread_blocked, id=22728, stack(0x000000cca2d00000,0x000000cca2e00000)]
  0x00000235f51b8b90 JavaThread "Attach Listener" daemon [_thread_blocked, id=13708, stack(0x000000cca2e00000,0x000000cca2f00000)]
  0x00000235f51b9720 JavaThread "Service Thread" daemon [_thread_blocked, id=29060, stack(0x000000cca2f00000,0x000000cca3000000)]
  0x00000235f5193fc0 JavaThread "Monitor Deflation Thread" daemon [_thread_blocked, id=2580, stack(0x000000cca3000000,0x000000cca3100000)]
  0x00000235f5194bc0 JavaThread "C2 CompilerThread0" daemon [_thread_in_native, id=27528, stack(0x000000cca3100000,0x000000cca3200000)]
=>0x00000235f520d9d0 JavaThread "C1 CompilerThread0" daemon [_thread_in_native, id=2828, stack(0x000000cca3200000,0x000000cca3300000)]
  0x00000235f52224c0 JavaThread "Sweeper thread" daemon [_thread_blocked, id=28300, stack(0x000000cca3300000,0x000000cca3400000)]
  0x00000235dc46bf00 JavaThread "Common-Cleaner" daemon [_thread_blocked, id=18028, stack(0x000000cca3400000,0x000000cca3500000)]
  0x00000235f6522380 JavaThread "Notification Thread" daemon [_thread_blocked, id=8412, stack(0x000000cca3500000,0x000000cca3600000)]
  0x00000235f6773c80 JavaThread "Active Thread: Equinox Container: 89035935-b128-42f8-95a2-bcb09f443e0e" [_thread_blocked, id=2700, stack(0x000000cca3f00000,0x000000cca4000000)]
  0x00000235f65d0960 JavaThread "Framework Event Dispatcher: Equinox Container: 89035935-b128-42f8-95a2-bcb09f443e0e" daemon [_thread_blocked, id=3328, stack(0x000000cca3800000,0x000000cca3900000)]
  0x00000235f6cfbd40 JavaThread "Start Level: Equinox Container: 89035935-b128-42f8-95a2-bcb09f443e0e" daemon [_thread_in_Java, id=8408, stack(0x000000cca4000000,0x000000cca4100000)]
  0x00000235f70db9c0 JavaThread "Bundle File Closer" daemon [_thread_blocked, id=20724, stack(0x000000cca4200000,0x000000cca4300000)]
  0x00000235f6fb6400 JavaThread "SCR Component Actor" daemon [_thread_blocked, id=1564, stack(0x000000cca3700000,0x000000cca3800000)]
  0x00000235f70db100 JavaThread "SCR Component Registry" daemon [_thread_blocked, id=14608, stack(0x000000cca4300000,0x000000cca4400000)]
  0x00000235f6f6d120 JavaThread "C2 CompilerThread1" daemon [_thread_in_native, id=4968, stack(0x000000cca4400000,0x000000cca4500000)]
  0x00000235f6d4f180 JavaThread "Worker-JM" [_thread_blocked, id=16796, stack(0x000000cca4500000,0x000000cca4600000)]
  0x00000235f6849d30 JavaThread "C2 CompilerThread2" daemon [_thread_in_native, id=20904, stack(0x000000cca4600000,0x000000cca4700000)]
  0x00000235f6d4ec70 JavaThread "Worker-0" [_thread_blocked, id=10144, stack(0x000000cca4700000,0x000000cca4800000)]
  0x00000235f6b321f0 JavaThread "Worker-1" [_thread_blocked, id=26780, stack(0x000000cca4800000,0x000000cca4900000)]

Other Threads:
  0x00000235f02572d0 VMThread "VM Thread" [stack: 0x000000cca2700000,0x000000cca2800000] [id=6048]
  0x00000235f5473220 WatcherThread [stack: 0x000000cca3600000,0x000000cca3700000] [id=18996]
  0x00000235dc417590 GCTaskThread "GC Thread#0" [stack: 0x000000cca2a00000,0x000000cca2b00000] [id=22588]
  0x00000235f6c22bd0 GCTaskThread "GC Thread#1" [stack: 0x000000cca3900000,0x000000cca3a00000] [id=13476]
  0x00000235f6c23c50 GCTaskThread "GC Thread#2" [stack: 0x000000cca3a00000,0x000000cca3b00000] [id=22260]
  0x00000235f6c220d0 GCTaskThread "GC Thread#3" [stack: 0x000000cca3b00000,0x000000cca3c00000] [id=14420]
  0x00000235f6c23150 GCTaskThread "GC Thread#4" [stack: 0x000000cca3c00000,0x000000cca3d00000] [id=22964]
  0x00000235f6c236d0 GCTaskThread "GC Thread#5" [stack: 0x000000cca3d00000,0x000000cca3e00000] [id=21024]
  0x00000235f6c22650 GCTaskThread "GC Thread#6" [stack: 0x000000cca3e00000,0x000000cca3f00000] [id=29276]
  0x00000235f6c23410 GCTaskThread "GC Thread#7" [stack: 0x000000cca4100000,0x000000cca4200000] [id=1384]

Threads with active compile tasks:
C2 CompilerThread0    10177 3725       4       org.lombokweb.asm.MethodWriter::<init> (232 bytes)
C1 CompilerThread0    10177 3727 %     3       org.lombokweb.asm.ClassReader::<init> @ 110 (371 bytes)
C2 CompilerThread1    10177 3724       4       org.lombokweb.asm.ClassWriter::visitMethod (57 bytes)
C2 CompilerThread2    10177 3713       4       org.lombokweb.asm.ClassReader::readMethod (1066 bytes)

VM state: not at safepoint (normal execution)

VM Mutex/Monitor currently owned by a thread: None

Heap address: 0x00000000c0000000, size: 1024 MB, Compressed Oops mode: 32-bit

CDS archive(s) not mapped
Compressed class space mapped at: 0x0000000100000000-0x0000000140000000, reserved size: 1073741824
Narrow klass base: 0x0000000000000000, Narrow klass shift: 3, Narrow klass range: 0x140000000

GC Precious Log:
 CPUs: 8 total, 8 available
 Memory: 16275M
 Large Page Support: Disabled
 NUMA Support: Disabled
 Compressed Oops: Enabled (32-bit)
 Alignments: Space 512K, Generation 512K, Heap 2M
 Heap Min Capacity: 100M
 Heap Initial Capacity: 100M
 Heap Max Capacity: 1G
 Pre-touch: Disabled
 Parallel Workers: 8

Heap:
 PSYoungGen      total 30208K, used 20764K [0x00000000eab00000, 0x00000000ecf00000, 0x0000000100000000)
  eden space 24064K, 62% used [0x00000000eab00000,0x00000000eb9c41a0,0x00000000ec280000)
  from space 6144K, 91% used [0x00000000ec900000,0x00000000ece82fc0,0x00000000ecf00000)
  to   space 6144K, 0% used [0x00000000ec300000,0x00000000ec300000,0x00000000ec900000)
 ParOldGen       total 68608K, used 11949K [0x00000000c0000000, 0x00000000c4300000, 0x00000000eab00000)
  object space 68608K, 17% used [0x00000000c0000000,0x00000000c0bab4b8,0x00000000c4300000)
 Metaspace       used 30875K, committed 31488K, reserved 1114112K
  class space    used 3043K, committed 3264K, reserved 1048576K

Card table byte_map: [0x00000235dbda0000,0x00000235dbfb0000] _byte_map_base: 0x00000235db7a0000

Marking Bits: (ParMarkBitMap*) 0x00007ff824e1d7d0
 Begin Bits: [0x00000235ee070000, 0x00000235ef070000)
 End Bits:   [0x00000235ef070000, 0x00000235f0070000)

Polling page: 0x00000235dbb90000

Metaspace:

Usage:
  Non-class:     27.18 MB used.
      Class:      2.97 MB used.
       Both:     30.15 MB used.

Virtual space:
  Non-class space:       64.00 MB reserved,      27.56 MB ( 43%) committed,  1 nodes.
      Class space:        1.00 GB reserved,       3.19 MB ( <1%) committed,  1 nodes.
             Both:        1.06 GB reserved,      30.75 MB (  3%) committed. 

Chunk freelists:
   Non-Class:  4.36 MB
       Class:  12.81 MB
        Both:  17.17 MB

MaxMetaspaceSize: unlimited
CompressedClassSpaceSize: 1.00 GB
Initial GC threshold: 21.00 MB
Current GC threshold: 35.00 MB
CDS: off
MetaspaceReclaimPolicy: balanced
 - commit_granule_bytes: 65536.
 - commit_granule_words: 8192.
 - virtual_space_node_default_size: 8388608.
 - enlarge_chunks_in_place: 1.
 - new_chunks_are_fully_committed: 0.
 - uncommit_free_chunks: 1.
 - use_allocation_guard: 0.
 - handle_deallocations: 1.


Internal statistics:

num_allocs_failed_limit: 3.
num_arena_births: 344.
num_arena_deaths: 14.
num_vsnodes_births: 2.
num_vsnodes_deaths: 0.
num_space_committed: 492.
num_space_uncommitted: 0.
num_chunks_returned_to_freelist: 17.
num_chunks_taken_from_freelist: 1236.
num_chunk_merges: 9.
num_chunk_splits: 812.
num_chunks_enlarged: 569.
num_inconsistent_stats: 0.

CodeHeap 'non-profiled nmethods': size=120000Kb used=1702Kb max_used=1702Kb free=118297Kb
 bounds [0x00000235e6b40000, 0x00000235e6db0000, 0x00000235ee070000]
CodeHeap 'profiled nmethods': size=120000Kb used=7837Kb max_used=7837Kb free=112163Kb
 bounds [0x00000235df070000, 0x00000235df820000, 0x00000235e65a0000]
CodeHeap 'non-nmethods': size=5760Kb used=1244Kb max_used=1256Kb free=4515Kb
 bounds [0x00000235e65a0000, 0x00000235e6810000, 0x00000235e6b40000]
 total_blobs=4280 nmethods=3721 adapters=473
 compilation: enabled
              stopped_count=0, restarted_count=0
 full_count=0

Compilation events (20 events):
Event: 10.010 Thread 0x00000235f6f6d120 3717       4       org.lombokweb.asm.MethodWriter::canCopyMethodAttributes (163 bytes)
Event: 10.010 Thread 0x00000235f5194bc0 3718       4       org.lombokweb.asm.ByteVector::putByteArray (49 bytes)
Event: 10.011 Thread 0x00000235f520d9d0 nmethod 3715 0x00000235df812c90 code [0x00000235df812fe0, 0x00000235df814888]
Event: 10.011 Thread 0x00000235f520d9d0 3716       3       org.lombokweb.asm.MethodWriter::putFrameType (83 bytes)
Event: 10.011 Thread 0x00000235f520d9d0 nmethod 3716 0x00000235df815110 code [0x00000235df815360, 0x00000235df815c38]
Event: 10.012 Thread 0x00000235f5194bc0 nmethod 3718 0x00000235e6ce8690 code [0x00000235e6ce8800, 0x00000235e6ce8978]
Event: 10.018 Thread 0x00000235f6f6d120 nmethod 3717 0x00000235e6ce8a90 code [0x00000235e6ce8c20, 0x00000235e6ce8fb8]
Event: 10.061 Thread 0x00000235f6f6d120 3719       4       java.lang.ClassLoader::loadClass (7 bytes)
Event: 10.061 Thread 0x00000235f6f6d120 nmethod 3719 0x00000235e6ce9390 code [0x00000235e6ce9500, 0x00000235e6ce9598]
Event: 10.086 Thread 0x00000235f520d9d0 3720       3       org.lombokweb.asm.SymbolTable::addConstantIntegerOrFloat (21 bytes)
Event: 10.086 Thread 0x00000235f520d9d0 nmethod 3720 0x00000235df815f10 code [0x00000235df8160c0, 0x00000235df816318]
Event: 10.087 Thread 0x00000235f520d9d0 3721       3       org.lombokweb.asm.SymbolTable::addConstantIntegerOrFloat (100 bytes)
Event: 10.087 Thread 0x00000235f5194bc0 3723       4       org.lombokweb.asm.MethodVisitor::<init> (94 bytes)
Event: 10.087 Thread 0x00000235f520d9d0 nmethod 3721 0x00000235df816490 code [0x00000235df8166a0, 0x00000235df816bf8]
Event: 10.088 Thread 0x00000235f520d9d0 3722       3       lombok.patcher.scripts.AddFieldScript$1::visitField (35 bytes)
Event: 10.088 Thread 0x00000235f520d9d0 nmethod 3722 0x00000235df816e90 code [0x00000235df817040, 0x00000235df8172b8]
Event: 10.088 Thread 0x00000235f6f6d120 3724       4       org.lombokweb.asm.ClassWriter::visitMethod (57 bytes)
Event: 10.088 Thread 0x00000235f5194bc0 nmethod 3723 0x00000235e6ce9690 code [0x00000235e6ce9800, 0x00000235e6ce98b8]
Event: 10.088 Thread 0x00000235f5194bc0 3725       4       org.lombokweb.asm.MethodWriter::<init> (232 bytes)
Event: 10.090 Thread 0x00000235f520d9d0 3727 %     3       org.lombokweb.asm.ClassReader::<init> @ 110 (371 bytes)

GC Heap History (18 events):
Event: 2.350 GC heap before
{Heap before GC invocations=1 (full 0):
 PSYoungGen      total 29696K, used 25600K [0x00000000eab00000, 0x00000000ecc00000, 0x0000000100000000)
  eden space 25600K, 100% used [0x00000000eab00000,0x00000000ec400000,0x00000000ec400000)
  from space 4096K, 0% used [0x00000000ec800000,0x00000000ec800000,0x00000000ecc00000)
  to   space 4096K, 0% used [0x00000000ec400000,0x00000000ec400000,0x00000000ec800000)
 ParOldGen       total 68608K, used 0K [0x00000000c0000000, 0x00000000c4300000, 0x00000000eab00000)
  object space 68608K, 0% used [0x00000000c0000000,0x00000000c0000000,0x00000000c4300000)
 Metaspace       used 10991K, committed 11200K, reserved 1114112K
  class space    used 1096K, committed 1216K, reserved 1048576K
}
Event: 2.364 GC heap after
{Heap after GC invocations=1 (full 0):
 PSYoungGen      total 29696K, used 3204K [0x00000000eab00000, 0x00000000ecc00000, 0x0000000100000000)
  eden space 25600K, 0% used [0x00000000eab00000,0x00000000eab00000,0x00000000ec400000)
  from space 4096K, 78% used [0x00000000ec400000,0x00000000ec721140,0x00000000ec800000)
  to   space 4096K, 0% used [0x00000000ec800000,0x00000000ec800000,0x00000000ecc00000)
 ParOldGen       total 68608K, used 16K [0x00000000c0000000, 0x00000000c4300000, 0x00000000eab00000)
  object space 68608K, 0% used [0x00000000c0000000,0x00000000c0004000,0x00000000c4300000)
 Metaspace       used 10991K, committed 11200K, reserved 1114112K
  class space    used 1096K, committed 1216K, reserved 1048576K
}
Event: 3.687 GC heap before
{Heap before GC invocations=2 (full 0):
 PSYoungGen      total 29696K, used 28804K [0x00000000eab00000, 0x00000000ecc00000, 0x0000000100000000)
  eden space 25600K, 100% used [0x00000000eab00000,0x00000000ec400000,0x00000000ec400000)
  from space 4096K, 78% used [0x00000000ec400000,0x00000000ec721140,0x00000000ec800000)
  to   space 4096K, 0% used [0x00000000ec800000,0x00000000ec800000,0x00000000ecc00000)
 ParOldGen       total 68608K, used 16K [0x00000000c0000000, 0x00000000c4300000, 0x00000000eab00000)
  object space 68608K, 0% used [0x00000000c0000000,0x00000000c0004000,0x00000000c4300000)
 Metaspace       used 14669K, committed 14976K, reserved 1114112K
  class space    used 1474K, committed 1600K, reserved 1048576K
}
Event: 3.695 GC heap after
{Heap after GC invocations=2 (full 0):
 PSYoungGen      total 29696K, used 4089K [0x00000000eab00000, 0x00000000ecc00000, 0x0000000100000000)
  eden space 25600K, 0% used [0x00000000eab00000,0x00000000eab00000,0x00000000ec400000)
  from space 4096K, 99% used [0x00000000ec800000,0x00000000ecbfe540,0x00000000ecc00000)
  to   space 4096K, 0% used [0x00000000ec400000,0x00000000ec400000,0x00000000ec800000)
 ParOldGen       total 68608K, used 1344K [0x00000000c0000000, 0x00000000c4300000, 0x00000000eab00000)
  object space 68608K, 1% used [0x00000000c0000000,0x00000000c0150360,0x00000000c4300000)
 Metaspace       used 14669K, committed 14976K, reserved 1114112K
  class space    used 1474K, committed 1600K, reserved 1048576K
}
Event: 7.224 GC heap before
{Heap before GC invocations=3 (full 0):
 PSYoungGen      total 29696K, used 29689K [0x00000000eab00000, 0x00000000ecc00000, 0x0000000100000000)
  eden space 25600K, 100% used [0x00000000eab00000,0x00000000ec400000,0x00000000ec400000)
  from space 4096K, 99% used [0x00000000ec800000,0x00000000ecbfe540,0x00000000ecc00000)
  to   space 4096K, 0% used [0x00000000ec400000,0x00000000ec400000,0x00000000ec800000)
 ParOldGen       total 68608K, used 1344K [0x00000000c0000000, 0x00000000c4300000, 0x00000000eab00000)
  object space 68608K, 1% used [0x00000000c0000000,0x00000000c0150360,0x00000000c4300000)
 Metaspace       used 16924K, committed 17216K, reserved 1114112K
  class space    used 1717K, committed 1856K, reserved 1048576K
}
Event: 7.233 GC heap after
{Heap after GC invocations=3 (full 0):
 PSYoungGen      total 29696K, used 4080K [0x00000000eab00000, 0x00000000ecc00000, 0x0000000100000000)
  eden space 25600K, 0% used [0x00000000eab00000,0x00000000eab00000,0x00000000ec400000)
  from space 4096K, 99% used [0x00000000ec400000,0x00000000ec7fc230,0x00000000ec800000)
  to   space 4096K, 0% used [0x00000000ec800000,0x00000000ec800000,0x00000000ecc00000)
 ParOldGen       total 68608K, used 5229K [0x00000000c0000000, 0x00000000c4300000, 0x00000000eab00000)
  object space 68608K, 7% used [0x00000000c0000000,0x00000000c051b538,0x00000000c4300000)
 Metaspace       used 16924K, committed 17216K, reserved 1114112K
  class space    used 1717K, committed 1856K, reserved 1048576K
}
Event: 8.014 GC heap before
{Heap before GC invocations=4 (full 0):
 PSYoungGen      total 29696K, used 29680K [0x00000000eab00000, 0x00000000ecc00000, 0x0000000100000000)
  eden space 25600K, 100% used [0x00000000eab00000,0x00000000ec400000,0x00000000ec400000)
  from space 4096K, 99% used [0x00000000ec400000,0x00000000ec7fc230,0x00000000ec800000)
  to   space 4096K, 0% used [0x00000000ec800000,0x00000000ec800000,0x00000000ecc00000)
 ParOldGen       total 68608K, used 5229K [0x00000000c0000000, 0x00000000c4300000, 0x00000000eab00000)
  object space 68608K, 7% used [0x00000000c0000000,0x00000000c051b538,0x00000000c4300000)
 Metaspace       used 20507K, committed 20928K, reserved 1114112K
  class space    used 2060K, committed 2240K, reserved 1048576K
}
Event: 8.019 GC heap after
{Heap after GC invocations=4 (full 0):
 PSYoungGen      total 29696K, used 4074K [0x00000000eab00000, 0x00000000ecc00000, 0x0000000100000000)
  eden space 25600K, 0% used [0x00000000eab00000,0x00000000eab00000,0x00000000ec400000)
  from space 4096K, 99% used [0x00000000ec800000,0x00000000ecbfab30,0x00000000ecc00000)
  to   space 4096K, 0% used [0x00000000ec400000,0x00000000ec400000,0x00000000ec800000)
 ParOldGen       total 68608K, used 6704K [0x00000000c0000000, 0x00000000c4300000, 0x00000000eab00000)
  object space 68608K, 9% used [0x00000000c0000000,0x00000000c068c350,0x00000000c4300000)
 Metaspace       used 20507K, committed 20928K, reserved 1114112K
  class space    used 2060K, committed 2240K, reserved 1048576K
}
Event: 8.132 GC heap before
{Heap before GC invocations=5 (full 0):
 PSYoungGen      total 29696K, used 8674K [0x00000000eab00000, 0x00000000ecc00000, 0x0000000100000000)
  eden space 25600K, 17% used [0x00000000eab00000,0x00000000eaf7dfe0,0x00000000ec400000)
  from space 4096K, 99% used [0x00000000ec800000,0x00000000ecbfab30,0x00000000ecc00000)
  to   space 4096K, 0% used [0x00000000ec400000,0x00000000ec400000,0x00000000ec800000)
 ParOldGen       total 68608K, used 6704K [0x00000000c0000000, 0x00000000c4300000, 0x00000000eab00000)
  object space 68608K, 9% used [0x00000000c0000000,0x00000000c068c350,0x00000000c4300000)
 Metaspace       used 21090K, committed 21504K, reserved 1114112K
  class space    used 2122K, committed 2304K, reserved 1048576K
}
Event: 8.136 GC heap after
{Heap after GC invocations=5 (full 0):
 PSYoungGen      total 29696K, used 4075K [0x00000000eab00000, 0x00000000ece00000, 0x0000000100000000)
  eden space 25600K, 0% used [0x00000000eab00000,0x00000000eab00000,0x00000000ec400000)
  from space 4096K, 99% used [0x00000000ec400000,0x00000000ec7faef0,0x00000000ec800000)
  to   space 5120K, 0% used [0x00000000ec900000,0x00000000ec900000,0x00000000ece00000)
 ParOldGen       total 68608K, used 7133K [0x00000000c0000000, 0x00000000c4300000, 0x00000000eab00000)
  object space 68608K, 10% used [0x00000000c0000000,0x00000000c06f74b8,0x00000000c4300000)
 Metaspace       used 21090K, committed 21504K, reserved 1114112K
  class space    used 2122K, committed 2304K, reserved 1048576K
}
Event: 8.136 GC heap before
{Heap before GC invocations=6 (full 1):
 PSYoungGen      total 29696K, used 4075K [0x00000000eab00000, 0x00000000ece00000, 0x0000000100000000)
  eden space 25600K, 0% used [0x00000000eab00000,0x00000000eab00000,0x00000000ec400000)
  from space 4096K, 99% used [0x00000000ec400000,0x00000000ec7faef0,0x00000000ec800000)
  to   space 5120K, 0% used [0x00000000ec900000,0x00000000ec900000,0x00000000ece00000)
 ParOldGen       total 68608K, used 7133K [0x00000000c0000000, 0x00000000c4300000, 0x00000000eab00000)
  object space 68608K, 10% used [0x00000000c0000000,0x00000000c06f74b8,0x00000000c4300000)
 Metaspace       used 21090K, committed 21504K, reserved 1114112K
  class space    used 2122K, committed 2304K, reserved 1048576K
}
Event: 8.175 GC heap after
{Heap after GC invocations=6 (full 1):
 PSYoungGen      total 29696K, used 0K [0x00000000eab00000, 0x00000000ece00000, 0x0000000100000000)
  eden space 25600K, 0% used [0x00000000eab00000,0x00000000eab00000,0x00000000ec400000)
  from space 4096K, 0% used [0x00000000ec400000,0x00000000ec400000,0x00000000ec800000)
  to   space 5120K, 0% used [0x00000000ec900000,0x00000000ec900000,0x00000000ece00000)
 ParOldGen       total 68608K, used 10773K [0x00000000c0000000, 0x00000000c4300000, 0x00000000eab00000)
  object space 68608K, 15% used [0x00000000c0000000,0x00000000c0a85498,0x00000000c4300000)
 Metaspace       used 21077K, committed 21504K, reserved 1114112K
  class space    used 2118K, committed 2304K, reserved 1048576K
}
Event: 9.028 GC heap before
{Heap before GC invocations=7 (full 1):
 PSYoungGen      total 29696K, used 25600K [0x00000000eab00000, 0x00000000ece00000, 0x0000000100000000)
  eden space 25600K, 100% used [0x00000000eab00000,0x00000000ec400000,0x00000000ec400000)
  from space 4096K, 0% used [0x00000000ec400000,0x00000000ec400000,0x00000000ec800000)
  to   space 5120K, 0% used [0x00000000ec900000,0x00000000ec900000,0x00000000ece00000)
 ParOldGen       total 68608K, used 10773K [0x00000000c0000000, 0x00000000c4300000, 0x00000000eab00000)
  object space 68608K, 15% used [0x00000000c0000000,0x00000000c0a85498,0x00000000c4300000)
 Metaspace       used 23564K, committed 24000K, reserved 1114112K
  class space    used 2372K, committed 2560K, reserved 1048576K
}
Event: 9.032 GC heap after
{Heap after GC invocations=7 (full 1):
 PSYoungGen      total 29696K, used 4173K [0x00000000eab00000, 0x00000000ecd80000, 0x0000000100000000)
  eden space 25088K, 0% used [0x00000000eab00000,0x00000000eab00000,0x00000000ec380000)
  from space 4608K, 90% used [0x00000000ec900000,0x00000000ecd135e8,0x00000000ecd80000)
  to   space 4608K, 0% used [0x00000000ec480000,0x00000000ec480000,0x00000000ec900000)
 ParOldGen       total 68608K, used 10781K [0x00000000c0000000, 0x00000000c4300000, 0x00000000eab00000)
  object space 68608K, 15% used [0x00000000c0000000,0x00000000c0a87498,0x00000000c4300000)
 Metaspace       used 23564K, committed 24000K, reserved 1114112K
  class space    used 2372K, committed 2560K, reserved 1048576K
}
Event: 9.632 GC heap before
{Heap before GC invocations=8 (full 1):
 PSYoungGen      total 29696K, used 29261K [0x00000000eab00000, 0x00000000ecd80000, 0x0000000100000000)
  eden space 25088K, 100% used [0x00000000eab00000,0x00000000ec380000,0x00000000ec380000)
  from space 4608K, 90% used [0x00000000ec900000,0x00000000ecd135e8,0x00000000ecd80000)
  to   space 4608K, 0% used [0x00000000ec480000,0x00000000ec480000,0x00000000ec900000)
 ParOldGen       total 68608K, used 10781K [0x00000000c0000000, 0x00000000c4300000, 0x00000000eab00000)
  object space 68608K, 15% used [0x00000000c0000000,0x00000000c0a87498,0x00000000c4300000)
 Metaspace       used 26407K, committed 26944K, reserved 1114112K
  class space    used 2699K, committed 2944K, reserved 1048576K
}
Event: 9.637 GC heap after
{Heap after GC invocations=8 (full 1):
 PSYoungGen      total 29184K, used 4589K [0x00000000eab00000, 0x00000000ecf00000, 0x0000000100000000)
  eden space 24576K, 0% used [0x00000000eab00000,0x00000000eab00000,0x00000000ec300000)
  from space 4608K, 99% used [0x00000000ec480000,0x00000000ec8fb7d8,0x00000000ec900000)
  to   space 6144K, 0% used [0x00000000ec900000,0x00000000ec900000,0x00000000ecf00000)
 ParOldGen       total 68608K, used 11941K [0x00000000c0000000, 0x00000000c4300000, 0x00000000eab00000)
  object space 68608K, 17% used [0x00000000c0000000,0x00000000c0ba94b8,0x00000000c4300000)
 Metaspace       used 26407K, committed 26944K, reserved 1114112K
  class space    used 2699K, committed 2944K, reserved 1048576K
}
Event: 9.953 GC heap before
{Heap before GC invocations=9 (full 1):
 PSYoungGen      total 29184K, used 29165K [0x00000000eab00000, 0x00000000ecf00000, 0x0000000100000000)
  eden space 24576K, 100% used [0x00000000eab00000,0x00000000ec300000,0x00000000ec300000)
  from space 4608K, 99% used [0x00000000ec480000,0x00000000ec8fb7d8,0x00000000ec900000)
  to   space 6144K, 0% used [0x00000000ec900000,0x00000000ec900000,0x00000000ecf00000)
 ParOldGen       total 68608K, used 11941K [0x00000000c0000000, 0x00000000c4300000, 0x00000000eab00000)
  object space 68608K, 17% used [0x00000000c0000000,0x00000000c0ba94b8,0x00000000c4300000)
 Metaspace       used 28834K, committed 29440K, reserved 1114112K
  class space    used 2867K, committed 3072K, reserved 1048576K
}
Event: 9.957 GC heap after
{Heap after GC invocations=9 (full 1):
 PSYoungGen      total 30208K, used 5643K [0x00000000eab00000, 0x00000000ecf00000, 0x0000000100000000)
  eden space 24064K, 0% used [0x00000000eab00000,0x00000000eab00000,0x00000000ec280000)
  from space 6144K, 91% used [0x00000000ec900000,0x00000000ece82fc0,0x00000000ecf00000)
  to   space 6144K, 0% used [0x00000000ec300000,0x00000000ec300000,0x00000000ec900000)
 ParOldGen       total 68608K, used 11949K [0x00000000c0000000, 0x00000000c4300000, 0x00000000eab00000)
  object space 68608K, 17% used [0x00000000c0000000,0x00000000c0bab4b8,0x00000000c4300000)
 Metaspace       used 28834K, committed 29440K, reserved 1114112K
  class space    used 2867K, committed 3072K, reserved 1048576K
}

Dll operation events (9 events):
Event: 0.041 Loaded shared library c:\Users\Anoe\.vscode-insiders\extensions\redhat.java-1.28.1-win32-x64\jre\17.0.10-win32-x86_64\bin\java.dll
Event: 0.489 Loaded shared library c:\Users\Anoe\.vscode-insiders\extensions\redhat.java-1.28.1-win32-x64\jre\17.0.10-win32-x86_64\bin\zip.dll
Event: 0.494 Loaded shared library C:\Users\Anoe\.vscode-insiders\extensions\redhat.java-1.28.1-win32-x64\jre\17.0.10-win32-x86_64\bin\instrument.dll
Event: 0.577 Loaded shared library C:\Users\Anoe\.vscode-insiders\extensions\redhat.java-1.28.1-win32-x64\jre\17.0.10-win32-x86_64\bin\net.dll
Event: 0.638 Loaded shared library C:\Users\Anoe\.vscode-insiders\extensions\redhat.java-1.28.1-win32-x64\jre\17.0.10-win32-x86_64\bin\nio.dll
Event: 0.652 Loaded shared library C:\Users\Anoe\.vscode-insiders\extensions\redhat.java-1.28.1-win32-x64\jre\17.0.10-win32-x86_64\bin\zip.dll
Event: 0.703 Loaded shared library C:\Users\Anoe\.vscode-insiders\extensions\redhat.java-1.28.1-win32-x64\jre\17.0.10-win32-x86_64\bin\jimage.dll
Event: 0.866 Loaded shared library c:\Users\Anoe\.vscode-insiders\extensions\redhat.java-1.28.1-win32-x64\jre\17.0.10-win32-x86_64\bin\verify.dll
Event: 3.531 Loaded shared library C:\Users\Anoe\AppData\Roaming\Code - Insiders\User\globalStorage\redhat.java\1.28.1\config_win\org.eclipse.equinox.launcher\org.eclipse.equinox.launcher.win32.win32.x86_64_1.2.900.v20240129-1338\eclipse_11900.dll

Deoptimization events (20 events):
Event: 9.459 Thread 0x00000235f6cfbd40 Uncommon trap: trap_request=0xffffff45 fr.pc=0x00000235e6b5b800 relative=0x0000000000000360
Event: 9.459 Thread 0x00000235f6cfbd40 Uncommon trap: reason=unstable_if action=reinterpret pc=0x00000235e6b5b800 method=java.lang.AbstractStringBuilder.isLatin1()Z @ 10 c2
Event: 9.459 Thread 0x00000235f6cfbd40 DEOPT PACKING pc=0x00000235e6b5b800 sp=0x000000cca40f26f0
Event: 9.459 Thread 0x00000235f6cfbd40 DEOPT UNPACKING pc=0x00000235e65f66a3 sp=0x000000cca40f2670 mode 2
Event: 9.459 Thread 0x00000235f6cfbd40 Uncommon trap: trap_request=0xffffff45 fr.pc=0x00000235e6b757dc relative=0x000000000000005c
Event: 9.459 Thread 0x00000235f6cfbd40 Uncommon trap: reason=unstable_if action=reinterpret pc=0x00000235e6b757dc method=java.lang.AbstractStringBuilder.isLatin1()Z @ 10 c2
Event: 9.459 Thread 0x00000235f6cfbd40 DEOPT PACKING pc=0x00000235e6b757dc sp=0x000000cca40f26d0
Event: 9.459 Thread 0x00000235f6cfbd40 DEOPT UNPACKING pc=0x00000235e65f66a3 sp=0x000000cca40f2660 mode 2
Event: 9.475 Thread 0x00000235f6cfbd40 Uncommon trap: trap_request=0xffffff45 fr.pc=0x00000235e6b6c7c8 relative=0x0000000000000048
Event: 9.475 Thread 0x00000235f6cfbd40 Uncommon trap: reason=unstable_if action=reinterpret pc=0x00000235e6b6c7c8 method=java.lang.CharacterData.of(I)Ljava/lang/CharacterData; @ 4 c2
Event: 9.475 Thread 0x00000235f6cfbd40 DEOPT PACKING pc=0x00000235e6b6c7c8 sp=0x000000cca40f1e60
Event: 9.475 Thread 0x00000235f6cfbd40 DEOPT UNPACKING pc=0x00000235e65f66a3 sp=0x000000cca40f1df8 mode 2
Event: 9.481 Thread 0x00000235f6cfbd40 Uncommon trap: trap_request=0xffffff45 fr.pc=0x00000235e6b61eb8 relative=0x0000000000000038
Event: 9.481 Thread 0x00000235f6cfbd40 Uncommon trap: reason=unstable_if action=reinterpret pc=0x00000235e6b61eb8 method=java.lang.StringLatin1.canEncode(I)Z @ 4 c2
Event: 9.481 Thread 0x00000235f6cfbd40 DEOPT PACKING pc=0x00000235e6b61eb8 sp=0x000000cca40f2670
Event: 9.481 Thread 0x00000235f6cfbd40 DEOPT UNPACKING pc=0x00000235e65f66a3 sp=0x000000cca40f2600 mode 2
Event: 9.652 Thread 0x00000235f6cfbd40 Uncommon trap: trap_request=0xffffff45 fr.pc=0x00000235e6c5deb8 relative=0x0000000000000038
Event: 9.652 Thread 0x00000235f6cfbd40 Uncommon trap: reason=unstable_if action=reinterpret pc=0x00000235e6c5deb8 method=java.util.concurrent.locks.AbstractQueuedSynchronizer.signalNext(Ljava/util/concurrent/locks/AbstractQueuedSynchronizer$Node;)V @ 10 c2
Event: 9.652 Thread 0x00000235f6cfbd40 DEOPT PACKING pc=0x00000235e6c5deb8 sp=0x000000cca40fa1b0
Event: 9.653 Thread 0x00000235f6cfbd40 DEOPT UNPACKING pc=0x00000235e65f66a3 sp=0x000000cca40fa130 mode 2

Classes unloaded (7 events):
Event: 8.142 Thread 0x00000235f02572d0 Unloading class 0x000000010024bc00 'java/lang/invoke/LambdaForm$MH+0x000000010024bc00'
Event: 8.142 Thread 0x00000235f02572d0 Unloading class 0x000000010024b800 'java/lang/invoke/LambdaForm$MH+0x000000010024b800'
Event: 8.142 Thread 0x00000235f02572d0 Unloading class 0x000000010024b400 'java/lang/invoke/LambdaForm$MH+0x000000010024b400'
Event: 8.142 Thread 0x00000235f02572d0 Unloading class 0x000000010024b000 'java/lang/invoke/LambdaForm$MH+0x000000010024b000'
Event: 8.142 Thread 0x00000235f02572d0 Unloading class 0x000000010024ac00 'java/lang/invoke/LambdaForm$BMH+0x000000010024ac00'
Event: 8.142 Thread 0x00000235f02572d0 Unloading class 0x000000010024a800 'java/lang/invoke/LambdaForm$DMH+0x000000010024a800'
Event: 8.142 Thread 0x00000235f02572d0 Unloading class 0x0000000100244400 'java/lang/invoke/LambdaForm$DMH+0x0000000100244400'

Classes redefined (0 events):
No events

Internal exceptions (20 events):
Event: 8.074 Thread 0x00000235f6cfbd40 Exception <a 'java/lang/NoSuchMethodError'{0x00000000ead9a9f0}: 'java.lang.Object java.lang.invoke.DirectMethodHandle$Holder.invokeStatic(java.lang.Object, java.lang.Object, java.lang.Object, java.lang.Object, int)'> (0x00000000ead9a9f0) 
thrown [s\src\hotspot\share\interpreter\linkResolver.cpp, line 759]
Event: 8.075 Thread 0x00000235f6cfbd40 Exception <a 'java/lang/NoSuchMethodError'{0x00000000eada6980}: 'java.lang.Object java.lang.invoke.DelegatingMethodHandle$Holder.reinvoke_L(java.lang.Object, java.lang.Object, java.lang.Object, java.lang.Object, int, int)'> (0x00000000eada6980) 
thrown [s\src\hotspot\share\interpreter\linkResolver.cpp, line 759]
Event: 8.076 Thread 0x00000235f6cfbd40 Exception <a 'java/lang/NoSuchMethodError'{0x00000000eadbaf50}: 'java.lang.Object java.lang.invoke.Invokers$Holder.invokeExact_MT(java.lang.Object, java.lang.Object, java.lang.Object, java.lang.Object)'> (0x00000000eadbaf50) 
thrown [s\src\hotspot\share\interpreter\linkResolver.cpp, line 759]
Event: 8.195 Thread 0x00000235f6cfbd40 Exception <a 'java/io/FileNotFoundException'{0x00000000eac311c0}> (0x00000000eac311c0) 
thrown [s\src\hotspot\share\prims\jni.cpp, line 516]
Event: 8.196 Thread 0x00000235f6cfbd40 Exception <a 'java/io/FileNotFoundException'{0x00000000eac38920}> (0x00000000eac38920) 
thrown [s\src\hotspot\share\prims\jni.cpp, line 516]
Event: 8.295 Thread 0x00000235f6cfbd40 Exception <a 'java/lang/NoSuchMethodError'{0x00000000eb060548}: 'java.lang.Object java.lang.invoke.DirectMethodHandle$Holder.newInvokeSpecial(java.lang.Object, java.lang.Object, java.lang.Object, java.lang.Object, java.lang.Object)'> (0x00000000eb060548) 
thrown [s\src\hotspot\share\interpreter\linkResolver.cpp, line 759]
Event: 8.668 Thread 0x00000235f6cfbd40 Exception <a 'java/lang/NoSuchMethodError'{0x00000000ebaf1f28}: 'java.lang.Object java.lang.invoke.DirectMethodHandle$Holder.invokeSpecial(java.lang.Object, java.lang.Object, java.lang.Object, long, java.lang.Object)'> (0x00000000ebaf1f28) 
thrown [s\src\hotspot\share\interpreter\linkResolver.cpp, line 759]
Event: 8.669 Thread 0x00000235f6cfbd40 Exception <a 'java/lang/NoSuchMethodError'{0x00000000ebafa0e0}: 'java.lang.Object java.lang.invoke.DirectMethodHandle$Holder.newInvokeSpecial(java.lang.Object, java.lang.Object, java.lang.Object, long)'> (0x00000000ebafa0e0) 
thrown [s\src\hotspot\share\interpreter\linkResolver.cpp, line 759]
Event: 8.670 Thread 0x00000235f6cfbd40 Exception <a 'java/lang/NoSuchMethodError'{0x00000000ebafe680}: 'java.lang.Object java.lang.invoke.DirectMethodHandle$Holder.invokeSpecial(java.lang.Object, java.lang.Object, java.lang.Object, java.lang.Object, long)'> (0x00000000ebafe680) 
thrown [s\src\hotspot\share\interpreter\linkResolver.cpp, line 759]
Event: 8.670 Thread 0x00000235f6cfbd40 Exception <a 'java/lang/NoSuchMethodError'{0x00000000ebb024f8}: 'java.lang.Object java.lang.invoke.Invokers$Holder.linkToTargetMethod(java.lang.Object, java.lang.Object, long, java.lang.Object)'> (0x00000000ebb024f8) 
thrown [s\src\hotspot\share\interpreter\linkResolver.cpp, line 759]
Event: 8.679 Thread 0x00000235f6cfbd40 Exception <a 'java/lang/NoSuchMethodError'{0x00000000ebb8a0b0}: 'int java.lang.invoke.DirectMethodHandle$Holder.invokeStaticInit(java.lang.Object, java.lang.Object, java.lang.Object)'> (0x00000000ebb8a0b0) 
thrown [s\src\hotspot\share\interpreter\linkResolver.cpp, line 759]
Event: 8.685 Thread 0x00000235f6cfbd40 Exception <a 'java/lang/IncompatibleClassChangeError'{0x00000000ebc05e70}: Found class java.lang.Object, but interface was expected> (0x00000000ebc05e70) 
thrown [s\src\hotspot\share\interpreter\linkResolver.cpp, line 826]
Event: 8.840 Thread 0x00000235f6cfbd40 Exception <a 'java/lang/NoSuchMethodError'{0x00000000ebd03ac8}: 'java.lang.Object java.lang.invoke.DirectMethodHandle$Holder.invokeSpecial(java.lang.Object, java.lang.Object, java.lang.Object, int, java.lang.Object, java.lang.Object)'> (0x00000000ebd03ac8) 
thrown [s\src\hotspot\share\interpreter\linkResolver.cpp, line 759]
Event: 8.841 Thread 0x00000235f6cfbd40 Exception <a 'java/lang/NoSuchMethodError'{0x00000000ebd0c1c0}: 'java.lang.Object java.lang.invoke.DirectMethodHandle$Holder.newInvokeSpecial(java.lang.Object, java.lang.Object, java.lang.Object, int, java.lang.Object)'> (0x00000000ebd0c1c0) 
thrown [s\src\hotspot\share\interpreter\linkResolver.cpp, line 759]
Event: 8.842 Thread 0x00000235f6cfbd40 Exception <a 'java/lang/NoSuchMethodError'{0x00000000ebd10618}: 'java.lang.Object java.lang.invoke.DirectMethodHandle$Holder.invokeSpecial(java.lang.Object, java.lang.Object, java.lang.Object, java.lang.Object, int, java.lang.Object)'> (0x00000000ebd10618) 
thrown [s\src\hotspot\share\interpreter\linkResolver.cpp, line 759]
Event: 8.843 Thread 0x00000235f6d4ec70 Exception <a 'java/lang/NoSuchMethodError'{0x00000000ebb2be78}: 'java.lang.Object java.lang.invoke.DirectMethodHandle$Holder.invokeSpecial(java.lang.Object, java.lang.Object, int, java.lang.Object, java.lang.Object)'> (0x00000000ebb2be78) 
thrown [s\src\hotspot\share\interpreter\linkResolver.cpp, line 759]
Event: 9.226 Thread 0x00000235f6cfbd40 Exception <a 'java/lang/NoSuchMethodError'{0x00000000eb195318}: 'java.lang.Object java.lang.invoke.Invokers$Holder.linkToTargetMethod(java.lang.Object, long, java.lang.Object, java.lang.Object)'> (0x00000000eb195318) 
thrown [s\src\hotspot\share\interpreter\linkResolver.cpp, line 759]
Event: 9.364 Thread 0x00000235f6cfbd40 Exception <a 'java/io/FileNotFoundException'{0x00000000eb8e5080}> (0x00000000eb8e5080) 
thrown [s\src\hotspot\share\prims\jni.cpp, line 516]
Event: 9.365 Thread 0x00000235f6cfbd40 Exception <a 'java/lang/NoSuchMethodError'{0x00000000eb8ee120}: 'java.lang.Object java.lang.invoke.DirectMethodHandle$Holder.newInvokeSpecial(java.lang.Object, int, java.lang.Object, java.lang.Object)'> (0x00000000eb8ee120) 
thrown [s\src\hotspot\share\interpreter\linkResolver.cpp, line 759]
Event: 9.569 Thread 0x00000235f6cfbd40 Exception <a 'java/lang/NoSuchMethodError'{0x00000000ec0bf968}: 'void java.lang.invoke.DirectMethodHandle$Holder.invokeSpecial(java.lang.Object, java.lang.Object, java.lang.Object, int)'> (0x00000000ec0bf968) 
thrown [s\src\hotspot\share\interpreter\linkResolver.cpp, line 759]

VM Operations (20 events):
Event: 8.442 Executing VM operation: HandshakeAllThreads
Event: 8.442 Executing VM operation: HandshakeAllThreads done
Event: 8.862 Executing VM operation: HandshakeAllThreads
Event: 8.862 Executing VM operation: HandshakeAllThreads done
Event: 8.862 Executing VM operation: HandshakeAllThreads
Event: 8.862 Executing VM operation: HandshakeAllThreads done
Event: 8.950 Executing VM operation: HandshakeAllThreads
Event: 8.950 Executing VM operation: HandshakeAllThreads done
Event: 9.009 Executing VM operation: HandshakeAllThreads
Event: 9.009 Executing VM operation: HandshakeAllThreads done
Event: 9.024 Executing VM operation: HandshakeAllThreads
Event: 9.024 Executing VM operation: HandshakeAllThreads done
Event: 9.028 Executing VM operation: ParallelGCFailedAllocation
Event: 9.032 Executing VM operation: ParallelGCFailedAllocation done
Event: 9.476 Executing VM operation: HandshakeAllThreads
Event: 9.476 Executing VM operation: HandshakeAllThreads done
Event: 9.632 Executing VM operation: ParallelGCFailedAllocation
Event: 9.638 Executing VM operation: ParallelGCFailedAllocation done
Event: 9.953 Executing VM operation: ParallelGCFailedAllocation
Event: 9.957 Executing VM operation: ParallelGCFailedAllocation done

Events (20 events):
Event: 9.709 loading class java/io/StringReader
Event: 9.709 loading class java/io/StringReader done
Event: 9.713 loading class java/util/zip/GZIPInputStream
Event: 9.713 loading class java/util/zip/GZIPInputStream done
Event: 9.718 loading class java/net/SocketTimeoutException
Event: 9.718 loading class java/io/InterruptedIOException
Event: 9.718 loading class java/io/InterruptedIOException done
Event: 9.718 loading class java/net/SocketTimeoutException done
Event: 9.718 loading class java/net/SocketException
Event: 9.719 loading class java/net/SocketException done
Event: 9.719 loading class java/net/UnknownHostException
Event: 9.719 loading class java/net/UnknownHostException done
Event: 9.719 loading class java/net/ProtocolException
Event: 9.719 loading class java/net/ProtocolException done
Event: 9.742 loading class java/lang/ThreadLocal$SuppliedThreadLocal
Event: 9.742 loading class java/lang/ThreadLocal$SuppliedThreadLocal done
Event: 9.862 loading class java/io/FileWriter
Event: 9.863 loading class java/io/FileWriter done
Event: 9.866 loading class java/lang/NegativeArraySizeException
Event: 9.866 loading class java/lang/NegativeArraySizeException done


Dynamic libraries:
0x00007ff6b7000000 - 0x00007ff6b700e000 	c:\Users\Anoe\.vscode-insiders\extensions\redhat.java-1.28.1-win32-x64\jre\17.0.10-win32-x86_64\bin\java.exe
0x00007ff87b390000 - 0x00007ff87b5a6000 	C:\WINDOWS\SYSTEM32\ntdll.dll
0x00007ff87ad10000 - 0x00007ff87add4000 	C:\WINDOWS\System32\KERNEL32.DLL
0x00007ff8789d0000 - 0x00007ff878d76000 	C:\WINDOWS\System32\KERNELBASE.dll
0x00007ff8786d0000 - 0x00007ff8787e1000 	C:\WINDOWS\System32\ucrtbase.dll
0x00007ff871dd0000 - 0x00007ff871de7000 	c:\Users\Anoe\.vscode-insiders\extensions\redhat.java-1.28.1-win32-x64\jre\17.0.10-win32-x86_64\bin\jli.dll
0x00007ff87aa00000 - 0x00007ff87abad000 	C:\WINDOWS\System32\USER32.dll
0x00007ff8786a0000 - 0x00007ff8786c6000 	C:\WINDOWS\System32\win32u.dll
0x00007ff87b130000 - 0x00007ff87b159000 	C:\WINDOWS\System32\GDI32.dll
0x00007ff8787f0000 - 0x00007ff878908000 	C:\WINDOWS\System32\gdi32full.dll
0x00007ff879010000 - 0x00007ff8790aa000 	C:\WINDOWS\System32\msvcp_win.dll
0x00007ff870eb0000 - 0x00007ff870ecb000 	c:\Users\Anoe\.vscode-insiders\extensions\redhat.java-1.28.1-win32-x64\jre\17.0.10-win32-x86_64\bin\VCRUNTIME140.dll
0x00007ff85ac80000 - 0x00007ff85af13000 	C:\WINDOWS\WinSxS\amd64_microsoft.windows.common-controls_6595b64144ccf1df_6.0.22621.3235_none_270f74e173860f98\COMCTL32.dll
0x00007ff87ade0000 - 0x00007ff87ae87000 	C:\WINDOWS\System32\msvcrt.dll
0x00007ff87a500000 - 0x00007ff87a531000 	C:\WINDOWS\System32\IMM32.DLL
0x00007ff855210000 - 0x00007ff855374000 	C:\Program Files (x86)\Citrix\ICA Client\ctxapclient64.dll
0x00007ff878fe0000 - 0x00007ff879008000 	C:\WINDOWS\System32\bcrypt.dll
0x00007ff87a670000 - 0x00007ff87a9f8000 	C:\WINDOWS\System32\combase.dll
0x00007ff87a550000 - 0x00007ff87a665000 	C:\WINDOWS\System32\RPCRT4.dll
0x00007ff86e690000 - 0x00007ff86e69a000 	C:\WINDOWS\SYSTEM32\VERSION.dll
0x00007ff879710000 - 0x00007ff8797c2000 	C:\WINDOWS\System32\ADVAPI32.dll
0x00007ff87ac60000 - 0x00007ff87ad08000 	C:\WINDOWS\System32\sechost.dll
0x00007ff8777b0000 - 0x00007ff8777e4000 	C:\WINDOWS\SYSTEM32\ntmarta.dll
0x00000235dba80000 - 0x00000235dbafa000 	C:\WINDOWS\System32\bcryptprimitives.dll
0x00007ff877790000 - 0x00007ff8777a8000 	C:\WINDOWS\SYSTEM32\kernel.appcore.dll
0x00007ff870790000 - 0x00007ff87079c000 	c:\Users\Anoe\.vscode-insiders\extensions\redhat.java-1.28.1-win32-x64\jre\17.0.10-win32-x86_64\bin\vcruntime140_1.dll
0x00007ff844b10000 - 0x00007ff844b9d000 	c:\Users\Anoe\.vscode-insiders\extensions\redhat.java-1.28.1-win32-x64\jre\17.0.10-win32-x86_64\bin\msvcp140.dll
0x00007ff824280000 - 0x00007ff824ee2000 	c:\Users\Anoe\.vscode-insiders\extensions\redhat.java-1.28.1-win32-x64\jre\17.0.10-win32-x86_64\bin\server\jvm.dll
0x00007ff8774f0000 - 0x00007ff87753d000 	C:\WINDOWS\SYSTEM32\POWRPROF.dll
0x00007ff85ce40000 - 0x00007ff85ce49000 	C:\WINDOWS\SYSTEM32\WSOCK32.dll
0x00000235dbb10000 - 0x00000235dbb81000 	C:\WINDOWS\System32\WS2_32.dll
0x00007ff86f920000 - 0x00007ff86f954000 	C:\WINDOWS\SYSTEM32\WINMM.dll
0x00007ff8774d0000 - 0x00007ff8774e3000 	C:\WINDOWS\SYSTEM32\UMPDC.dll
0x00007ff870770000 - 0x00007ff87077a000 	c:\Users\Anoe\.vscode-insiders\extensions\redhat.java-1.28.1-win32-x64\jre\17.0.10-win32-x86_64\bin\jimage.dll
0x00007ff875160000 - 0x00007ff875393000 	C:\WINDOWS\SYSTEM32\DBGHELP.DLL
0x00007ff8792e0000 - 0x00007ff8793b7000 	C:\WINDOWS\System32\OLEAUT32.dll
0x00007ff858390000 - 0x00007ff8583c2000 	C:\WINDOWS\SYSTEM32\dbgcore.DLL
0x00007ff870760000 - 0x00007ff87076e000 	c:\Users\Anoe\.vscode-insiders\extensions\redhat.java-1.28.1-win32-x64\jre\17.0.10-win32-x86_64\bin\instrument.dll
0x00007ff870730000 - 0x00007ff870755000 	c:\Users\Anoe\.vscode-insiders\extensions\redhat.java-1.28.1-win32-x64\jre\17.0.10-win32-x86_64\bin\java.dll
0x00007ff870670000 - 0x00007ff870688000 	c:\Users\Anoe\.vscode-insiders\extensions\redhat.java-1.28.1-win32-x64\jre\17.0.10-win32-x86_64\bin\zip.dll
0x00007ff879820000 - 0x00007ff87a07d000 	C:\WINDOWS\System32\SHELL32.dll
0x00007ff8765c0000 - 0x00007ff876eb8000 	C:\WINDOWS\SYSTEM32\windows.storage.dll
0x00007ff876480000 - 0x00007ff8765be000 	C:\WINDOWS\SYSTEM32\wintypes.dll
0x00007ff879560000 - 0x00007ff879653000 	C:\WINDOWS\System32\SHCORE.dll
0x00000235f0f40000 - 0x00000235f0f9e000 	C:\WINDOWS\System32\shlwapi.dll
0x00007ff8785d0000 - 0x00007ff8785f6000 	C:\WINDOWS\SYSTEM32\profapi.dll
0x00007ff861520000 - 0x00007ff861539000 	C:\Users\Anoe\.vscode-insiders\extensions\redhat.java-1.28.1-win32-x64\jre\17.0.10-win32-x86_64\bin\net.dll
0x00007ff8710c0000 - 0x00007ff8711f7000 	C:\WINDOWS\SYSTEM32\WINHTTP.dll
0x00007ff877c00000 - 0x00007ff877c69000 	C:\WINDOWS\system32\mswsock.dll
0x00007ff85d760000 - 0x00007ff85d776000 	C:\Users\Anoe\.vscode-insiders\extensions\redhat.java-1.28.1-win32-x64\jre\17.0.10-win32-x86_64\bin\nio.dll
0x00007ff870720000 - 0x00007ff870730000 	c:\Users\Anoe\.vscode-insiders\extensions\redhat.java-1.28.1-win32-x64\jre\17.0.10-win32-x86_64\bin\verify.dll
0x00007ff841f20000 - 0x00007ff841f5e000 	C:\Users\Anoe\AppData\Roaming\Code - Insiders\User\globalStorage\redhat.java\1.28.1\config_win\org.eclipse.equinox.launcher\org.eclipse.equinox.launcher.win32.win32.x86_64_1.2.900.v20240129-1338\eclipse_11900.dll
0x00007ff8793c0000 - 0x00007ff87955f000 	C:\WINDOWS\System32\ole32.dll

dbghelp: loaded successfully - version: 4.0.5 - missing functions: none
symbol engine: initialized successfully - sym options: 0x614 - pdb path: .;c:\Users\Anoe\.vscode-insiders\extensions\redhat.java-1.28.1-win32-x64\jre\17.0.10-win32-x86_64\bin;C:\WINDOWS\SYSTEM32;C:\WINDOWS\WinSxS\amd64_microsoft.windows.common-controls_6595b64144ccf1df_6.0.22621.3235_none_270f74e173860f98;C:\Program Files (x86)\Citrix\ICA Client;c:\Users\Anoe\.vscode-insiders\extensions\redhat.java-1.28.1-win32-x64\jre\17.0.10-win32-x86_64\bin\server;C:\Users\Anoe\AppData\Roaming\Code - Insiders\User\globalStorage\redhat.java\1.28.1\config_win\org.eclipse.equinox.launcher\org.eclipse.equinox.launcher.win32.win32.x86_64_1.2.900.v20240129-1338

VM Arguments:
jvm_args: --add-modules=ALL-SYSTEM --add-opens=java.base/java.util=ALL-UNNAMED --add-opens=java.base/java.lang=ALL-UNNAMED --add-opens=java.base/sun.nio.fs=ALL-UNNAMED -Declipse.application=org.eclipse.jdt.ls.core.id1 -Dosgi.bundles.defaultStartLevel=4 -Declipse.product=org.eclipse.jdt.ls.core.product -Djava.import.generatesMetadataFilesAtProjectRoot=false -DDetectVMInstallationsJob.disabled=true -Dfile.encoding=utf8 -XX:+UseParallelGC -XX:GCTimeRatio=4 -XX:AdaptiveSizePolicyWeight=90 -Dsun.zip.disableMemoryMapping=true -Xmx1G -Xms100m -Xlog:disable -javaagent:c:\Users\Anoe\.vscode-insiders\extensions\redhat.java-1.28.1-win32-x64\lombok\lombok-1.18.31.jar -XX:+HeapDumpOnOutOfMemoryError -XX:HeapDumpPath=c:\Users\Anoe\AppData\Roaming\Code - Insiders\User\workspaceStorage\bde4a570759c72ed8cb912aa7c125bfd\redhat.java -Daether.dependencyCollector.impl=bf -Djdt.core.sharedIndexLocation=C:\Users\Anoe\AppData\Roaming\.jdt\index 
java_command: c:\Users\Anoe\.vscode-insiders\extensions\redhat.java-1.28.1-win32-x64\server\plugins\org.eclipse.equinox.launcher_1.6.700.v20231214-2017.jar -configuration c:\Users\Anoe\AppData\Roaming\Code - Insiders\User\globalStorage\redhat.java\1.28.1\config_win -data c:\Users\Anoe\AppData\Roaming\Code - Insiders\User\workspaceStorage\bde4a570759c72ed8cb912aa7c125bfd\redhat.java\jdt_ws --pipe=\\.\pipe\lsp-716fbaa4c77cf0ac3f882f9023c43c69-sock
java_class_path (initial): c:\Users\Anoe\.vscode-insiders\extensions\redhat.java-1.28.1-win32-x64\server\plugins\org.eclipse.equinox.launcher_1.6.700.v20231214-2017.jar
Launcher Type: SUN_STANDARD

[Global flags]
    uintx AdaptiveSizePolicyWeight                 = 90                                        {product} {command line}
     intx CICompilerCount                          = 4                                         {product} {ergonomic}
    uintx GCTimeRatio                              = 4                                         {product} {command line}
     bool HeapDumpOnOutOfMemoryError               = true                                   {manageable} {command line}
    ccstr HeapDumpPath                             = c:\Users\Anoe\AppData\Roaming\Code - Insiders\User\workspaceStorage\bde4a570759c72ed8cb912aa7c125bfd\redhat.java         {manageable} {command line}
   size_t InitialHeapSize                          = 104857600                                 {product} {command line}
   size_t MaxHeapSize                              = 1073741824                                {product} {command line}
   size_t MaxNewSize                               = 357564416                                 {product} {ergonomic}
   size_t MinHeapDeltaBytes                        = 524288                                    {product} {ergonomic}
   size_t MinHeapSize                              = 104857600                                 {product} {command line}
   size_t NewSize                                  = 34603008                                  {product} {ergonomic}
    uintx NonNMethodCodeHeapSize                   = 5839372                                {pd product} {ergonomic}
    uintx NonProfiledCodeHeapSize                  = 122909434                              {pd product} {ergonomic}
   size_t OldSize                                  = 70254592                                  {product} {ergonomic}
    uintx ProfiledCodeHeapSize                     = 122909434                              {pd product} {ergonomic}
    uintx ReservedCodeCacheSize                    = 251658240                              {pd product} {ergonomic}
     bool SegmentedCodeCache                       = true                                      {product} {ergonomic}
   size_t SoftMaxHeapSize                          = 1073741824                             {manageable} {ergonomic}
     bool UseCompressedClassPointers               = true                           {product lp64_product} {ergonomic}
     bool UseCompressedOops                        = true                           {product lp64_product} {ergonomic}
     bool UseLargePagesIndividualAllocation        = false                                  {pd product} {ergonomic}
     bool UseParallelGC                            = true                                      {product} {command line}

Logging:
Log output configuration:
 #0: stdout all=off uptime,level,tags
 #1: stderr all=off uptime,level,tags

Environment Variables:
JAVA_HOME=C:\Program Files\Java\jdk-17
PATH=C:\Python311\Scripts\;C:\Python311\;C:\Program Files\Common Files\Oracle\Java\javapath;C:\WINDOWS\system32;C:\WINDOWS;C:\WINDOWS\System32\Wbem;C:\WINDOWS\System32\WindowsPowerShell\v1.0\;C:\WINDOWS\System32\OpenSSH\;C:\Users\Anoe\AppData\Roaming\nvm;C:\Program Files\nodejs;C:\Program Files\Docker\Docker\resources\bin;C:\Program Files\nodejs\;C:\ProgramData\chocolatey\bin;C:\flutter\bin;C:\Program Files\Git\cmd;C:\Program Files\Git\mingw64\bin;C:\Program Files\Git\usr\bin;C:\Program Files (x86)\Microsoft SQL Server\160\Tools\Binn\;C:\Program Files\Microsoft SQL Server\160\Tools\Binn\;C:\Program Files\Microsoft SQL Server\Client SDK\ODBC\170\Tools\Binn\;C:\Program Files\Microsoft SQL Server\160\DTS\Binn\;C:\Program Files (x86)\Microsoft SQL Server\160\DTS\Binn\;C:\Program Files\Azure Data Studio\bin;C:\Program Files\Microsoft SQL Server\130\Tools\Binn\;C:\Program Files\Microsoft SQL Server\150\Tools\Binn\;C:\Program Files\Seq\;C:\Program Files\Seq\Client\;C:\Program Files\dotnet\;C:\Program Files\MySQL\MySQL Shell 8.0\bin\;C:\Users\Anoe\AppData\Local\Programs\Python\Python37\Scripts\;C:\Users\Anoe\AppData\Local\Programs\Python\Python37\;C:\Users\Anoe\AppData\Local\Microsoft\WindowsApps;C:\Users\Anoe\AppData\Roaming\nvm;C:\Program Files\nodejs;C:\Users\Anoe\AppData\Local\Programs\Microsoft VS Code Insiders\bin;C:\Program Files\JetBrains\IntelliJ IDEA 2022.3\bin;;C:\Users\Anoe\AppData\Roaming\npm;C:\Users\Anoe\AppData\Local\Android\Sdk\platform-tools;C:\Users\Anoe\AppData\Local\GitHubDesktop\bin;C:\src\flutter\bin;;C:\Program Files\JetBrains\WebStorm 2022.3\bin;;C:\Program Files\JetBrains\JetBrains Rider 2023.2.3\bin;;C:\Users\Anoe\.dotnet\tools;C:\Program Files\Azure Data Studio\bin
USERNAME=Anoe
OS=Windows_NT
PROCESSOR_IDENTIFIER=Intel64 Family 6 Model 142 Stepping 10, GenuineIntel
TMP=C:\Users\Anoe\AppData\Local\Temp
TEMP=C:\Users\Anoe\AppData\Local\Temp



Periodic native trim disabled


---------------  S Y S T E M  ---------------

OS:
 Windows 11 , 64 bit Build 22621 (10.0.22621.3235)
OS uptime: 0 days 14:56 hours
Hyper-V role detected

CPU: total 8 (initial active 8) (4 cores per cpu, 2 threads per core) family 6 model 142 stepping 10 microcode 0xf0, cx8, cmov, fxsr, ht, mmx, 3dnowpref, sse, sse2, sse3, ssse3, sse4.1, sse4.2, popcnt, lzcnt, tsc, tscinvbit, avx, avx2, aes, erms, clmul, bmi1, bmi2, adx, fma, vzeroupper, clflush, clflushopt, hv
Processor Information for all 8 processors :
  Max Mhz: 1992, Current Mhz: 1792, Mhz Limit: 1792

Memory: 4k page, system-wide physical 16275M (4447M free)
TotalPageFile size 16275M (AvailPageFile size 5M)
current process WorkingSet (physical memory assigned to process): 148M, peak: 148M
current process commit charge ("private bytes"): 250M, peak: 250M

vm_info: OpenJDK 64-Bit Server VM (17.0.10+7) for windows-amd64 JRE (17.0.10+7), built on Jan 16 2024 23:25:11 by "admin" with MS VC++ 16.10 / 16.11 (VS2019)

END.
