#
# There is insufficient memory for the Java Runtime Environment to continue.
# Native memory allocation (malloc) failed to allocate 792256 bytes for Chunk::new
# Possible reasons:
#   The system is out of physical RAM or swap space
#   The process is running with CompressedOops enabled, and the Java Heap may be blocking the growth of the native heap
# Possible solutions:
#   Reduce memory load on the system
#   Increase physical memory or swap space
#   Check if swap backing store is full
#   Decrease Java heap size (-Xmx/-Xms)
#   Decrease number of Java threads
#   Decrease Java thread stack sizes (-Xss)
#   Set larger code cache with -XX:ReservedCodeCacheSize=
#   JVM is running with Unscaled Compressed Oops mode in which the Java heap is
#     placed in the first 4GB address space. The Java Heap base address is the
#     maximum limit for the native heap growth. Please use -XX:HeapBaseMinAddress
#     to set the Java Heap base and to place the Java Heap above 4GB virtual address.
# This output file may be truncated or incomplete.
#
#  Out of Memory Error (arena.cpp:191), pid=21112, tid=24152
#
# JRE version: OpenJDK Runtime Environment Temurin-17.0.10+7 (17.0.10+7) (build 17.0.10+7)
# Java VM: OpenJDK 64-Bit Server VM Temurin-17.0.10+7 (17.0.10+7, mixed mode, tiered, compressed oops, compressed class ptrs, parallel gc, windows-amd64)
# No core dump will be written. Minidumps are not enabled by default on client versions of Windows
#

---------------  S U M M A R Y ------------

Command Line: --add-modules=ALL-SYSTEM --add-opens=java.base/java.util=ALL-UNNAMED --add-opens=java.base/java.lang=ALL-UNNAMED --add-opens=java.base/sun.nio.fs=ALL-UNNAMED -Declipse.application=org.eclipse.jdt.ls.core.id1 -Dosgi.bundles.defaultStartLevel=4 -Declipse.product=org.eclipse.jdt.ls.core.product -Djava.import.generatesMetadataFilesAtProjectRoot=false -DDetectVMInstallationsJob.disabled=true -Dfile.encoding=utf8 -XX:+UseParallelGC -XX:GCTimeRatio=4 -XX:AdaptiveSizePolicyWeight=90 -Dsun.zip.disableMemoryMapping=true -Xmx1G -Xms100m -Xlog:disable -javaagent:c:\Users\Anoe\.vscode-insiders\extensions\redhat.java-1.28.1-win32-x64\lombok\lombok-1.18.31.jar -XX:+HeapDumpOnOutOfMemoryError -XX:HeapDumpPath=c:\Users\Anoe\AppData\Roaming\Code - Insiders\User\workspaceStorage\bde4a570759c72ed8cb912aa7c125bfd\redhat.java -Daether.dependencyCollector.impl=bf -Djdt.core.sharedIndexLocation=C:\Users\Anoe\AppData\Roaming\.jdt\index c:\Users\Anoe\.vscode-insiders\extensions\redhat.java-1.28.1-win32-x64\server\plugins\org.eclipse.equinox.launcher_1.6.700.v20231214-2017.jar -configuration c:\Users\Anoe\AppData\Roaming\Code - Insiders\User\globalStorage\redhat.java\1.28.1\config_win -data c:\Users\Anoe\AppData\Roaming\Code - Insiders\User\workspaceStorage\bde4a570759c72ed8cb912aa7c125bfd\redhat.java\jdt_ws --pipe=\\.\pipe\lsp-dace784a51fcac5daae3219fb69e2788-sock

Host: Intel(R) Core(TM) i7-8550U CPU @ 1.80GHz, 8 cores, 15G,  Windows 11 , 64 bit Build 22621 (10.0.22621.3235)
Time: Tue Mar 19 11:20:55 2024 South Africa Standard Time elapsed time: 105.389161 seconds (0d 0h 1m 45s)

---------------  T H R E A D  ---------------

Current thread (0x0000015c07d6f090):  JavaThread "C2 CompilerThread1" daemon [_thread_in_native, id=24152, stack(0x0000002634c00000,0x0000002634d00000)]


Current CompileTask:
C2: 105389 12193       4       org.eclipse.jdt.internal.compiler.parser.Parser::fetchNextToken (8 bytes)

Stack: [0x0000002634c00000,0x0000002634d00000]
Native frames: (J=compiled Java code, j=interpreted, Vv=VM code, C=native code)
V  [jvm.dll+0x67d2c9]
V  [jvm.dll+0x834afa]
V  [jvm.dll+0x8365be]
V  [jvm.dll+0x836c23]
V  [jvm.dll+0x2477ff]
V  [jvm.dll+0xac514]
V  [jvm.dll+0xacb5c]
V  [jvm.dll+0x2aed1f]
V  [jvm.dll+0x584b67]
V  [jvm.dll+0x2228a2]
V  [jvm.dll+0x21bb42]
V  [jvm.dll+0x219201]
V  [jvm.dll+0x1a502d]
V  [jvm.dll+0x2290de]
V  [jvm.dll+0x2272ac]
V  [jvm.dll+0x7e9bb7]
V  [jvm.dll+0x7e3fba]
V  [jvm.dll+0x67c1b5]
C  [ucrtbase.dll+0x29363]
C  [KERNEL32.DLL+0x1257d]
C  [ntdll.dll+0x5aa58]


---------------  P R O C E S S  ---------------

Threads class SMR info:
_java_thread_list=0x0000015c08a68860, length=49, elements={
0x0000015c6ae57a30, 0x0000015c7fb28430, 0x0000015c7eca9eb0, 0x0000015c7fb32300,
0x0000015c7fb43eb0, 0x0000015c7fb44a40, 0x0000015c7fb45470, 0x0000015c7fb50200,
0x0000015c7fbb28c0, 0x0000015c7fbc14b0, 0x0000015c6aec2780, 0x0000015c7fe69b00,
0x0000015c05f246f0, 0x0000015c0636b540, 0x0000015c064da620, 0x0000015c064eb1d0,
0x0000015c06637b10, 0x0000015c06730230, 0x0000015c06732ab0, 0x0000015c06732090,
0x0000015c06730740, 0x0000015c06730c50, 0x0000015c0672fd20, 0x0000015c07b55a40,
0x0000015c07b55020, 0x0000015c07b527a0, 0x0000015c07b52290, 0x0000015c07b53be0,
0x0000015c07b540f0, 0x0000015c07b54600, 0x0000015c07b55530, 0x0000015c07b52cb0,
0x0000015c07b54b10, 0x0000015c08aff630, 0x0000015c08b06590, 0x0000015c08b03d10,
0x0000015c08b00560, 0x0000015c08b04c40, 0x0000015c08b05660, 0x0000015c08b00a70,
0x0000015c08b00f80, 0x0000015c08b01490, 0x0000015c06cac0e0, 0x0000015c06cb1c00,
0x0000015c06cad520, 0x0000015c06cac5f0, 0x0000015c07d6f090, 0x0000015c07d70080,
0x0000015c06cb11e0
}

Java Threads: ( => current thread )
  0x0000015c6ae57a30 JavaThread "main" [_thread_blocked, id=23912, stack(0x0000002632e00000,0x0000002632f00000)]
  0x0000015c7fb28430 JavaThread "Reference Handler" daemon [_thread_blocked, id=25168, stack(0x0000002633200000,0x0000002633300000)]
  0x0000015c7eca9eb0 JavaThread "Finalizer" daemon [_thread_blocked, id=4148, stack(0x0000002633300000,0x0000002633400000)]
  0x0000015c7fb32300 JavaThread "Signal Dispatcher" daemon [_thread_blocked, id=27236, stack(0x0000002633400000,0x0000002633500000)]
  0x0000015c7fb43eb0 JavaThread "Attach Listener" daemon [_thread_blocked, id=20284, stack(0x0000002633500000,0x0000002633600000)]
  0x0000015c7fb44a40 JavaThread "Service Thread" daemon [_thread_blocked, id=27604, stack(0x0000002633600000,0x0000002633700000)]
  0x0000015c7fb45470 JavaThread "Monitor Deflation Thread" daemon [_thread_blocked, id=14588, stack(0x0000002633700000,0x0000002633800000)]
  0x0000015c7fb50200 JavaThread "C2 CompilerThread0" daemon [_thread_in_native, id=26652, stack(0x0000002633800000,0x0000002633900000)]
  0x0000015c7fbb28c0 JavaThread "C1 CompilerThread0" daemon [_thread_blocked, id=14932, stack(0x0000002633900000,0x0000002633a00000)]
  0x0000015c7fbc14b0 JavaThread "Sweeper thread" daemon [_thread_blocked, id=27224, stack(0x0000002633a00000,0x0000002633b00000)]
  0x0000015c6aec2780 JavaThread "Common-Cleaner" daemon [_thread_blocked, id=19348, stack(0x0000002633b00000,0x0000002633c00000)]
  0x0000015c7fe69b00 JavaThread "Notification Thread" daemon [_thread_blocked, id=13104, stack(0x0000002633c00000,0x0000002633d00000)]
  0x0000015c05f246f0 JavaThread "Active Thread: Equinox Container: 659a0604-6288-469b-adc7-24fe3b7551df" [_thread_blocked, id=27556, stack(0x0000002634500000,0x0000002634600000)]
  0x0000015c0636b540 JavaThread "Framework Event Dispatcher: Equinox Container: 659a0604-6288-469b-adc7-24fe3b7551df" daemon [_thread_blocked, id=7812, stack(0x0000002634700000,0x0000002634800000)]
  0x0000015c064da620 JavaThread "Start Level: Equinox Container: 659a0604-6288-469b-adc7-24fe3b7551df" daemon [_thread_blocked, id=17936, stack(0x0000002634800000,0x0000002634900000)]
  0x0000015c064eb1d0 JavaThread "Bundle File Closer" daemon [_thread_blocked, id=14484, stack(0x0000002634a00000,0x0000002634b00000)]
  0x0000015c06637b10 JavaThread "SCR Component Actor" daemon [_thread_blocked, id=27548, stack(0x0000002634600000,0x0000002634700000)]
  0x0000015c06730230 JavaThread "Worker-JM" [_thread_blocked, id=26160, stack(0x0000002634400000,0x0000002634500000)]
  0x0000015c06732ab0 JavaThread "Worker-0: Building" [_thread_blocked, id=21484, stack(0x0000002634d00000,0x0000002634e00000)]
  0x0000015c06732090 JavaThread "Worker-2" [_thread_blocked, id=20988, stack(0x0000002634f00000,0x0000002635000000)]
  0x0000015c06730740 JavaThread "Java indexing" daemon [_thread_in_Java, id=1304, stack(0x0000002635000000,0x0000002635100000)]
  0x0000015c06730c50 JavaThread "Worker-3" [_thread_blocked, id=22624, stack(0x0000002635100000,0x0000002635200000)]
  0x0000015c0672fd20 JavaThread "JNA Cleaner" daemon [_thread_blocked, id=2360, stack(0x0000002635300000,0x0000002635400000)]
  0x0000015c07b55a40 JavaThread "Thread-2" daemon [_thread_in_native, id=12064, stack(0x0000002635600000,0x0000002635700000)]
  0x0000015c07b55020 JavaThread "Thread-3" daemon [_thread_in_native, id=19564, stack(0x0000002635700000,0x0000002635800000)]
  0x0000015c07b527a0 JavaThread "Thread-4" daemon [_thread_in_native, id=25072, stack(0x0000002635800000,0x0000002635900000)]
  0x0000015c07b52290 JavaThread "Thread-5" daemon [_thread_in_native, id=16980, stack(0x0000002635900000,0x0000002635a00000)]
  0x0000015c07b53be0 JavaThread "Thread-6" daemon [_thread_in_native, id=2312, stack(0x0000002635a00000,0x0000002635b00000)]
  0x0000015c07b540f0 JavaThread "Thread-7" daemon [_thread_in_native, id=14296, stack(0x0000002635b00000,0x0000002635c00000)]
  0x0000015c07b54600 JavaThread "Thread-8" daemon [_thread_in_native, id=27060, stack(0x0000002635c00000,0x0000002635d00000)]
  0x0000015c07b55530 JavaThread "Thread-9" daemon [_thread_in_native, id=13904, stack(0x0000002635d00000,0x0000002635e00000)]
  0x0000015c07b52cb0 JavaThread "Thread-10" daemon [_thread_in_native, id=27324, stack(0x0000002635e00000,0x0000002635f00000)]
  0x0000015c07b54b10 JavaThread "pool-2-thread-1" [_thread_blocked, id=26452, stack(0x0000002635f00000,0x0000002636000000)]
  0x0000015c08aff630 JavaThread "WorkspaceEventsHandler" [_thread_blocked, id=9100, stack(0x0000002636000000,0x0000002636100000)]
  0x0000015c08b06590 JavaThread "pool-1-thread-1" [_thread_blocked, id=10796, stack(0x0000002636100000,0x0000002636200000)]
  0x0000015c08b03d10 JavaThread "Timer-0" [_thread_blocked, id=22356, stack(0x0000002635200000,0x0000002635300000)]
  0x0000015c08b00560 JavaThread "Timer-1" [_thread_blocked, id=6364, stack(0x0000002636500000,0x0000002636600000)]
  0x0000015c08b04c40 JavaThread "ForkJoinPool.commonPool-worker-1" daemon [_thread_blocked, id=8424, stack(0x0000002636200000,0x0000002636300000)]
  0x0000015c08b05660 JavaThread "Timer-2" [_thread_blocked, id=908, stack(0x0000002636600000,0x0000002636700000)]
  0x0000015c08b00a70 JavaThread "ForkJoinPool.commonPool-worker-2" daemon [_thread_blocked, id=26920, stack(0x0000002636700000,0x0000002636800000)]
  0x0000015c08b00f80 JavaThread "ForkJoinPool.commonPool-worker-3" daemon [_thread_blocked, id=24980, stack(0x0000002636800000,0x0000002636900000)]
  0x0000015c08b01490 JavaThread "ForkJoinPool.commonPool-worker-4" daemon [_thread_blocked, id=25768, stack(0x0000002636900000,0x0000002636a00000)]
  0x0000015c06cac0e0 JavaThread "Worker-4" [_thread_blocked, id=24520, stack(0x0000002634e00000,0x0000002634f00000)]
  0x0000015c06cb1c00 JavaThread "ForkJoinPool.commonPool-worker-5" daemon [_thread_blocked, id=18812, stack(0x0000002636400000,0x0000002636500000)]
  0x0000015c06cad520 JavaThread "ForkJoinPool.commonPool-worker-6" daemon [_thread_blocked, id=25588, stack(0x0000002636a00000,0x0000002636b00000)]
  0x0000015c06cac5f0 JavaThread "ForkJoinPool.commonPool-worker-7" daemon [_thread_blocked, id=20840, stack(0x0000002636b00000,0x0000002636c00000)]
=>0x0000015c07d6f090 JavaThread "C2 CompilerThread1" daemon [_thread_in_native, id=24152, stack(0x0000002634c00000,0x0000002634d00000)]
  0x0000015c07d70080 JavaThread "C2 CompilerThread2" daemon [_thread_in_native, id=15016, stack(0x0000002636300000,0x0000002636400000)]
  0x0000015c06cb11e0 JavaThread "Compiler Processing Task" daemon [_thread_new, id=25812, stack(0x0000000000000000,0x0000000000000000)]

Other Threads:
  0x0000015c7eba6200 VMThread "VM Thread" [stack: 0x0000002633100000,0x0000002633200000] [id=13452]
  0x0000015c7fe69fe0 WatcherThread [stack: 0x0000002633d00000,0x0000002633e00000] [id=15252]
  0x0000015c6ae73d60 GCTaskThread "GC Thread#0" [stack: 0x0000002633000000,0x0000002633100000] [id=13636]
  0x0000015c058e00a0 GCTaskThread "GC Thread#1" [stack: 0x0000002633e00000,0x0000002633f00000] [id=24036]
  0x0000015c058e0980 GCTaskThread "GC Thread#2" [stack: 0x0000002633f00000,0x0000002634000000] [id=11516]
  0x0000015c05d9cdf0 GCTaskThread "GC Thread#3" [stack: 0x0000002634000000,0x0000002634100000] [id=16004]
  0x0000015c05d9d0b0 GCTaskThread "GC Thread#4" [stack: 0x0000002634100000,0x0000002634200000] [id=22436]
  0x0000015c05d9d370 GCTaskThread "GC Thread#5" [stack: 0x0000002634200000,0x0000002634300000] [id=23996]
  0x0000015c05d9d630 GCTaskThread "GC Thread#6" [stack: 0x0000002634300000,0x0000002634400000] [id=24628]
  0x0000015c061b0500 GCTaskThread "GC Thread#7" [stack: 0x0000002634900000,0x0000002634a00000] [id=26112]

Threads with active compile tasks:
C2 CompilerThread0   105474 12191       4       org.eclipse.jdt.internal.compiler.parser.Parser::consumeToken (2355 bytes)
C2 CompilerThread1   105474 12193       4       org.eclipse.jdt.internal.compiler.parser.Parser::fetchNextToken (8 bytes)
C2 CompilerThread2   105474 12200  s!   4       org.eclipse.jdt.internal.core.index.DiskIndex::readCategoryTable (698 bytes)

VM state: not at safepoint (normal execution)

VM Mutex/Monitor currently owned by a thread: None

Heap address: 0x00000000c0000000, size: 1024 MB, Compressed Oops mode: 32-bit

CDS archive(s) not mapped
Compressed class space mapped at: 0x0000000100000000-0x0000000140000000, reserved size: 1073741824
Narrow klass base: 0x0000000000000000, Narrow klass shift: 3, Narrow klass range: 0x140000000

GC Precious Log:
 CPUs: 8 total, 8 available
 Memory: 16275M
 Large Page Support: Disabled
 NUMA Support: Disabled
 Compressed Oops: Enabled (32-bit)
 Alignments: Space 512K, Generation 512K, Heap 2M
 Heap Min Capacity: 100M
 Heap Initial Capacity: 100M
 Heap Max Capacity: 1G
 Pre-touch: Disabled
 Parallel Workers: 8

Heap:
 PSYoungGen      total 4608K, used 3712K [0x00000000eab00000, 0x00000000eb300000, 0x0000000100000000)
  eden space 4096K, 82% used [0x00000000eab00000,0x00000000eae50230,0x00000000eaf00000)
  from space 512K, 62% used [0x00000000eb280000,0x00000000eb2d0000,0x00000000eb300000)
  to   space 512K, 0% used [0x00000000eb000000,0x00000000eb000000,0x00000000eb080000)
 ParOldGen       total 117760K, used 94797K [0x00000000c0000000, 0x00000000c7300000, 0x00000000eab00000)
  object space 117760K, 80% used [0x00000000c0000000,0x00000000c5c936d8,0x00000000c7300000)
 Metaspace       used 76729K, committed 77952K, reserved 1179648K
  class space    used 8463K, committed 9024K, reserved 1048576K

Card table byte_map: [0x0000015c6a7f0000,0x0000015c6aa00000] _byte_map_base: 0x0000015c6a1f0000

Marking Bits: (ParMarkBitMap*) 0x00007ff83923d7d0
 Begin Bits: [0x0000015c7cac0000, 0x0000015c7dac0000)
 End Bits:   [0x0000015c7dac0000, 0x0000015c7eac0000)

Polling page: 0x0000015c6a5e0000

Metaspace:

Usage:
  Non-class:     66.67 MB used.
      Class:      8.27 MB used.
       Both:     74.93 MB used.

Virtual space:
  Non-class space:      128.00 MB reserved,      67.31 MB ( 53%) committed,  2 nodes.
      Class space:        1.00 GB reserved,       8.81 MB ( <1%) committed,  1 nodes.
             Both:        1.12 GB reserved,      76.12 MB (  7%) committed. 

Chunk freelists:
   Non-Class:  12.23 MB
       Class:  7.20 MB
        Both:  19.44 MB

MaxMetaspaceSize: unlimited
CompressedClassSpaceSize: 1.00 GB
Initial GC threshold: 21.00 MB
Current GC threshold: 125.44 MB
CDS: off
MetaspaceReclaimPolicy: balanced
 - commit_granule_bytes: 65536.
 - commit_granule_words: 8192.
 - virtual_space_node_default_size: 8388608.
 - enlarge_chunks_in_place: 1.
 - new_chunks_are_fully_committed: 0.
 - uncommit_free_chunks: 1.
 - use_allocation_guard: 0.
 - handle_deallocations: 1.


Internal statistics:

num_allocs_failed_limit: 9.
num_arena_births: 688.
num_arena_deaths: 14.
num_vsnodes_births: 3.
num_vsnodes_deaths: 0.
num_space_committed: 1218.
num_space_uncommitted: 0.
num_chunks_returned_to_freelist: 23.
num_chunks_taken_from_freelist: 3769.
num_chunk_merges: 12.
num_chunk_splits: 2395.
num_chunks_enlarged: 1477.
num_inconsistent_stats: 0.

CodeHeap 'non-profiled nmethods': size=120000Kb used=7352Kb max_used=7813Kb free=112648Kb
 bounds [0x0000015c75590000, 0x0000015c75d40000, 0x0000015c7cac0000]
CodeHeap 'profiled nmethods': size=120000Kb used=19509Kb max_used=20940Kb free=100490Kb
 bounds [0x0000015c6dac0000, 0x0000015c6ef40000, 0x0000015c74ff0000]
CodeHeap 'non-nmethods': size=5760Kb used=1374Kb max_used=1493Kb free=4385Kb
 bounds [0x0000015c74ff0000, 0x0000015c75260000, 0x0000015c75590000]
 total_blobs=10215 nmethods=9497 adapters=629
 compilation: enabled
              stopped_count=0, restarted_count=0
 full_count=0

Compilation events (20 events):
Event: 105.367 Thread 0x0000015c7fbb28c0 nmethod 12219 0x0000015c6e03cf10 code [0x0000015c6e03d100, 0x0000015c6e03d5d8]
Event: 105.367 Thread 0x0000015c7fbb28c0 12220       3       org.eclipse.core.internal.properties.PropertyBucket$PropertyEntry::lambda$0 (28 bytes)
Event: 105.367 Thread 0x0000015c7fbb28c0 nmethod 12220 0x0000015c6eac3790 code [0x0000015c6eac3960, 0x0000015c6eac3bd8]
Event: 105.367 Thread 0x0000015c7fbb28c0 12221   !   3       org.eclipse.jdt.internal.core.util.Util::getResourceContentsAsCharArray (91 bytes)
Event: 105.368 Thread 0x0000015c7fbb28c0 nmethod 12221 0x0000015c6ec37d90 code [0x0000015c6ec37fc0, 0x0000015c6ec386e8]
Event: 105.376 Thread 0x0000015c7fbb28c0 12222       3       org.eclipse.jdt.internal.compiler.util.HashtableOfModule::get (68 bytes)
Event: 105.377 Thread 0x0000015c7fbb28c0 nmethod 12222 0x0000015c6e052490 code [0x0000015c6e052680, 0x0000015c6e052b38]
Event: 105.377 Thread 0x0000015c7fbb28c0 12226       3       org.eclipse.jdt.internal.compiler.lookup.ModuleBinding::recordExportRestrictions (98 bytes)
Event: 105.378 Thread 0x0000015c7fbb28c0 nmethod 12226 0x0000015c6ea6dd90 code [0x0000015c6ea6dfa0, 0x0000015c6ea6e7b8]
Event: 105.378 Thread 0x0000015c7fbb28c0 12227       3       org.eclipse.jdt.internal.compiler.util.SimpleSetOfCharArray::add (90 bytes)
Event: 105.379 Thread 0x0000015c07d70080 12201       4       org.eclipse.jdt.internal.core.index.DiskIndex::writeStreamChars (285 bytes)
Event: 105.379 Thread 0x0000015c7fbb28c0 nmethod 12227 0x0000015c6e2a9a10 code [0x0000015c6e2a9c20, 0x0000015c6e2aa348]
Event: 105.379 Thread 0x0000015c7fbb28c0 12225       3       org.eclipse.jdt.internal.compiler.lookup.PackageBinding::addPackage (40 bytes)
Event: 105.380 Thread 0x0000015c7fbb28c0 nmethod 12225 0x0000015c6ebdaa90 code [0x0000015c6ebdac40, 0x0000015c6ebdaf58]
Event: 105.380 Thread 0x0000015c7fbb28c0 12223       3       org.eclipse.jdt.internal.compiler.lookup.LookupEnvironment::getModule (114 bytes)
Event: 105.380 Thread 0x0000015c7fbb28c0 nmethod 12223 0x0000015c6e9f4890 code [0x0000015c6e9f4ac0, 0x0000015c6e9f51f8]
Event: 105.380 Thread 0x0000015c7fbb28c0 12224       1       org.eclipse.jdt.internal.compiler.classfmt.ModuleInfo$ModuleReferenceInfo::isTransitive (5 bytes)
Event: 105.380 Thread 0x0000015c7fbb28c0 nmethod 12224 0x0000015c75b4d690 code [0x0000015c75b4d820, 0x0000015c75b4d8f8]
Event: 105.385 Thread 0x0000015c7fbb28c0 12229       3       org.eclipse.jdt.core.compiler.CharOperation::subarray (48 bytes)
Event: 105.385 Thread 0x0000015c7fbb28c0 nmethod 12229 0x0000015c6ead5010 code [0x0000015c6ead51e0, 0x0000015c6ead55a8]

GC Heap History (20 events):
Event: 84.831 GC heap before
{Heap before GC invocations=120 (full 5):
 PSYoungGen      total 4608K, used 4544K [0x00000000eab00000, 0x00000000eb200000, 0x0000000100000000)
  eden space 2560K, 100% used [0x00000000eab00000,0x00000000ead80000,0x00000000ead80000)
  from space 2048K, 96% used [0x00000000eb000000,0x00000000eb1f0000,0x00000000eb200000)
  to   space 2048K, 0% used [0x00000000eae00000,0x00000000eae00000,0x00000000eb000000)
 ParOldGen       total 96256K, used 87157K [0x00000000c0000000, 0x00000000c5e00000, 0x00000000eab00000)
  object space 96256K, 90% used [0x00000000c0000000,0x00000000c551d5c8,0x00000000c5e00000)
 Metaspace       used 75892K, committed 77056K, reserved 1179648K
  class space    used 8401K, committed 8960K, reserved 1048576K
}
Event: 84.836 GC heap after
{Heap after GC invocations=120 (full 5):
 PSYoungGen      total 5120K, used 2030K [0x00000000eab00000, 0x00000000eb800000, 0x0000000100000000)
  eden space 3072K, 0% used [0x00000000eab00000,0x00000000eab00000,0x00000000eae00000)
  from space 2048K, 99% used [0x00000000eae00000,0x00000000eaffba70,0x00000000eb000000)
  to   space 5120K, 0% used [0x00000000eb300000,0x00000000eb300000,0x00000000eb800000)
 ParOldGen       total 96256K, used 89453K [0x00000000c0000000, 0x00000000c5e00000, 0x00000000eab00000)
  object space 96256K, 92% used [0x00000000c0000000,0x00000000c575b588,0x00000000c5e00000)
 Metaspace       used 75892K, committed 77056K, reserved 1179648K
  class space    used 8401K, committed 8960K, reserved 1048576K
}
Event: 84.857 GC heap before
{Heap before GC invocations=121 (full 5):
 PSYoungGen      total 5120K, used 5102K [0x00000000eab00000, 0x00000000eb800000, 0x0000000100000000)
  eden space 3072K, 100% used [0x00000000eab00000,0x00000000eae00000,0x00000000eae00000)
  from space 2048K, 99% used [0x00000000eae00000,0x00000000eaffba70,0x00000000eb000000)
  to   space 5120K, 0% used [0x00000000eb300000,0x00000000eb300000,0x00000000eb800000)
 ParOldGen       total 96256K, used 89453K [0x00000000c0000000, 0x00000000c5e00000, 0x00000000eab00000)
  object space 96256K, 92% used [0x00000000c0000000,0x00000000c575b588,0x00000000c5e00000)
 Metaspace       used 75897K, committed 77056K, reserved 1179648K
  class space    used 8401K, committed 8960K, reserved 1048576K
}
Event: 84.861 GC heap after
{Heap after GC invocations=121 (full 5):
 PSYoungGen      total 6144K, used 2944K [0x00000000eab00000, 0x00000000eb600000, 0x0000000100000000)
  eden space 3072K, 0% used [0x00000000eab00000,0x00000000eab00000,0x00000000eae00000)
  from space 3072K, 95% used [0x00000000eb300000,0x00000000eb5e0000,0x00000000eb600000)
  to   space 3584K, 0% used [0x00000000eaf00000,0x00000000eaf00000,0x00000000eb280000)
 ParOldGen       total 96256K, used 91458K [0x00000000c0000000, 0x00000000c5e00000, 0x00000000eab00000)
  object space 96256K, 95% used [0x00000000c0000000,0x00000000c59508e8,0x00000000c5e00000)
 Metaspace       used 75897K, committed 77056K, reserved 1179648K
  class space    used 8401K, committed 8960K, reserved 1048576K
}
Event: 84.872 GC heap before
{Heap before GC invocations=122 (full 5):
 PSYoungGen      total 6144K, used 6016K [0x00000000eab00000, 0x00000000eb600000, 0x0000000100000000)
  eden space 3072K, 100% used [0x00000000eab00000,0x00000000eae00000,0x00000000eae00000)
  from space 3072K, 95% used [0x00000000eb300000,0x00000000eb5e0000,0x00000000eb600000)
  to   space 3584K, 0% used [0x00000000eaf00000,0x00000000eaf00000,0x00000000eb280000)
 ParOldGen       total 96256K, used 91458K [0x00000000c0000000, 0x00000000c5e00000, 0x00000000eab00000)
  object space 96256K, 95% used [0x00000000c0000000,0x00000000c59508e8,0x00000000c5e00000)
 Metaspace       used 75897K, committed 77056K, reserved 1179648K
  class space    used 8401K, committed 8960K, reserved 1048576K
}
Event: 84.877 GC heap after
{Heap after GC invocations=122 (full 5):
 PSYoungGen      total 7168K, used 2905K [0x00000000eab00000, 0x00000000eb500000, 0x0000000100000000)
  eden space 4096K, 0% used [0x00000000eab00000,0x00000000eab00000,0x00000000eaf00000)
  from space 3072K, 94% used [0x00000000eaf00000,0x00000000eb1d66b8,0x00000000eb200000)
  to   space 3072K, 0% used [0x00000000eb200000,0x00000000eb200000,0x00000000eb500000)
 ParOldGen       total 96256K, used 94354K [0x00000000c0000000, 0x00000000c5e00000, 0x00000000eab00000)
  object space 96256K, 98% used [0x00000000c0000000,0x00000000c5c248e8,0x00000000c5e00000)
 Metaspace       used 75897K, committed 77056K, reserved 1179648K
  class space    used 8401K, committed 8960K, reserved 1048576K
}
Event: 84.877 GC heap before
{Heap before GC invocations=123 (full 6):
 PSYoungGen      total 7168K, used 2905K [0x00000000eab00000, 0x00000000eb500000, 0x0000000100000000)
  eden space 4096K, 0% used [0x00000000eab00000,0x00000000eab00000,0x00000000eaf00000)
  from space 3072K, 94% used [0x00000000eaf00000,0x00000000eb1d66b8,0x00000000eb200000)
  to   space 3072K, 0% used [0x00000000eb200000,0x00000000eb200000,0x00000000eb500000)
 ParOldGen       total 96256K, used 94354K [0x00000000c0000000, 0x00000000c5e00000, 0x00000000eab00000)
  object space 96256K, 98% used [0x00000000c0000000,0x00000000c5c248e8,0x00000000c5e00000)
 Metaspace       used 75897K, committed 77056K, reserved 1179648K
  class space    used 8401K, committed 8960K, reserved 1048576K
}
Event: 84.989 GC heap after
{Heap after GC invocations=123 (full 6):
 PSYoungGen      total 7168K, used 0K [0x00000000eab00000, 0x00000000eb600000, 0x0000000100000000)
  eden space 4096K, 0% used [0x00000000eab00000,0x00000000eab00000,0x00000000eaf00000)
  from space 3072K, 0% used [0x00000000eb200000,0x00000000eb200000,0x00000000eb500000)
  to   space 3072K, 0% used [0x00000000eaf00000,0x00000000eaf00000,0x00000000eb200000)
 ParOldGen       total 117760K, used 88301K [0x00000000c0000000, 0x00000000c7300000, 0x00000000eab00000)
  object space 117760K, 74% used [0x00000000c0000000,0x00000000c563b6b8,0x00000000c7300000)
 Metaspace       used 75897K, committed 77056K, reserved 1179648K
  class space    used 8401K, committed 8960K, reserved 1048576K
}
Event: 85.009 GC heap before
{Heap before GC invocations=124 (full 6):
 PSYoungGen      total 7168K, used 4096K [0x00000000eab00000, 0x00000000eb600000, 0x0000000100000000)
  eden space 4096K, 100% used [0x00000000eab00000,0x00000000eaf00000,0x00000000eaf00000)
  from space 3072K, 0% used [0x00000000eb200000,0x00000000eb200000,0x00000000eb500000)
  to   space 3072K, 0% used [0x00000000eaf00000,0x00000000eaf00000,0x00000000eb200000)
 ParOldGen       total 117760K, used 88301K [0x00000000c0000000, 0x00000000c7300000, 0x00000000eab00000)
  object space 117760K, 74% used [0x00000000c0000000,0x00000000c563b6b8,0x00000000c7300000)
 Metaspace       used 75897K, committed 77056K, reserved 1179648K
  class space    used 8401K, committed 8960K, reserved 1048576K
}
Event: 85.014 GC heap after
{Heap after GC invocations=124 (full 6):
 PSYoungGen      total 7168K, used 3072K [0x00000000eab00000, 0x00000000eb800000, 0x0000000100000000)
  eden space 4096K, 0% used [0x00000000eab00000,0x00000000eab00000,0x00000000eaf00000)
  from space 3072K, 100% used [0x00000000eaf00000,0x00000000eb200000,0x00000000eb200000)
  to   space 4608K, 0% used [0x00000000eb380000,0x00000000eb380000,0x00000000eb800000)
 ParOldGen       total 117760K, used 89181K [0x00000000c0000000, 0x00000000c7300000, 0x00000000eab00000)
  object space 117760K, 75% used [0x00000000c0000000,0x00000000c57176b8,0x00000000c7300000)
 Metaspace       used 75897K, committed 77056K, reserved 1179648K
  class space    used 8401K, committed 8960K, reserved 1048576K
}
Event: 86.137 GC heap before
{Heap before GC invocations=125 (full 6):
 PSYoungGen      total 7168K, used 7168K [0x00000000eab00000, 0x00000000eb800000, 0x0000000100000000)
  eden space 4096K, 100% used [0x00000000eab00000,0x00000000eaf00000,0x00000000eaf00000)
  from space 3072K, 100% used [0x00000000eaf00000,0x00000000eb200000,0x00000000eb200000)
  to   space 4608K, 0% used [0x00000000eb380000,0x00000000eb380000,0x00000000eb800000)
 ParOldGen       total 117760K, used 89181K [0x00000000c0000000, 0x00000000c7300000, 0x00000000eab00000)
  object space 117760K, 75% used [0x00000000c0000000,0x00000000c57176b8,0x00000000c7300000)
 Metaspace       used 75931K, committed 77120K, reserved 1179648K
  class space    used 8406K, committed 8960K, reserved 1048576K
}
Event: 86.141 GC heap after
{Heap after GC invocations=125 (full 6):
 PSYoungGen      total 6656K, used 2368K [0x00000000eab00000, 0x00000000eb600000, 0x0000000100000000)
  eden space 4096K, 0% used [0x00000000eab00000,0x00000000eab00000,0x00000000eaf00000)
  from space 2560K, 92% used [0x00000000eb380000,0x00000000eb5d0000,0x00000000eb600000)
  to   space 3072K, 0% used [0x00000000eb000000,0x00000000eb000000,0x00000000eb300000)
 ParOldGen       total 117760K, used 92309K [0x00000000c0000000, 0x00000000c7300000, 0x00000000eab00000)
  object space 117760K, 78% used [0x00000000c0000000,0x00000000c5a256b8,0x00000000c7300000)
 Metaspace       used 75931K, committed 77120K, reserved 1179648K
  class space    used 8406K, committed 8960K, reserved 1048576K
}
Event: 86.936 GC heap before
{Heap before GC invocations=126 (full 6):
 PSYoungGen      total 6656K, used 6464K [0x00000000eab00000, 0x00000000eb600000, 0x0000000100000000)
  eden space 4096K, 100% used [0x00000000eab00000,0x00000000eaf00000,0x00000000eaf00000)
  from space 2560K, 92% used [0x00000000eb380000,0x00000000eb5d0000,0x00000000eb600000)
  to   space 3072K, 0% used [0x00000000eb000000,0x00000000eb000000,0x00000000eb300000)
 ParOldGen       total 117760K, used 92309K [0x00000000c0000000, 0x00000000c7300000, 0x00000000eab00000)
  object space 117760K, 78% used [0x00000000c0000000,0x00000000c5a256b8,0x00000000c7300000)
 Metaspace       used 76089K, committed 77312K, reserved 1179648K
  class space    used 8420K, committed 8960K, reserved 1048576K
}
Event: 86.939 GC heap after
{Heap after GC invocations=126 (full 6):
 PSYoungGen      total 4608K, used 160K [0x00000000eab00000, 0x00000000eb400000, 0x0000000100000000)
  eden space 4096K, 0% used [0x00000000eab00000,0x00000000eab00000,0x00000000eaf00000)
  from space 512K, 31% used [0x00000000eb000000,0x00000000eb028000,0x00000000eb080000)
  to   space 1536K, 0% used [0x00000000eb280000,0x00000000eb280000,0x00000000eb400000)
 ParOldGen       total 117760K, used 94573K [0x00000000c0000000, 0x00000000c7300000, 0x00000000eab00000)
  object space 117760K, 80% used [0x00000000c0000000,0x00000000c5c5b6b8,0x00000000c7300000)
 Metaspace       used 76089K, committed 77312K, reserved 1179648K
  class space    used 8420K, committed 8960K, reserved 1048576K
}
Event: 97.550 GC heap before
{Heap before GC invocations=127 (full 6):
 PSYoungGen      total 4608K, used 4206K [0x00000000eab00000, 0x00000000eb400000, 0x0000000100000000)
  eden space 4096K, 98% used [0x00000000eab00000,0x00000000eaef3bd8,0x00000000eaf00000)
  from space 512K, 31% used [0x00000000eb000000,0x00000000eb028000,0x00000000eb080000)
  to   space 1536K, 0% used [0x00000000eb280000,0x00000000eb280000,0x00000000eb400000)
 ParOldGen       total 117760K, used 94573K [0x00000000c0000000, 0x00000000c7300000, 0x00000000eab00000)
  object space 117760K, 80% used [0x00000000c0000000,0x00000000c5c5b6b8,0x00000000c7300000)
 Metaspace       used 76381K, committed 77632K, reserved 1179648K
  class space    used 8445K, committed 9024K, reserved 1048576K
}
Event: 97.551 GC heap after
{Heap after GC invocations=127 (full 6):
 PSYoungGen      total 4608K, used 288K [0x00000000eab00000, 0x00000000eb300000, 0x0000000100000000)
  eden space 4096K, 0% used [0x00000000eab00000,0x00000000eab00000,0x00000000eaf00000)
  from space 512K, 56% used [0x00000000eb280000,0x00000000eb2c8020,0x00000000eb300000)
  to   space 512K, 0% used [0x00000000eb000000,0x00000000eb000000,0x00000000eb080000)
 ParOldGen       total 117760K, used 94621K [0x00000000c0000000, 0x00000000c7300000, 0x00000000eab00000)
  object space 117760K, 80% used [0x00000000c0000000,0x00000000c5c676b8,0x00000000c7300000)
 Metaspace       used 76381K, committed 77632K, reserved 1179648K
  class space    used 8445K, committed 9024K, reserved 1048576K
}
Event: 104.111 GC heap before
{Heap before GC invocations=128 (full 6):
 PSYoungGen      total 4608K, used 4383K [0x00000000eab00000, 0x00000000eb300000, 0x0000000100000000)
  eden space 4096K, 99% used [0x00000000eab00000,0x00000000eaefffc0,0x00000000eaf00000)
  from space 512K, 56% used [0x00000000eb280000,0x00000000eb2c8020,0x00000000eb300000)
  to   space 512K, 0% used [0x00000000eb000000,0x00000000eb000000,0x00000000eb080000)
 ParOldGen       total 117760K, used 94621K [0x00000000c0000000, 0x00000000c7300000, 0x00000000eab00000)
  object space 117760K, 80% used [0x00000000c0000000,0x00000000c5c676b8,0x00000000c7300000)
 Metaspace       used 76543K, committed 77760K, reserved 1179648K
  class space    used 8460K, committed 9024K, reserved 1048576K
}
Event: 104.112 GC heap after
{Heap after GC invocations=128 (full 6):
 PSYoungGen      total 4608K, used 224K [0x00000000eab00000, 0x00000000eb300000, 0x0000000100000000)
  eden space 4096K, 0% used [0x00000000eab00000,0x00000000eab00000,0x00000000eaf00000)
  from space 512K, 43% used [0x00000000eb000000,0x00000000eb038000,0x00000000eb080000)
  to   space 512K, 0% used [0x00000000eb280000,0x00000000eb280000,0x00000000eb300000)
 ParOldGen       total 117760K, used 94741K [0x00000000c0000000, 0x00000000c7300000, 0x00000000eab00000)
  object space 117760K, 80% used [0x00000000c0000000,0x00000000c5c856d8,0x00000000c7300000)
 Metaspace       used 76543K, committed 77760K, reserved 1179648K
  class space    used 8460K, committed 9024K, reserved 1048576K
}
Event: 105.204 GC heap before
{Heap before GC invocations=129 (full 6):
 PSYoungGen      total 4608K, used 4314K [0x00000000eab00000, 0x00000000eb300000, 0x0000000100000000)
  eden space 4096K, 99% used [0x00000000eab00000,0x00000000eaefe880,0x00000000eaf00000)
  from space 512K, 43% used [0x00000000eb000000,0x00000000eb038000,0x00000000eb080000)
  to   space 512K, 0% used [0x00000000eb280000,0x00000000eb280000,0x00000000eb300000)
 ParOldGen       total 117760K, used 94741K [0x00000000c0000000, 0x00000000c7300000, 0x00000000eab00000)
  object space 117760K, 80% used [0x00000000c0000000,0x00000000c5c856d8,0x00000000c7300000)
 Metaspace       used 76658K, committed 77888K, reserved 1179648K
  class space    used 8462K, committed 9024K, reserved 1048576K
}
Event: 105.205 GC heap after
{Heap after GC invocations=129 (full 6):
 PSYoungGen      total 4608K, used 320K [0x00000000eab00000, 0x00000000eb300000, 0x0000000100000000)
  eden space 4096K, 0% used [0x00000000eab00000,0x00000000eab00000,0x00000000eaf00000)
  from space 512K, 62% used [0x00000000eb280000,0x00000000eb2d0000,0x00000000eb300000)
  to   space 512K, 0% used [0x00000000eb000000,0x00000000eb000000,0x00000000eb080000)
 ParOldGen       total 117760K, used 94797K [0x00000000c0000000, 0x00000000c7300000, 0x00000000eab00000)
  object space 117760K, 80% used [0x00000000c0000000,0x00000000c5c936d8,0x00000000c7300000)
 Metaspace       used 76658K, committed 77888K, reserved 1179648K
  class space    used 8462K, committed 9024K, reserved 1048576K
}

Dll operation events (15 events):
Event: 0.029 Loaded shared library c:\Users\Anoe\.vscode-insiders\extensions\redhat.java-1.28.1-win32-x64\jre\17.0.10-win32-x86_64\bin\java.dll
Event: 0.335 Loaded shared library c:\Users\Anoe\.vscode-insiders\extensions\redhat.java-1.28.1-win32-x64\jre\17.0.10-win32-x86_64\bin\zip.dll
Event: 0.340 Loaded shared library C:\Users\Anoe\.vscode-insiders\extensions\redhat.java-1.28.1-win32-x64\jre\17.0.10-win32-x86_64\bin\instrument.dll
Event: 0.369 Loaded shared library C:\Users\Anoe\.vscode-insiders\extensions\redhat.java-1.28.1-win32-x64\jre\17.0.10-win32-x86_64\bin\net.dll
Event: 0.383 Loaded shared library C:\Users\Anoe\.vscode-insiders\extensions\redhat.java-1.28.1-win32-x64\jre\17.0.10-win32-x86_64\bin\nio.dll
Event: 0.414 Loaded shared library C:\Users\Anoe\.vscode-insiders\extensions\redhat.java-1.28.1-win32-x64\jre\17.0.10-win32-x86_64\bin\zip.dll
Event: 0.463 Loaded shared library C:\Users\Anoe\.vscode-insiders\extensions\redhat.java-1.28.1-win32-x64\jre\17.0.10-win32-x86_64\bin\jimage.dll
Event: 0.607 Loaded shared library c:\Users\Anoe\.vscode-insiders\extensions\redhat.java-1.28.1-win32-x64\jre\17.0.10-win32-x86_64\bin\verify.dll
Event: 2.830 Loaded shared library C:\Users\Anoe\AppData\Roaming\Code - Insiders\User\globalStorage\redhat.java\1.28.1\config_win\org.eclipse.equinox.launcher\org.eclipse.equinox.launcher.win32.win32.x86_64_1.2.900.v20240129-1338\eclipse_11900.dll
Event: 8.674 Loaded shared library C:\Users\Anoe\AppData\Local\Temp\jna-2045667\jna11872462424149446963.dll
Event: 14.990 Loaded shared library C:\Users\Anoe\.gradle\native\68d5fa5c4cc2d200863cafc0d521ce42e7d3e7ee720ec0a83991735586a16f82\windows-amd64\native-platform.dll
Event: 16.110 Loaded shared library C:\Users\Anoe\.vscode-insiders\extensions\redhat.java-1.28.1-win32-x64\jre\17.0.10-win32-x86_64\bin\management.dll
Event: 16.114 Loaded shared library C:\Users\Anoe\.vscode-insiders\extensions\redhat.java-1.28.1-win32-x64\jre\17.0.10-win32-x86_64\bin\management_ext.dll
Event: 17.059 Loaded shared library C:\Users\Anoe\.vscode-insiders\extensions\redhat.java-1.28.1-win32-x64\jre\17.0.10-win32-x86_64\bin\extnet.dll
Event: 19.884 Loaded shared library C:\Users\Anoe\.vscode-insiders\extensions\redhat.java-1.28.1-win32-x64\jre\17.0.10-win32-x86_64\bin\sunmscapi.dll

Deoptimization events (20 events):
Event: 104.772 Thread 0x0000015c08aff630 DEOPT PACKING pc=0x0000015c6eec28de sp=0x00000026360fe8a0
Event: 104.772 Thread 0x0000015c08aff630 DEOPT UNPACKING pc=0x0000015c75046e43 sp=0x00000026360fde30 mode 0
Event: 104.867 Thread 0x0000015c08aff630 Uncommon trap: trap_request=0xffffffc6 fr.pc=0x0000015c75b5ea30 relative=0x0000000000002fb0
Event: 104.867 Thread 0x0000015c08aff630 Uncommon trap: reason=bimorphic_or_optimized_type_check action=maybe_recompile pc=0x0000015c75b5ea30 method=org.eclipse.jdt.internal.compiler.ast.CompilationUnitDeclaration.getMainTypeName()[C @ 79 c2
Event: 104.867 Thread 0x0000015c08aff630 DEOPT PACKING pc=0x0000015c75b5ea30 sp=0x00000026360fe730
Event: 104.867 Thread 0x0000015c08aff630 DEOPT UNPACKING pc=0x0000015c750466a3 sp=0x00000026360fe5a0 mode 2
Event: 104.867 Thread 0x0000015c08aff630 Uncommon trap: trap_request=0xffffffc6 fr.pc=0x0000015c75a04cd8 relative=0x0000000000005878
Event: 104.868 Thread 0x0000015c08aff630 Uncommon trap: reason=bimorphic_or_optimized_type_check action=maybe_recompile pc=0x0000015c75a04cd8 method=org.eclipse.jdt.internal.compiler.ast.CompilationUnitDeclaration.getMainTypeName()[C @ 79 c2
Event: 104.868 Thread 0x0000015c08aff630 DEOPT PACKING pc=0x0000015c75a04cd8 sp=0x00000026360fe650
Event: 104.868 Thread 0x0000015c08aff630 DEOPT UNPACKING pc=0x0000015c750466a3 sp=0x00000026360fe4c8 mode 2
Event: 105.198 Thread 0x0000015c06730740 Uncommon trap: trap_request=0xffffff45 fr.pc=0x0000015c75d283a8 relative=0x0000000000000308
Event: 105.198 Thread 0x0000015c06730740 Uncommon trap: reason=unstable_if action=reinterpret pc=0x0000015c75d283a8 method=org.eclipse.jdt.internal.compiler.util.HashtableOfObject.putUnsafely([CLjava/lang/Object;)V @ 70 c2
Event: 105.198 Thread 0x0000015c06730740 DEOPT PACKING pc=0x0000015c75d283a8 sp=0x00000026350fedd0
Event: 105.198 Thread 0x0000015c06730740 DEOPT UNPACKING pc=0x0000015c750466a3 sp=0x00000026350fed78 mode 2
Event: 105.225 Thread 0x0000015c06730740 DEOPT PACKING pc=0x0000015c6dcc223c sp=0x00000026350febf0
Event: 105.226 Thread 0x0000015c06730740 DEOPT UNPACKING pc=0x0000015c75046e43 sp=0x00000026350fe148 mode 0
Event: 105.365 Thread 0x0000015c06732ab0 Uncommon trap: trap_request=0xffffffc6 fr.pc=0x0000015c75ba9a94 relative=0x0000000000000454
Event: 105.365 Thread 0x0000015c06732ab0 Uncommon trap: reason=bimorphic_or_optimized_type_check action=maybe_recompile pc=0x0000015c75ba9a94 method=java.util.Arrays.binarySearch0([Ljava/lang/Object;IILjava/lang/Object;Ljava/util/Comparator;)I @ 48 c2
Event: 105.365 Thread 0x0000015c06732ab0 DEOPT PACKING pc=0x0000015c75ba9a94 sp=0x0000002634dfdb70
Event: 105.365 Thread 0x0000015c06732ab0 DEOPT UNPACKING pc=0x0000015c750466a3 sp=0x0000002634dfdb18 mode 2

Classes unloaded (7 events):
Event: 4.653 Thread 0x0000015c7eba6200 Unloading class 0x0000000100254400 'java/lang/invoke/LambdaForm$MH+0x0000000100254400'
Event: 4.653 Thread 0x0000015c7eba6200 Unloading class 0x0000000100254000 'java/lang/invoke/LambdaForm$MH+0x0000000100254000'
Event: 4.653 Thread 0x0000015c7eba6200 Unloading class 0x0000000100253c00 'java/lang/invoke/LambdaForm$MH+0x0000000100253c00'
Event: 4.653 Thread 0x0000015c7eba6200 Unloading class 0x0000000100253800 'java/lang/invoke/LambdaForm$MH+0x0000000100253800'
Event: 4.653 Thread 0x0000015c7eba6200 Unloading class 0x0000000100253400 'java/lang/invoke/LambdaForm$BMH+0x0000000100253400'
Event: 4.653 Thread 0x0000015c7eba6200 Unloading class 0x0000000100253000 'java/lang/invoke/LambdaForm$DMH+0x0000000100253000'
Event: 4.653 Thread 0x0000015c7eba6200 Unloading class 0x0000000100250400 'java/lang/invoke/LambdaForm$DMH+0x0000000100250400'

Classes redefined (0 events):
No events

Internal exceptions (20 events):
Event: 86.458 Thread 0x0000015c06732090 Exception <a 'sun/nio/fs/WindowsException'{0x00000000eae33bd0}> (0x00000000eae33bd0) 
thrown [s\src\hotspot\share\prims\jni.cpp, line 516]
Event: 86.463 Thread 0x0000015c06732090 Exception <a 'sun/nio/fs/WindowsException'{0x00000000eae36488}> (0x00000000eae36488) 
thrown [s\src\hotspot\share\prims\jni.cpp, line 516]
Event: 86.466 Thread 0x0000015c06732090 Exception <a 'sun/nio/fs/WindowsException'{0x00000000eae38fc0}> (0x00000000eae38fc0) 
thrown [s\src\hotspot\share\prims\jni.cpp, line 516]
Event: 86.469 Thread 0x0000015c06732090 Exception <a 'sun/nio/fs/WindowsException'{0x00000000eae3baf0}> (0x00000000eae3baf0) 
thrown [s\src\hotspot\share\prims\jni.cpp, line 516]
Event: 86.473 Thread 0x0000015c06732090 Exception <a 'sun/nio/fs/WindowsException'{0x00000000eae3e218}> (0x00000000eae3e218) 
thrown [s\src\hotspot\share\prims\jni.cpp, line 516]
Event: 86.475 Thread 0x0000015c06732090 Exception <a 'sun/nio/fs/WindowsException'{0x00000000eae40f50}> (0x00000000eae40f50) 
thrown [s\src\hotspot\share\prims\jni.cpp, line 516]
Event: 86.480 Thread 0x0000015c06732090 Exception <a 'sun/nio/fs/WindowsException'{0x00000000eae43a40}> (0x00000000eae43a40) 
thrown [s\src\hotspot\share\prims\jni.cpp, line 516]
Event: 86.483 Thread 0x0000015c06732090 Exception <a 'sun/nio/fs/WindowsException'{0x00000000eae465b0}> (0x00000000eae465b0) 
thrown [s\src\hotspot\share\prims\jni.cpp, line 516]
Event: 86.486 Thread 0x0000015c06732090 Exception <a 'sun/nio/fs/WindowsException'{0x00000000eae48e48}> (0x00000000eae48e48) 
thrown [s\src\hotspot\share\prims\jni.cpp, line 516]
Event: 86.490 Thread 0x0000015c06732090 Exception <a 'sun/nio/fs/WindowsException'{0x00000000eae4b940}> (0x00000000eae4b940) 
thrown [s\src\hotspot\share\prims\jni.cpp, line 516]
Event: 86.494 Thread 0x0000015c06732090 Exception <a 'sun/nio/fs/WindowsException'{0x00000000eae4e430}> (0x00000000eae4e430) 
thrown [s\src\hotspot\share\prims\jni.cpp, line 516]
Event: 86.499 Thread 0x0000015c06732090 Exception <a 'sun/nio/fs/WindowsException'{0x00000000eae50d18}> (0x00000000eae50d18) 
thrown [s\src\hotspot\share\prims\jni.cpp, line 516]
Event: 86.503 Thread 0x0000015c06732090 Exception <a 'sun/nio/fs/WindowsException'{0x00000000eae53810}> (0x00000000eae53810) 
thrown [s\src\hotspot\share\prims\jni.cpp, line 516]
Event: 86.507 Thread 0x0000015c06732090 Exception <a 'sun/nio/fs/WindowsException'{0x00000000eae56318}> (0x00000000eae56318) 
thrown [s\src\hotspot\share\prims\jni.cpp, line 516]
Event: 86.511 Thread 0x0000015c06732090 Exception <a 'sun/nio/fs/WindowsException'{0x00000000eae58bd0}> (0x00000000eae58bd0) 
thrown [s\src\hotspot\share\prims\jni.cpp, line 516]
Event: 86.514 Thread 0x0000015c06732090 Exception <a 'sun/nio/fs/WindowsException'{0x00000000eae5b718}> (0x00000000eae5b718) 
thrown [s\src\hotspot\share\prims\jni.cpp, line 516]
Event: 86.518 Thread 0x0000015c06732090 Exception <a 'sun/nio/fs/WindowsException'{0x00000000eae5e108}> (0x00000000eae5e108) 
thrown [s\src\hotspot\share\prims\jni.cpp, line 516]
Event: 86.522 Thread 0x0000015c06732090 Exception <a 'sun/nio/fs/WindowsException'{0x00000000eae60a60}> (0x00000000eae60a60) 
thrown [s\src\hotspot\share\prims\jni.cpp, line 516]
Event: 104.957 Thread 0x0000015c08aff630 Exception <a 'sun/nio/fs/WindowsException'{0x00000000eac9e7f8}> (0x00000000eac9e7f8) 
thrown [s\src\hotspot\share\prims\jni.cpp, line 516]
Event: 105.031 Thread 0x0000015c08aff630 Exception <a 'sun/nio/fs/WindowsException'{0x00000000ead81790}> (0x00000000ead81790) 
thrown [s\src\hotspot\share\prims\jni.cpp, line 516]

VM Operations (20 events):
Event: 86.936 Executing VM operation: ParallelGCFailedAllocation
Event: 86.939 Executing VM operation: ParallelGCFailedAllocation done
Event: 97.061 Executing VM operation: HandshakeAllThreads
Event: 97.061 Executing VM operation: HandshakeAllThreads done
Event: 97.061 Executing VM operation: Cleanup
Event: 97.061 Executing VM operation: Cleanup done
Event: 97.530 Executing VM operation: HandshakeAllThreads
Event: 97.530 Executing VM operation: HandshakeAllThreads done
Event: 97.550 Executing VM operation: ParallelGCFailedAllocation
Event: 97.551 Executing VM operation: ParallelGCFailedAllocation done
Event: 99.561 Executing VM operation: Cleanup
Event: 99.566 Executing VM operation: Cleanup done
Event: 103.568 Executing VM operation: Cleanup
Event: 103.568 Executing VM operation: Cleanup done
Event: 104.111 Executing VM operation: ParallelGCFailedAllocation
Event: 104.114 Executing VM operation: ParallelGCFailedAllocation done
Event: 105.114 Executing VM operation: Cleanup
Event: 105.114 Executing VM operation: Cleanup done
Event: 105.204 Executing VM operation: ParallelGCFailedAllocation
Event: 105.205 Executing VM operation: ParallelGCFailedAllocation done

Events (20 events):
Event: 86.255 Thread 0x0000015c7fbc14b0 flushing nmethod 0x0000015c6eeb8890
Event: 86.255 Thread 0x0000015c7fbc14b0 flushing nmethod 0x0000015c6eebbd10
Event: 86.255 Thread 0x0000015c7fbc14b0 flushing nmethod 0x0000015c6eebc090
Event: 86.256 Thread 0x0000015c7fbc14b0 flushing nmethod 0x0000015c6ef1c710
Event: 86.256 Thread 0x0000015c7fbc14b0 flushing nmethod 0x0000015c6ef1e310
Event: 86.394 Thread 0x0000015c07d6b0d0 Thread exited: 0x0000015c07d6b0d0
Event: 86.525 loading class java/util/stream/ReduceOps$5
Event: 86.526 loading class java/util/stream/ReduceOps$5 done
Event: 86.526 loading class java/util/stream/ReduceOps$CountingSink$OfRef
Event: 86.526 loading class java/util/stream/ReduceOps$CountingSink
Event: 86.526 loading class java/util/stream/ReduceOps$CountingSink done
Event: 86.526 loading class java/util/stream/ReduceOps$CountingSink$OfRef done
Event: 86.967 loading class java/util/stream/ReduceOps$1
Event: 86.967 loading class java/util/stream/ReduceOps$1 done
Event: 86.967 loading class java/util/stream/ReduceOps$1ReducingSink
Event: 86.967 loading class java/util/stream/ReduceOps$1ReducingSink done
Event: 97.621 Thread 0x0000015c07d69640 Thread added: 0x0000015c07d69640
Event: 98.308 Thread 0x0000015c07d69640 Thread exited: 0x0000015c07d69640
Event: 105.211 Thread 0x0000015c07d6f090 Thread added: 0x0000015c07d6f090
Event: 105.378 Thread 0x0000015c07d70080 Thread added: 0x0000015c07d70080


Dynamic libraries:
0x00007ff687e10000 - 0x00007ff687e1e000 	c:\Users\Anoe\.vscode-insiders\extensions\redhat.java-1.28.1-win32-x64\jre\17.0.10-win32-x86_64\bin\java.exe
0x00007ff88fdf0000 - 0x00007ff890006000 	C:\WINDOWS\SYSTEM32\ntdll.dll
0x00007ff88ef90000 - 0x00007ff88f054000 	C:\WINDOWS\System32\KERNEL32.DLL
0x00007ff88d220000 - 0x00007ff88d5c6000 	C:\WINDOWS\System32\KERNELBASE.dll
0x00007ff88d630000 - 0x00007ff88d741000 	C:\WINDOWS\System32\ucrtbase.dll
0x00007ff86ee20000 - 0x00007ff86ee37000 	c:\Users\Anoe\.vscode-insiders\extensions\redhat.java-1.28.1-win32-x64\jre\17.0.10-win32-x86_64\bin\jli.dll
0x00007ff88ed80000 - 0x00007ff88ef2d000 	C:\WINDOWS\System32\USER32.dll
0x00007ff88d5d0000 - 0x00007ff88d5f6000 	C:\WINDOWS\System32\win32u.dll
0x00007ff88ef60000 - 0x00007ff88ef89000 	C:\WINDOWS\System32\GDI32.dll
0x00007ff88d8c0000 - 0x00007ff88d9d8000 	C:\WINDOWS\System32\gdi32full.dll
0x00007ff88d180000 - 0x00007ff88d21a000 	C:\WINDOWS\System32\msvcp_win.dll
0x00007ff86d490000 - 0x00007ff86d4ab000 	c:\Users\Anoe\.vscode-insiders\extensions\redhat.java-1.28.1-win32-x64\jre\17.0.10-win32-x86_64\bin\VCRUNTIME140.dll
0x00007ff8701c0000 - 0x00007ff870453000 	C:\WINDOWS\WinSxS\amd64_microsoft.windows.common-controls_6595b64144ccf1df_6.0.22621.3235_none_270f74e173860f98\COMCTL32.dll
0x00007ff88ec70000 - 0x00007ff88ed17000 	C:\WINDOWS\System32\msvcrt.dll
0x00007ff88db70000 - 0x00007ff88dba1000 	C:\WINDOWS\System32\IMM32.DLL
0x00007ff8681b0000 - 0x00007ff868314000 	C:\Program Files (x86)\Citrix\ICA Client\ctxapclient64.dll
0x00007ff88d600000 - 0x00007ff88d628000 	C:\WINDOWS\System32\bcrypt.dll
0x00007ff88dbc0000 - 0x00007ff88df48000 	C:\WINDOWS\System32\combase.dll
0x00007ff88e2f0000 - 0x00007ff88e405000 	C:\WINDOWS\System32\RPCRT4.dll
0x00007ff883a50000 - 0x00007ff883a5a000 	C:\WINDOWS\SYSTEM32\VERSION.dll
0x00007ff88e0a0000 - 0x00007ff88e152000 	C:\WINDOWS\System32\ADVAPI32.dll
0x00007ff88e240000 - 0x00007ff88e2e8000 	C:\WINDOWS\System32\sechost.dll
0x00007ff88c210000 - 0x00007ff88c244000 	C:\WINDOWS\SYSTEM32\ntmarta.dll
0x00007ff88d100000 - 0x00007ff88d17a000 	C:\WINDOWS\System32\bcryptprimitives.dll
0x00007ff883c20000 - 0x00007ff883c2c000 	c:\Users\Anoe\.vscode-insiders\extensions\redhat.java-1.28.1-win32-x64\jre\17.0.10-win32-x86_64\bin\vcruntime140_1.dll
0x00007ff88c1f0000 - 0x00007ff88c208000 	C:\WINDOWS\SYSTEM32\kernel.appcore.dll
0x00007ff867c60000 - 0x00007ff867ced000 	c:\Users\Anoe\.vscode-insiders\extensions\redhat.java-1.28.1-win32-x64\jre\17.0.10-win32-x86_64\bin\msvcp140.dll
0x00007ff8386a0000 - 0x00007ff839302000 	c:\Users\Anoe\.vscode-insiders\extensions\redhat.java-1.28.1-win32-x64\jre\17.0.10-win32-x86_64\bin\server\jvm.dll
0x00007ff88bf50000 - 0x00007ff88bf9d000 	C:\WINDOWS\SYSTEM32\POWRPROF.dll
0x00007ff860c90000 - 0x00007ff860c99000 	C:\WINDOWS\SYSTEM32\WSOCK32.dll
0x0000015c6a560000 - 0x0000015c6a5d1000 	C:\WINDOWS\System32\WS2_32.dll
0x00007ff883b80000 - 0x00007ff883bb4000 	C:\WINDOWS\SYSTEM32\WINMM.dll
0x00007ff88bf30000 - 0x00007ff88bf43000 	C:\WINDOWS\SYSTEM32\UMPDC.dll
0x00007ff8782e0000 - 0x00007ff8782ea000 	c:\Users\Anoe\.vscode-insiders\extensions\redhat.java-1.28.1-win32-x64\jre\17.0.10-win32-x86_64\bin\jimage.dll
0x00007ff8886d0000 - 0x00007ff888903000 	C:\WINDOWS\SYSTEM32\DBGHELP.DLL
0x00007ff88e160000 - 0x00007ff88e237000 	C:\WINDOWS\System32\OLEAUT32.dll
0x00007ff86d4f0000 - 0x00007ff86d522000 	C:\WINDOWS\SYSTEM32\dbgcore.DLL
0x00007ff876ab0000 - 0x00007ff876abe000 	c:\Users\Anoe\.vscode-insiders\extensions\redhat.java-1.28.1-win32-x64\jre\17.0.10-win32-x86_64\bin\instrument.dll
0x00007ff868470000 - 0x00007ff868495000 	c:\Users\Anoe\.vscode-insiders\extensions\redhat.java-1.28.1-win32-x64\jre\17.0.10-win32-x86_64\bin\java.dll
0x00007ff869d80000 - 0x00007ff869d98000 	c:\Users\Anoe\.vscode-insiders\extensions\redhat.java-1.28.1-win32-x64\jre\17.0.10-win32-x86_64\bin\zip.dll
0x0000015c04df0000 - 0x0000015c0564d000 	C:\WINDOWS\System32\SHELL32.dll
0x00007ff88b010000 - 0x00007ff88b908000 	C:\WINDOWS\SYSTEM32\windows.storage.dll
0x00007ff88aed0000 - 0x00007ff88b00e000 	C:\WINDOWS\SYSTEM32\wintypes.dll
0x00007ff88eb70000 - 0x00007ff88ec63000 	C:\WINDOWS\System32\SHCORE.dll
0x00007ff88ed20000 - 0x00007ff88ed7e000 	C:\WINDOWS\System32\shlwapi.dll
0x00007ff88d030000 - 0x00007ff88d056000 	C:\WINDOWS\SYSTEM32\profapi.dll
0x00007ff868450000 - 0x00007ff868469000 	C:\Users\Anoe\.vscode-insiders\extensions\redhat.java-1.28.1-win32-x64\jre\17.0.10-win32-x86_64\bin\net.dll
0x00007ff884d30000 - 0x00007ff884e67000 	C:\WINDOWS\SYSTEM32\WINHTTP.dll
0x00007ff88c660000 - 0x00007ff88c6c9000 	C:\WINDOWS\system32\mswsock.dll
0x00007ff868140000 - 0x00007ff868156000 	C:\Users\Anoe\.vscode-insiders\extensions\redhat.java-1.28.1-win32-x64\jre\17.0.10-win32-x86_64\bin\nio.dll
0x00007ff876570000 - 0x00007ff876580000 	c:\Users\Anoe\.vscode-insiders\extensions\redhat.java-1.28.1-win32-x64\jre\17.0.10-win32-x86_64\bin\verify.dll
0x00007ff866d80000 - 0x00007ff866dbe000 	C:\Users\Anoe\AppData\Roaming\Code - Insiders\User\globalStorage\redhat.java\1.28.1\config_win\org.eclipse.equinox.launcher\org.eclipse.equinox.launcher.win32.win32.x86_64_1.2.900.v20240129-1338\eclipse_11900.dll
0x0000015c070b0000 - 0x0000015c0724f000 	C:\WINDOWS\System32\ole32.dll
0x00007ff88c9b0000 - 0x00007ff88c9cb000 	C:\WINDOWS\SYSTEM32\CRYPTSP.dll
0x00007ff88c150000 - 0x00007ff88c185000 	C:\WINDOWS\system32\rsaenh.dll
0x00007ff88c700000 - 0x00007ff88c72c000 	C:\WINDOWS\SYSTEM32\USERENV.dll
0x00007ff88c990000 - 0x00007ff88c99c000 	C:\WINDOWS\SYSTEM32\CRYPTBASE.dll
0x00007ff88bbe0000 - 0x00007ff88bc0d000 	C:\WINDOWS\SYSTEM32\IPHLPAPI.DLL
0x00007ff88e4f0000 - 0x00007ff88e4f9000 	C:\WINDOWS\System32\NSI.dll
0x00007ff883a60000 - 0x00007ff883a79000 	C:\WINDOWS\SYSTEM32\dhcpcsvc6.DLL
0x00007ff883960000 - 0x00007ff88397f000 	C:\WINDOWS\SYSTEM32\dhcpcsvc.DLL
0x00007ff88bc50000 - 0x00007ff88bd49000 	C:\WINDOWS\SYSTEM32\DNSAPI.dll
0x00007ff86e3b0000 - 0x00007ff86e3f5000 	C:\Users\Anoe\AppData\Local\Temp\jna-2045667\jna11872462424149446963.dll
0x00007ff88e980000 - 0x00007ff88e988000 	C:\WINDOWS\System32\PSAPI.DLL
0x00007ff872d90000 - 0x00007ff872db7000 	C:\Users\Anoe\.gradle\native\68d5fa5c4cc2d200863cafc0d521ce42e7d3e7ee720ec0a83991735586a16f82\windows-amd64\native-platform.dll
0x00007ff8834e0000 - 0x00007ff8834e9000 	C:\Users\Anoe\.vscode-insiders\extensions\redhat.java-1.28.1-win32-x64\jre\17.0.10-win32-x86_64\bin\management.dll
0x00007ff878b70000 - 0x00007ff878b7b000 	C:\Users\Anoe\.vscode-insiders\extensions\redhat.java-1.28.1-win32-x64\jre\17.0.10-win32-x86_64\bin\management_ext.dll
0x00007ff878b60000 - 0x00007ff878b69000 	C:\Users\Anoe\.vscode-insiders\extensions\redhat.java-1.28.1-win32-x64\jre\17.0.10-win32-x86_64\bin\extnet.dll
0x00007ff872be0000 - 0x00007ff872bee000 	C:\Users\Anoe\.vscode-insiders\extensions\redhat.java-1.28.1-win32-x64\jre\17.0.10-win32-x86_64\bin\sunmscapi.dll
0x0000015c08240000 - 0x0000015c083a6000 	C:\WINDOWS\System32\CRYPT32.dll
0x00007ff88caa0000 - 0x00007ff88cace000 	C:\WINDOWS\SYSTEM32\ncrypt.dll
0x00007ff88ca60000 - 0x00007ff88ca97000 	C:\WINDOWS\SYSTEM32\NTASN1.dll
0x00007ff872e80000 - 0x00007ff872e88000 	C:\WINDOWS\system32\wshunix.dll

dbghelp: loaded successfully - version: 4.0.5 - missing functions: none
symbol engine: initialized successfully - sym options: 0x614 - pdb path: .;c:\Users\Anoe\.vscode-insiders\extensions\redhat.java-1.28.1-win32-x64\jre\17.0.10-win32-x86_64\bin;C:\WINDOWS\SYSTEM32;C:\WINDOWS\WinSxS\amd64_microsoft.windows.common-controls_6595b64144ccf1df_6.0.22621.3235_none_270f74e173860f98;C:\Program Files (x86)\Citrix\ICA Client;c:\Users\Anoe\.vscode-insiders\extensions\redhat.java-1.28.1-win32-x64\jre\17.0.10-win32-x86_64\bin\server;C:\Users\Anoe\AppData\Roaming\Code - Insiders\User\globalStorage\redhat.java\1.28.1\config_win\org.eclipse.equinox.launcher\org.eclipse.equinox.launcher.win32.win32.x86_64_1.2.900.v20240129-1338;C:\Users\Anoe\AppData\Local\Temp\jna-2045667;C:\Users\Anoe\.gradle\native\68d5fa5c4cc2d200863cafc0d521ce42e7d3e7ee720ec0a83991735586a16f82\windows-amd64

VM Arguments:
jvm_args: --add-modules=ALL-SYSTEM --add-opens=java.base/java.util=ALL-UNNAMED --add-opens=java.base/java.lang=ALL-UNNAMED --add-opens=java.base/sun.nio.fs=ALL-UNNAMED -Declipse.application=org.eclipse.jdt.ls.core.id1 -Dosgi.bundles.defaultStartLevel=4 -Declipse.product=org.eclipse.jdt.ls.core.product -Djava.import.generatesMetadataFilesAtProjectRoot=false -DDetectVMInstallationsJob.disabled=true -Dfile.encoding=utf8 -XX:+UseParallelGC -XX:GCTimeRatio=4 -XX:AdaptiveSizePolicyWeight=90 -Dsun.zip.disableMemoryMapping=true -Xmx1G -Xms100m -Xlog:disable -javaagent:c:\Users\Anoe\.vscode-insiders\extensions\redhat.java-1.28.1-win32-x64\lombok\lombok-1.18.31.jar -XX:+HeapDumpOnOutOfMemoryError -XX:HeapDumpPath=c:\Users\Anoe\AppData\Roaming\Code - Insiders\User\workspaceStorage\bde4a570759c72ed8cb912aa7c125bfd\redhat.java -Daether.dependencyCollector.impl=bf -Djdt.core.sharedIndexLocation=C:\Users\Anoe\AppData\Roaming\.jdt\index 
java_command: c:\Users\Anoe\.vscode-insiders\extensions\redhat.java-1.28.1-win32-x64\server\plugins\org.eclipse.equinox.launcher_1.6.700.v20231214-2017.jar -configuration c:\Users\Anoe\AppData\Roaming\Code - Insiders\User\globalStorage\redhat.java\1.28.1\config_win -data c:\Users\Anoe\AppData\Roaming\Code - Insiders\User\workspaceStorage\bde4a570759c72ed8cb912aa7c125bfd\redhat.java\jdt_ws --pipe=\\.\pipe\lsp-dace784a51fcac5daae3219fb69e2788-sock
java_class_path (initial): c:\Users\Anoe\.vscode-insiders\extensions\redhat.java-1.28.1-win32-x64\server\plugins\org.eclipse.equinox.launcher_1.6.700.v20231214-2017.jar
Launcher Type: SUN_STANDARD

[Global flags]
    uintx AdaptiveSizePolicyWeight                 = 90                                        {product} {command line}
     intx CICompilerCount                          = 4                                         {product} {ergonomic}
    uintx GCTimeRatio                              = 4                                         {product} {command line}
     bool HeapDumpOnOutOfMemoryError               = true                                   {manageable} {command line}
    ccstr HeapDumpPath                             = c:\Users\Anoe\AppData\Roaming\Code - Insiders\User\workspaceStorage\bde4a570759c72ed8cb912aa7c125bfd\redhat.java         {manageable} {command line}
   size_t InitialHeapSize                          = 104857600                                 {product} {command line}
   size_t MaxHeapSize                              = 1073741824                                {product} {command line}
   size_t MaxNewSize                               = 357564416                                 {product} {ergonomic}
   size_t MinHeapDeltaBytes                        = 524288                                    {product} {ergonomic}
   size_t MinHeapSize                              = 104857600                                 {product} {command line}
   size_t NewSize                                  = 34603008                                  {product} {ergonomic}
    uintx NonNMethodCodeHeapSize                   = 5839372                                {pd product} {ergonomic}
    uintx NonProfiledCodeHeapSize                  = 122909434                              {pd product} {ergonomic}
   size_t OldSize                                  = 70254592                                  {product} {ergonomic}
    uintx ProfiledCodeHeapSize                     = 122909434                              {pd product} {ergonomic}
    uintx ReservedCodeCacheSize                    = 251658240                              {pd product} {ergonomic}
     bool SegmentedCodeCache                       = true                                      {product} {ergonomic}
   size_t SoftMaxHeapSize                          = 1073741824                             {manageable} {ergonomic}
     bool UseCompressedClassPointers               = true                           {product lp64_product} {ergonomic}
     bool UseCompressedOops                        = true                           {product lp64_product} {ergonomic}
     bool UseLargePagesIndividualAllocation        = false                                  {pd product} {ergonomic}
     bool UseParallelGC                            = true                                      {product} {command line}

Logging:
Log output configuration:
 #0: stdout all=off uptime,level,tags
 #1: stderr all=off uptime,level,tags

Environment Variables:
JAVA_HOME=C:\Program Files\Java\jdk-17
PATH=C:\Python311\Scripts\;C:\Python311\;C:\Program Files\Common Files\Oracle\Java\javapath;C:\WINDOWS\system32;C:\WINDOWS;C:\WINDOWS\System32\Wbem;C:\WINDOWS\System32\WindowsPowerShell\v1.0\;C:\WINDOWS\System32\OpenSSH\;C:\Users\Anoe\AppData\Roaming\nvm;C:\Program Files\nodejs;C:\Program Files\Docker\Docker\resources\bin;C:\Program Files\nodejs\;C:\ProgramData\chocolatey\bin;C:\flutter\bin;C:\Program Files\Git\cmd;C:\Program Files\Git\mingw64\bin;C:\Program Files\Git\usr\bin;C:\Program Files (x86)\Microsoft SQL Server\160\Tools\Binn\;C:\Program Files\Microsoft SQL Server\160\Tools\Binn\;C:\Program Files\Microsoft SQL Server\Client SDK\ODBC\170\Tools\Binn\;C:\Program Files\Microsoft SQL Server\160\DTS\Binn\;C:\Program Files (x86)\Microsoft SQL Server\160\DTS\Binn\;C:\Program Files\Azure Data Studio\bin;C:\Program Files\Microsoft SQL Server\130\Tools\Binn\;C:\Program Files\Microsoft SQL Server\150\Tools\Binn\;C:\Program Files\Seq\;C:\Program Files\Seq\Client\;C:\Program Files\dotnet\;C:\Program Files\MySQL\MySQL Shell 8.0\bin\;C:\Users\Anoe\AppData\Local\Programs\Python\Python37\Scripts\;C:\Users\Anoe\AppData\Local\Programs\Python\Python37\;C:\Users\Anoe\AppData\Local\Microsoft\WindowsApps;C:\Users\Anoe\AppData\Local\Programs\Microsoft VS Code Insiders\bin;C:\Program Files\JetBrains\IntelliJ IDEA 2022.3\bin;C:\Users\Anoe\AppData\Roaming\npm;C:\Users\Anoe\AppData\Local\Android\Sdk\platform-tools;C:\Users\Anoe\AppData\Local\GitHubDesktop\bin;C:\src\flutter\bin;C:\Program Files\JetBrains\WebStorm 2022.3\bin;C:\Program Files\JetBrains\JetBrains Rider 2023.2.3\bin;C:\Users\Anoe\.dotnet\tools
USERNAME=Anoe
OS=Windows_NT
PROCESSOR_IDENTIFIER=Intel64 Family 6 Model 142 Stepping 10, GenuineIntel
TMP=C:\Users\Anoe\AppData\Local\Temp
TEMP=C:\Users\Anoe\AppData\Local\Temp



Periodic native trim disabled


---------------  S Y S T E M  ---------------

OS:
 Windows 11 , 64 bit Build 22621 (10.0.22621.3235)
OS uptime: 0 days 3:58 hours
Hyper-V role detected

CPU: total 8 (initial active 8) (4 cores per cpu, 2 threads per core) family 6 model 142 stepping 10 microcode 0xf0, cx8, cmov, fxsr, ht, mmx, 3dnowpref, sse, sse2, sse3, ssse3, sse4.1, sse4.2, popcnt, lzcnt, tsc, tscinvbit, avx, avx2, aes, erms, clmul, bmi1, bmi2, adx, fma, vzeroupper, clflush, clflushopt, hv
Processor Information for all 8 processors :
  Max Mhz: 1992, Current Mhz: 1792, Mhz Limit: 1792

Memory: 4k page, system-wide physical 16275M (4719M free)
TotalPageFile size 16275M (AvailPageFile size 5M)
current process WorkingSet (physical memory assigned to process): 327M, peak: 395M
current process commit charge ("private bytes"): 384M, peak: 445M

vm_info: OpenJDK 64-Bit Server VM (17.0.10+7) for windows-amd64 JRE (17.0.10+7), built on Jan 16 2024 23:25:11 by "admin" with MS VC++ 16.10 / 16.11 (VS2019)

END.
