#
# There is insufficient memory for the Java Runtime Environment to continue.
# Native memory allocation (mmap) failed to map 67108864 bytes for G1 virtual space
# Possible reasons:
#   The system is out of physical RAM or swap space
#   The process is running with CompressedOops enabled, and the Java Heap may be blocking the growth of the native heap
# Possible solutions:
#   Reduce memory load on the system
#   Increase physical memory or swap space
#   Check if swap backing store is full
#   Decrease Java heap size (-Xmx/-Xms)
#   Decrease number of Java threads
#   Decrease Java thread stack sizes (-Xss)
#   Set larger code cache with -XX:ReservedCodeCacheSize=
#   JVM is running with Unscaled Compressed Oops mode in which the Java heap is
#     placed in the first 4GB address space. The Java Heap base address is the
#     maximum limit for the native heap growth. Please use -XX:HeapBaseMinAddress
#     to set the Java Heap base and to place the Java Heap above 4GB virtual address.
# This output file may be truncated or incomplete.
#
#  Out of Memory Error (os_windows.cpp:3550), pid=21084, tid=3092
#
# JRE version:  (17.0.6+9) (build )
# Java VM: Java HotSpot(TM) 64-Bit Server VM (17.0.6+9-LTS-190, mixed mode, sharing, tiered, compressed oops, compressed class ptrs, g1 gc, windows-amd64)
# No core dump will be written. Minidumps are not enabled by default on client versions of Windows
#

---------------  S U M M A R Y ------------

Command Line: -Xmx64m -Xms64m -Dorg.gradle.appname=gradlew org.gradle.wrapper.GradleWrapperMain app:installDebug -PreactNativeDevServerPort=8081

Host: Intel(R) Core(TM) i7-8550U CPU @ 1.80GHz, 8 cores, 15G,  Windows 11 , 64 bit Build 22621 (10.0.22621.3235)
Time: Mon Mar 18 22:21:06 2024 South Africa Standard Time elapsed time: 0.012522 seconds (0d 0h 0m 0s)

---------------  T H R E A D  ---------------

Current thread (0x000001601147e9c0):  JavaThread "Unknown thread" [_thread_in_vm, id=3092, stack(0x0000005049900000,0x0000005049a00000)]

Stack: [0x0000005049900000,0x0000005049a00000]
Native frames: (J=compiled Java code, j=interpreted, Vv=VM code, C=native code)
V  [jvm.dll+0x6734ea]
V  [jvm.dll+0x7d18f4]
V  [jvm.dll+0x7d309e]
V  [jvm.dll+0x7d3703]
V  [jvm.dll+0x2433c5]
V  [jvm.dll+0x6703f9]
V  [jvm.dll+0x664d32]
V  [jvm.dll+0x300086]
V  [jvm.dll+0x307606]
V  [jvm.dll+0x356c1e]
V  [jvm.dll+0x356e4f]
V  [jvm.dll+0x2d72e8]
V  [jvm.dll+0x2d8254]
V  [jvm.dll+0x7a33b1]
V  [jvm.dll+0x3647f1]
V  [jvm.dll+0x782839]
V  [jvm.dll+0x3e757f]
V  [jvm.dll+0x3e9001]
C  [jli.dll+0x5297]
C  [ucrtbase.dll+0x29363]
C  [KERNEL32.DLL+0x1257d]
C  [ntdll.dll+0x5aa58]


---------------  P R O C E S S  ---------------

Threads class SMR info:
_java_thread_list=0x00007ffc2b72e958, length=0, elements={
}

Java Threads: ( => current thread )

Other Threads:
  0x000001601149afb0 GCTaskThread "GC Thread#0" [stack: 0x0000005049b00000,0x0000005049c00000] [id=23188]
  0x000001601149c6f0 ConcurrentGCThread "G1 Main Marker" [stack: 0x0000005049c00000,0x0000005049d00000] [id=19480]
  0x00000160114a0710 ConcurrentGCThread "G1 Conc#0" [stack: 0x0000005049d00000,0x0000005049e00000] [id=14884]

[error occurred during error reporting (printing all threads), id 0xc0000005, EXCEPTION_ACCESS_VIOLATION (0xc0000005) at pc=0x00007ffc2af67f07]

VM state: not at safepoint (not fully initialized)

VM Mutex/Monitor currently owned by a thread:  ([mutex/lock_event])
[0x0000016011478d60] Heap_lock - owner thread: 0x000001601147e9c0

Heap address: 0x00000000fc000000, size: 64 MB, Compressed Oops mode: 32-bit

CDS archive(s) mapped at: [0x0000000000000000-0x0000000000000000-0x0000000000000000), size 0, SharedBaseAddress: 0x0000000800000000, ArchiveRelocationMode: 0.
Narrow klass base: 0x0000000000000000, Narrow klass shift: 0, Narrow klass range: 0x0

GC Precious Log:
<Empty>

Heap:
 garbage-first heap   total 0K, used 0K [0x00000000fc000000, 0x0000000100000000)
  region size 1024K, 0 young (0K), 0 survivors (0K)

[error occurred during error reporting (printing heap information), id 0xc0000005, EXCEPTION_ACCESS_VIOLATION (0xc0000005) at pc=0x00007ffc2b34c759]

GC Heap History (0 events):
No events

Deoptimization events (0 events):
No events

Classes unloaded (0 events):
No events

Classes redefined (0 events):
No events

Internal exceptions (0 events):
No events

VM Operations (0 events):
No events

Events (1 events):
Event: 0.007 Loaded shared library C:\Program Files\Java\jdk-17\bin\java.dll


Dynamic libraries:
0x00007ff68c4b0000 - 0x00007ff68c4c0000 	C:\Program Files\Java\jdk-17\bin\java.exe
0x00007ffc9abb0000 - 0x00007ffc9adc6000 	C:\WINDOWS\SYSTEM32\ntdll.dll
0x00007ffc9a000000 - 0x00007ffc9a0c4000 	C:\WINDOWS\System32\KERNEL32.DLL
0x00007ffc983b0000 - 0x00007ffc98756000 	C:\WINDOWS\System32\KERNELBASE.dll
0x00007ffc98260000 - 0x00007ffc98371000 	C:\WINDOWS\System32\ucrtbase.dll
0x00007ffc90b90000 - 0x00007ffc90ba8000 	C:\Program Files\Java\jdk-17\bin\jli.dll
0x00007ffc98ef0000 - 0x00007ffc98fa2000 	C:\WINDOWS\System32\ADVAPI32.dll
0x00007ffc9a7f0000 - 0x00007ffc9a897000 	C:\WINDOWS\System32\msvcrt.dll
0x00007ffc988d0000 - 0x00007ffc98978000 	C:\WINDOWS\System32\sechost.dll
0x00007ffc98110000 - 0x00007ffc98138000 	C:\WINDOWS\System32\bcrypt.dll
0x00007ffc9a0d0000 - 0x00007ffc9a1e5000 	C:\WINDOWS\System32\RPCRT4.dll
0x00007ffc99a10000 - 0x00007ffc99bbd000 	C:\WINDOWS\System32\USER32.dll
0x00007ffc98380000 - 0x00007ffc983a6000 	C:\WINDOWS\System32\win32u.dll
0x00007ffc998e0000 - 0x00007ffc99909000 	C:\WINDOWS\System32\GDI32.dll
0x00007ffc97ff0000 - 0x00007ffc98108000 	C:\WINDOWS\System32\gdi32full.dll
0x00007ffc98140000 - 0x00007ffc981da000 	C:\WINDOWS\System32\msvcp_win.dll
0x00007ffc90b70000 - 0x00007ffc90b8b000 	C:\Program Files\Java\jdk-17\bin\VCRUNTIME140.dll
0x00007ffc72f30000 - 0x00007ffc731c3000 	C:\WINDOWS\WinSxS\amd64_microsoft.windows.common-controls_6595b64144ccf1df_6.0.22621.3235_none_270f74e173860f98\COMCTL32.dll
0x00007ffc8a140000 - 0x00007ffc8a14a000 	C:\WINDOWS\SYSTEM32\VERSION.dll
0x00007ffc9a1f0000 - 0x00007ffc9a221000 	C:\WINDOWS\System32\IMM32.DLL
0x00007ffc7fd40000 - 0x00007ffc7fea4000 	C:\Program Files (x86)\Citrix\ICA Client\ctxapclient64.dll
0x00007ffc9a460000 - 0x00007ffc9a7e8000 	C:\WINDOWS\System32\combase.dll
0x00007ffc96fd0000 - 0x00007ffc97004000 	C:\WINDOWS\SYSTEM32\ntmarta.dll
0x00007ffc981e0000 - 0x00007ffc9825a000 	C:\WINDOWS\System32\bcryptprimitives.dll
0x00007ffc96fb0000 - 0x00007ffc96fc8000 	C:\WINDOWS\SYSTEM32\kernel.appcore.dll
0x00007ffc90b60000 - 0x00007ffc90b6c000 	C:\Program Files\Java\jdk-17\bin\vcruntime140_1.dll
0x00007ffc79990000 - 0x00007ffc79a1e000 	C:\Program Files\Java\jdk-17\bin\msvcp140.dll
0x00007ffc2ac80000 - 0x00007ffc2b857000 	C:\Program Files\Java\jdk-17\bin\server\jvm.dll
0x00007ffc99810000 - 0x00007ffc99818000 	C:\WINDOWS\System32\PSAPI.DLL
0x00007ffc70f70000 - 0x00007ffc70f79000 	C:\WINDOWS\SYSTEM32\WSOCK32.dll
0x0000016010ba0000 - 0x0000016010c11000 	C:\WINDOWS\System32\WS2_32.dll
0x00007ffc8eb30000 - 0x00007ffc8eb64000 	C:\WINDOWS\SYSTEM32\WINMM.dll
0x00007ffc90b50000 - 0x00007ffc90b5a000 	C:\Program Files\Java\jdk-17\bin\jimage.dll
0x00007ffc94960000 - 0x00007ffc94b93000 	C:\WINDOWS\SYSTEM32\DBGHELP.DLL
0x00007ffc9a350000 - 0x00007ffc9a427000 	C:\WINDOWS\System32\OLEAUT32.dll
0x00007ffc79be0000 - 0x00007ffc79c12000 	C:\WINDOWS\SYSTEM32\dbgcore.DLL
0x00007ffc79960000 - 0x00007ffc79985000 	C:\Program Files\Java\jdk-17\bin\java.dll

dbghelp: loaded successfully - version: 4.0.5 - missing functions: none
symbol engine: initialized successfully - sym options: 0x614 - pdb path: .;C:\Program Files\Java\jdk-17\bin;C:\WINDOWS\SYSTEM32;C:\WINDOWS\WinSxS\amd64_microsoft.windows.common-controls_6595b64144ccf1df_6.0.22621.3235_none_270f74e173860f98;C:\Program Files (x86)\Citrix\ICA Client;C:\Program Files\Java\jdk-17\bin\server

VM Arguments:
jvm_args: -Xmx64m -Xms64m -Dorg.gradle.appname=gradlew 
java_command: org.gradle.wrapper.GradleWrapperMain app:installDebug -PreactNativeDevServerPort=8081
java_class_path (initial): C:\Users\Anoe\Videos\softworks\android\\gradle\wrapper\gradle-wrapper.jar
Launcher Type: SUN_STANDARD

[Global flags]
     intx CICompilerCount                          = 4                                         {product} {ergonomic}
     uint ConcGCThreads                            = 2                                         {product} {ergonomic}
     uint G1ConcRefinementThreads                  = 8                                         {product} {ergonomic}
   size_t G1HeapRegionSize                         = 1048576                                   {product} {ergonomic}
    uintx GCDrainStackTargetSize                   = 64                                        {product} {ergonomic}
   size_t InitialHeapSize                          = 67108864                                  {product} {command line}
   size_t MarkStackSize                            = 4194304                                   {product} {ergonomic}
   size_t MaxHeapSize                              = 67108864                                  {product} {command line}
   size_t MinHeapDeltaBytes                        = 1048576                                   {product} {ergonomic}
   size_t MinHeapSize                              = 67108864                                  {product} {command line}
    uintx NonNMethodCodeHeapSize                   = 5839372                                {pd product} {ergonomic}
    uintx NonProfiledCodeHeapSize                  = 122909434                              {pd product} {ergonomic}
    uintx ProfiledCodeHeapSize                     = 122909434                              {pd product} {ergonomic}
    uintx ReservedCodeCacheSize                    = 251658240                              {pd product} {ergonomic}
     bool SegmentedCodeCache                       = true                                      {product} {ergonomic}
   size_t SoftMaxHeapSize                          = 67108864                               {manageable} {ergonomic}
     bool UseCompressedClassPointers               = true                           {product lp64_product} {ergonomic}
     bool UseCompressedOops                        = true                           {product lp64_product} {ergonomic}
     bool UseG1GC                                  = true                                      {product} {ergonomic}
     bool UseLargePagesIndividualAllocation        = false                                  {pd product} {ergonomic}

Logging:
Log output configuration:
 #0: stdout all=warning uptime,level,tags
 #1: stderr all=off uptime,level,tags

Environment Variables:
JAVA_HOME=C:\Program Files\Java\jdk-17
CLASSPATH=C:\Users\Anoe\Videos\softworks\android\\gradle\wrapper\gradle-wrapper.jar
PATH=C:\Users\Anoe\Videos\softworks\node_modules\.bin;C:\Users\Anoe\Videos\softworks\node_modules\.bin;C:\Users\Anoe\Videos\node_modules\.bin;C:\Users\Anoe\node_modules\.bin;C:\Users\node_modules\.bin;C:\node_modules\.bin;C:\Users\Anoe\AppData\Roaming\npm\node_modules\npm\node_modules\@npmcli\run-script\lib\node-gyp-bin;C:\Users\Anoe\Videos\softworks\node_modules\.bin;C:\Users\Anoe\Videos\node_modules\.bin;C:\Users\Anoe\node_modules\.bin;C:\Users\node_modules\.bin;C:\node_modules\.bin;C:\Users\Anoe\AppData\Roaming\npm\node_modules\npm\node_modules\@npmcli\run-script\lib\node-gyp-bin;C:\Python311\Scripts\;C:\Python311\;C:\Program Files\Common Files\Oracle\Java\javapath;C:\WINDOWS\system32;C:\WINDOWS;C:\WINDOWS\System32\Wbem;C:\WINDOWS\System32\WindowsPowerShell\v1.0\;C:\WINDOWS\System32\OpenSSH\;C:\Users\Anoe\AppData\Roaming\nvm;C:\Program Files\nodejs;C:\Program Files\Docker\Docker\resources\bin;C:\Program Files\nodejs\;C:\ProgramData\chocolatey\bin;C:\flutter\bin;C:\Program Files\Git\cmd;C:\Program Files\Git\mingw64\bin;C:\Program Files\Git\usr\bin;C:\Program Files (x86)\Microsoft SQL Server\160\Tools\Binn\;C:\Program Files\Microsoft SQL Server\160\Tools\Binn\;C:\Program Files\Microsoft SQL Server\Client SDK\ODBC\170\Tools\Binn\;C:\Program Files\Microsoft SQL Server\160\DTS\Binn\;C:\Program Files (x86)\Microsoft SQL Server\160\DTS\Binn\;C:\Program Files\Azure Data Studio\bin;C:\Program Files\Microsoft SQL Server\130\Tools\Binn\;C:\Program Files\Microsoft SQL Server\150\Tools\Binn\;C:\Program Files\Seq\;C:\Program Files\Seq\Client\;C:\Program Files\dotnet\;C:\Program Files\MySQL\MySQL Shell 8.0\bin\;C:\Users\Anoe\AppData\Local\Programs\Python\Python37\Scripts\;C:\Users\Anoe\AppData\Local\Programs\Python\Python37\;C:\Users\Anoe\AppData\Local\Microsoft\WindowsApps;C:\Users\Anoe\AppData\Roaming\nvm;C:\Program Files\nodejs;C:\Users\Anoe\AppData\Local\Programs\Microsoft VS Code Insiders\bin;C:\Program Files\JetBrains\IntelliJ IDEA 2022.3\bin;;C:\Users\Anoe\AppData\Roaming\n
USERNAME=Anoe
LANG=en_US.UTF-8
OS=Windows_NT
PROCESSOR_IDENTIFIER=Intel64 Family 6 Model 142 Stepping 10, GenuineIntel



---------------  S Y S T E M  ---------------

OS:
 Windows 11 , 64 bit Build 22621 (10.0.22621.3235)
OS uptime: 0 days 1:00 hours
Hyper-V role detected

CPU: total 8 (initial active 8) (4 cores per cpu, 2 threads per core) family 6 model 142 stepping 10 microcode 0xf0, cx8, cmov, fxsr, ht, mmx, 3dnowpref, sse, sse2, sse3, ssse3, sse4.1, sse4.2, popcnt, lzcnt, tsc, tscinvbit, avx, avx2, aes, erms, clmul, bmi1, bmi2, adx, fma, vzeroupper, clflush, clflushopt, hv

Memory: 4k page, system-wide physical 16275M (3407M free)
TotalPageFile size 16275M (AvailPageFile size 12M)
current process WorkingSet (physical memory assigned to process): 12M, peak: 12M
current process commit charge ("private bytes"): 60M, peak: 124M

vm_info: Java HotSpot(TM) 64-Bit Server VM (17.0.6+9-LTS-190) for windows-amd64 JRE (17.0.6+9-LTS-190), built on Dec  6 2022 15:53:54 by "mach5one" with MS VC++ 17.1 (VS2022)

END.
