#
# There is insufficient memory for the Java Runtime Environment to continue.
# Native memory allocation (mmap) failed to map 67108864 bytes for G1 virtual space
# Possible reasons:
#   The system is out of physical RAM or swap space
#   The process is running with CompressedOops enabled, and the Java Heap may be blocking the growth of the native heap
# Possible solutions:
#   Reduce memory load on the system
#   Increase physical memory or swap space
#   Check if swap backing store is full
#   Decrease Java heap size (-Xmx/-Xms)
#   Decrease number of Java threads
#   Decrease Java thread stack sizes (-Xss)
#   Set larger code cache with -XX:ReservedCodeCacheSize=
#   JVM is running with Unscaled Compressed Oops mode in which the Java heap is
#     placed in the first 4GB address space. The Java Heap base address is the
#     maximum limit for the native heap growth. Please use -XX:HeapBaseMinAddress
#     to set the Java Heap base and to place the Java Heap above 4GB virtual address.
# This output file may be truncated or incomplete.
#
#  Out of Memory Error (os_windows.cpp:3550), pid=25004, tid=2576
#
# JRE version:  (17.0.6+9) (build )
# Java VM: Java HotSpot(TM) 64-Bit Server VM (17.0.6+9-LTS-190, mixed mode, sharing, tiered, compressed oops, compressed class ptrs, g1 gc, windows-amd64)
# No core dump will be written. Minidumps are not enabled by default on client versions of Windows
#

---------------  S U M M A R Y ------------

Command Line: -Xmx64m -Xms64m -Dorg.gradle.appname=gradlew org.gradle.wrapper.GradleWrapperMain app:installDebug -PreactNativeDevServerPort=8081

Host: Intel(R) Core(TM) i7-8550U CPU @ 1.80GHz, 8 cores, 15G,  Windows 11 , 64 bit Build 22621 (10.0.22621.3235)
Time: Tue Mar 19 08:06:58 2024 South Africa Standard Time elapsed time: 0.022802 seconds (0d 0h 0m 0s)

---------------  T H R E A D  ---------------

Current thread (0x000001f49b1a6370):  JavaThread "Unknown thread" [_thread_in_vm, id=2576, stack(0x0000009935d00000,0x0000009935e00000)]

Stack: [0x0000009935d00000,0x0000009935e00000]
Native frames: (J=compiled Java code, j=interpreted, Vv=VM code, C=native code)
V  [jvm.dll+0x6734ea]
V  [jvm.dll+0x7d18f4]
V  [jvm.dll+0x7d309e]
V  [jvm.dll+0x7d3703]
V  [jvm.dll+0x2433c5]
V  [jvm.dll+0x6703f9]
V  [jvm.dll+0x664d32]
V  [jvm.dll+0x300086]
V  [jvm.dll+0x307606]
V  [jvm.dll+0x356c1e]
V  [jvm.dll+0x356e4f]
V  [jvm.dll+0x2d72e8]
V  [jvm.dll+0x2d8254]
V  [jvm.dll+0x7a33b1]
V  [jvm.dll+0x3647f1]
V  [jvm.dll+0x782839]
V  [jvm.dll+0x3e757f]
V  [jvm.dll+0x3e9001]
C  [jli.dll+0x5297]
C  [ucrtbase.dll+0x29363]
C  [KERNEL32.DLL+0x1257d]
C  [ntdll.dll+0x5aa58]


---------------  P R O C E S S  ---------------

Threads class SMR info:
_java_thread_list=0x00007ff8202ee958, length=0, elements={
}

Java Threads: ( => current thread )

Other Threads:
  0x000001f49b1c1d60 GCTaskThread "GC Thread#0" [stack: 0x0000009935f00000,0x0000009936000000] [id=23680]
  0x000001f49b1c33b0 ConcurrentGCThread "G1 Main Marker" [stack: 0x0000009936000000,0x0000009936100000] [id=10304]
  0x000001f49b1c8690 ConcurrentGCThread "G1 Conc#0" [stack: 0x0000009936100000,0x0000009936200000] [id=25376]

[error occurred during error reporting (printing all threads), id 0xc0000005, EXCEPTION_ACCESS_VIOLATION (0xc0000005) at pc=0x00007ff81fb27f07]

VM state: not at safepoint (not fully initialized)

VM Mutex/Monitor currently owned by a thread:  ([mutex/lock_event])
[0x000001f498f4b7a0] Heap_lock - owner thread: 0x000001f49b1a6370

Heap address: 0x00000000fc000000, size: 64 MB, Compressed Oops mode: 32-bit

CDS archive(s) mapped at: [0x0000000000000000-0x0000000000000000-0x0000000000000000), size 0, SharedBaseAddress: 0x0000000800000000, ArchiveRelocationMode: 0.
Narrow klass base: 0x0000000000000000, Narrow klass shift: 0, Narrow klass range: 0x0

GC Precious Log:
<Empty>

Heap:
 garbage-first heap   total 0K, used 0K [0x00000000fc000000, 0x0000000100000000)
  region size 1024K, 0 young (0K), 0 survivors (0K)

[error occurred during error reporting (printing heap information), id 0xc0000005, EXCEPTION_ACCESS_VIOLATION (0xc0000005) at pc=0x00007ff81ff0c759]

GC Heap History (0 events):
No events

Deoptimization events (0 events):
No events

Classes unloaded (0 events):
No events

Classes redefined (0 events):
No events

Internal exceptions (0 events):
No events

VM Operations (0 events):
No events

Events (1 events):
Event: 0.012 Loaded shared library C:\Program Files\Java\jdk-17\bin\java.dll


Dynamic libraries:
0x00007ff609720000 - 0x00007ff609730000 	C:\Program Files\Java\jdk-17\bin\java.exe
0x00007ff88fdf0000 - 0x00007ff890006000 	C:\WINDOWS\SYSTEM32\ntdll.dll
0x00007ff88ef90000 - 0x00007ff88f054000 	C:\WINDOWS\System32\KERNEL32.DLL
0x00007ff88d220000 - 0x00007ff88d5c6000 	C:\WINDOWS\System32\KERNELBASE.dll
0x00007ff88d630000 - 0x00007ff88d741000 	C:\WINDOWS\System32\ucrtbase.dll
0x00007ff86e3b0000 - 0x00007ff86e3c8000 	C:\Program Files\Java\jdk-17\bin\jli.dll
0x00007ff88e0a0000 - 0x00007ff88e152000 	C:\WINDOWS\System32\ADVAPI32.dll
0x00007ff88ec70000 - 0x00007ff88ed17000 	C:\WINDOWS\System32\msvcrt.dll
0x00007ff88e240000 - 0x00007ff88e2e8000 	C:\WINDOWS\System32\sechost.dll
0x00007ff88d600000 - 0x00007ff88d628000 	C:\WINDOWS\System32\bcrypt.dll
0x00007ff88e2f0000 - 0x00007ff88e405000 	C:\WINDOWS\System32\RPCRT4.dll
0x00007ff88ed80000 - 0x00007ff88ef2d000 	C:\WINDOWS\System32\USER32.dll
0x00007ff88d5d0000 - 0x00007ff88d5f6000 	C:\WINDOWS\System32\win32u.dll
0x00007ff88ef60000 - 0x00007ff88ef89000 	C:\WINDOWS\System32\GDI32.dll
0x00007ff88d8c0000 - 0x00007ff88d9d8000 	C:\WINDOWS\System32\gdi32full.dll
0x00007ff88d180000 - 0x00007ff88d21a000 	C:\WINDOWS\System32\msvcp_win.dll
0x00007ff851ec0000 - 0x00007ff851edb000 	C:\Program Files\Java\jdk-17\bin\VCRUNTIME140.dll
0x00007ff8701c0000 - 0x00007ff870453000 	C:\WINDOWS\WinSxS\amd64_microsoft.windows.common-controls_6595b64144ccf1df_6.0.22621.3235_none_270f74e173860f98\COMCTL32.dll
0x00007ff883a50000 - 0x00007ff883a5a000 	C:\WINDOWS\SYSTEM32\VERSION.dll
0x00007ff88db70000 - 0x00007ff88dba1000 	C:\WINDOWS\System32\IMM32.DLL
0x00007ff8681b0000 - 0x00007ff868314000 	C:\Program Files (x86)\Citrix\ICA Client\ctxapclient64.dll
0x00007ff88dbc0000 - 0x00007ff88df48000 	C:\WINDOWS\System32\combase.dll
0x00007ff88c210000 - 0x00007ff88c244000 	C:\WINDOWS\SYSTEM32\ntmarta.dll
0x00007ff88d100000 - 0x00007ff88d17a000 	C:\WINDOWS\System32\bcryptprimitives.dll
0x00007ff88c1f0000 - 0x00007ff88c208000 	C:\WINDOWS\SYSTEM32\kernel.appcore.dll
0x00007ff8857d0000 - 0x00007ff8857dc000 	C:\Program Files\Java\jdk-17\bin\vcruntime140_1.dll
0x00007ff850b10000 - 0x00007ff850b9e000 	C:\Program Files\Java\jdk-17\bin\msvcp140.dll
0x00007ff81f840000 - 0x00007ff820417000 	C:\Program Files\Java\jdk-17\bin\server\jvm.dll
0x00007ff88e980000 - 0x00007ff88e988000 	C:\WINDOWS\System32\PSAPI.DLL
0x00007ff860c90000 - 0x00007ff860c99000 	C:\WINDOWS\SYSTEM32\WSOCK32.dll
0x000001f49a8c0000 - 0x000001f49a931000 	C:\WINDOWS\System32\WS2_32.dll
0x00007ff883b80000 - 0x00007ff883bb4000 	C:\WINDOWS\SYSTEM32\WINMM.dll
0x00007ff875a40000 - 0x00007ff875a4a000 	C:\Program Files\Java\jdk-17\bin\jimage.dll
0x00007ff8886d0000 - 0x00007ff888903000 	C:\WINDOWS\SYSTEM32\DBGHELP.DLL
0x00007ff88e160000 - 0x00007ff88e237000 	C:\WINDOWS\System32\OLEAUT32.dll
0x00007ff86d4f0000 - 0x00007ff86d522000 	C:\WINDOWS\SYSTEM32\dbgcore.DLL
0x00007ff8514f0000 - 0x00007ff851515000 	C:\Program Files\Java\jdk-17\bin\java.dll

dbghelp: loaded successfully - version: 4.0.5 - missing functions: none
symbol engine: initialized successfully - sym options: 0x614 - pdb path: .;C:\Program Files\Java\jdk-17\bin;C:\WINDOWS\SYSTEM32;C:\WINDOWS\WinSxS\amd64_microsoft.windows.common-controls_6595b64144ccf1df_6.0.22621.3235_none_270f74e173860f98;C:\Program Files (x86)\Citrix\ICA Client;C:\Program Files\Java\jdk-17\bin\server

VM Arguments:
jvm_args: -Xmx64m -Xms64m -Dorg.gradle.appname=gradlew 
java_command: org.gradle.wrapper.GradleWrapperMain app:installDebug -PreactNativeDevServerPort=8081
java_class_path (initial): C:\Users\Anoe\Videos\softworks\android\\gradle\wrapper\gradle-wrapper.jar
Launcher Type: SUN_STANDARD

[Global flags]
     intx CICompilerCount                          = 4                                         {product} {ergonomic}
     uint ConcGCThreads                            = 2                                         {product} {ergonomic}
     uint G1ConcRefinementThreads                  = 8                                         {product} {ergonomic}
   size_t G1HeapRegionSize                         = 1048576                                   {product} {ergonomic}
    uintx GCDrainStackTargetSize                   = 64                                        {product} {ergonomic}
   size_t InitialHeapSize                          = 67108864                                  {product} {command line}
   size_t MarkStackSize                            = 4194304                                   {product} {ergonomic}
   size_t MaxHeapSize                              = 67108864                                  {product} {command line}
   size_t MinHeapDeltaBytes                        = 1048576                                   {product} {ergonomic}
   size_t MinHeapSize                              = 67108864                                  {product} {command line}
    uintx NonNMethodCodeHeapSize                   = 5839372                                {pd product} {ergonomic}
    uintx NonProfiledCodeHeapSize                  = 122909434                              {pd product} {ergonomic}
    uintx ProfiledCodeHeapSize                     = 122909434                              {pd product} {ergonomic}
    uintx ReservedCodeCacheSize                    = 251658240                              {pd product} {ergonomic}
     bool SegmentedCodeCache                       = true                                      {product} {ergonomic}
   size_t SoftMaxHeapSize                          = 67108864                               {manageable} {ergonomic}
     bool UseCompressedClassPointers               = true                           {product lp64_product} {ergonomic}
     bool UseCompressedOops                        = true                           {product lp64_product} {ergonomic}
     bool UseG1GC                                  = true                                      {product} {ergonomic}
     bool UseLargePagesIndividualAllocation        = false                                  {pd product} {ergonomic}

Logging:
Log output configuration:
 #0: stdout all=warning uptime,level,tags
 #1: stderr all=off uptime,level,tags

Environment Variables:
JAVA_HOME=C:\Program Files\Java\jdk-17
CLASSPATH=C:\Users\Anoe\Videos\softworks\android\\gradle\wrapper\gradle-wrapper.jar
PATH=C:\Users\Anoe\Videos\softworks\node_modules\.bin;C:\Users\Anoe\Videos\softworks\node_modules\.bin;C:\Users\Anoe\Videos\node_modules\.bin;C:\Users\Anoe\node_modules\.bin;C:\Users\node_modules\.bin;C:\node_modules\.bin;C:\Users\Anoe\AppData\Roaming\npm\node_modules\npm\node_modules\@npmcli\run-script\lib\node-gyp-bin;C:\Users\Anoe\Videos\softworks\node_modules\.bin;C:\Users\Anoe\Videos\node_modules\.bin;C:\Users\Anoe\node_modules\.bin;C:\Users\node_modules\.bin;C:\node_modules\.bin;C:\Users\Anoe\AppData\Roaming\npm\node_modules\npm\node_modules\@npmcli\run-script\lib\node-gyp-bin;C:\Python311\Scripts\;C:\Python311\;C:\Program Files\Common Files\Oracle\Java\javapath;C:\WINDOWS\system32;C:\WINDOWS;C:\WINDOWS\System32\Wbem;C:\WINDOWS\System32\WindowsPowerShell\v1.0\;C:\WINDOWS\System32\OpenSSH\;C:\Users\Anoe\AppData\Roaming\nvm;C:\Program Files\nodejs;C:\Program Files\Docker\Docker\resources\bin;C:\Program Files\nodejs\;C:\ProgramData\chocolatey\bin;C:\flutter\bin;C:\Program Files\Git\cmd;C:\Program Files\Git\mingw64\bin;C:\Program Files\Git\usr\bin;C:\Program Files (x86)\Microsoft SQL Server\160\Tools\Binn\;C:\Program Files\Microsoft SQL Server\160\Tools\Binn\;C:\Program Files\Microsoft SQL Server\Client SDK\ODBC\170\Tools\Binn\;C:\Program Files\Microsoft SQL Server\160\DTS\Binn\;C:\Program Files (x86)\Microsoft SQL Server\160\DTS\Binn\;C:\Program Files\Azure Data Studio\bin;C:\Program Files\Microsoft SQL Server\130\Tools\Binn\;C:\Program Files\Microsoft SQL Server\150\Tools\Binn\;C:\Program Files\Seq\;C:\Program Files\Seq\Client\;C:\Program Files\dotnet\;C:\Program Files\MySQL\MySQL Shell 8.0\bin\;C:\Users\Anoe\AppData\Local\Programs\Python\Python37\Scripts\;C:\Users\Anoe\AppData\Local\Programs\Python\Python37\;C:\Users\Anoe\AppData\Local\Microsoft\WindowsApps;C:\Users\Anoe\AppData\Roaming\nvm;C:\Program Files\nodejs;C:\Users\Anoe\AppData\Local\Programs\Microsoft VS Code Insiders\bin;C:\Program Files\JetBrains\IntelliJ IDEA 2022.3\bin;;C:\Users\Anoe\AppData\Roaming\n
USERNAME=Anoe
LANG=en_US.UTF-8
OS=Windows_NT
PROCESSOR_IDENTIFIER=Intel64 Family 6 Model 142 Stepping 10, GenuineIntel



---------------  S Y S T E M  ---------------

OS:
 Windows 11 , 64 bit Build 22621 (10.0.22621.3235)
OS uptime: 0 days 0:44 hours
Hyper-V role detected

CPU: total 8 (initial active 8) (4 cores per cpu, 2 threads per core) family 6 model 142 stepping 10 microcode 0xf0, cx8, cmov, fxsr, ht, mmx, 3dnowpref, sse, sse2, sse3, ssse3, sse4.1, sse4.2, popcnt, lzcnt, tsc, tscinvbit, avx, avx2, aes, erms, clmul, bmi1, bmi2, adx, fma, vzeroupper, clflush, clflushopt, hv

Memory: 4k page, system-wide physical 16275M (4297M free)
TotalPageFile size 16275M (AvailPageFile size 63M)
current process WorkingSet (physical memory assigned to process): 12M, peak: 12M
current process commit charge ("private bytes"): 60M, peak: 124M

vm_info: Java HotSpot(TM) 64-Bit Server VM (17.0.6+9-LTS-190) for windows-amd64 JRE (17.0.6+9-LTS-190), built on Dec  6 2022 15:53:54 by "mach5one" with MS VC++ 17.1 (VS2022)

END.
